[0.080s] Invoking command in '/home/rafaella/ros2_ws/build/Stage': /usr/bin/cmake --build /home/rafaella/ros2_ws/build/Stage -- -j4 -l4
[0.536s] [ 57%] Built target stage
[0.772s] [ 61%] Built target stagebinary
[0.860s] [ 64%] Built target fasr
[0.880s] [ 67%] Built target sink
[0.923s] [ 71%] Built target source
[1.014s] [ 74%] Built target wander
[1.038s] [ 77%] Built target pioneer_flocking
[1.111s] [ 81%] Built target rasterize
[1.140s] [ 84%] Built target lasernoise
[1.245s] [ 88%] Built target dynamic
[1.255s] [ 93%] Built target fasr2
[1.276s] [ 96%] Built target expand_swarm
[1.318s] [100%] Built target expand_pioneer
[2.090s] Invoked command in '/home/rafaella/ros2_ws/build/Stage' returned '0': /usr/bin/cmake --build /home/rafaella/ros2_ws/build/Stage -- -j4 -l4
[2.132s] Invoking command in '/home/rafaella/ros2_ws/build/Stage': /usr/bin/cmake --install /home/rafaella/ros2_ws/build/Stage
[2.167s] -- Install configuration: "RELEASE"
[2.171s] -- Up-to-date: /home/rafaella/ros2_ws/install/Stage/lib/pkgconfig/stage.pc
[2.171s] -- Up-to-date: /home/rafaella/ros2_ws/install/Stage/lib/cmake/Stage/stage-config.cmake
[2.172s] -- Up-to-date: /home/rafaella/ros2_ws/install/Stage/lib/cmake/Stage/stage-config-version.cmake
[2.172s] -- Up-to-date: /home/rafaella/ros2_ws/install/Stage/bin/stage
[2.175s] -- Up-to-date: /home/rafaella/ros2_ws/install/Stage/lib/libstage.so.4.3.0
[2.175s] -- Up-to-date: /home/rafaella/ros2_ws/install/Stage/lib/libstage.so
[2.175s] -- Up-to-date: /home/rafaella/ros2_ws/install/Stage/include/Stage-4.3/stage.hh
[2.176s] -- Up-to-date: /home/rafaella/ros2_ws/install/Stage/lib/Stage-4.3/fasr.so
[2.176s] -- Up-to-date: /home/rafaella/ros2_ws/install/Stage/lib/Stage-4.3/sink.so
[2.176s] -- Up-to-date: /home/rafaella/ros2_ws/install/Stage/lib/Stage-4.3/source.so
[2.178s] -- Up-to-date: /home/rafaella/ros2_ws/install/Stage/lib/Stage-4.3/wander.so
[2.179s] -- Up-to-date: /home/rafaella/ros2_ws/install/Stage/lib/Stage-4.3/pioneer_flocking.so
[2.180s] -- Up-to-date: /home/rafaella/ros2_ws/install/Stage/lib/Stage-4.3/rasterize.so
[2.182s] -- Up-to-date: /home/rafaella/ros2_ws/install/Stage/lib/Stage-4.3/lasernoise.so
[2.183s] -- Up-to-date: /home/rafaella/ros2_ws/install/Stage/lib/Stage-4.3/dynamic.so
[2.185s] -- Up-to-date: /home/rafaella/ros2_ws/install/Stage/lib/Stage-4.3/fasr2.so
[2.186s] -- Up-to-date: /home/rafaella/ros2_ws/install/Stage/share/stage/assets/blue.png
[2.187s] -- Up-to-date: /home/rafaella/ros2_ws/install/Stage/share/stage/assets/death.png
[2.190s] -- Up-to-date: /home/rafaella/ros2_ws/install/Stage/share/stage/assets/green.png
[2.191s] -- Up-to-date: /home/rafaella/ros2_ws/install/Stage/share/stage/assets/logo.png
[2.194s] -- Up-to-date: /home/rafaella/ros2_ws/install/Stage/share/stage/assets/mains.png
[2.196s] -- Up-to-date: /home/rafaella/ros2_ws/install/Stage/share/stage/assets/mainspower.png
[2.197s] -- Up-to-date: /home/rafaella/ros2_ws/install/Stage/share/stage/assets/question_mark.png
[2.198s] -- Up-to-date: /home/rafaella/ros2_ws/install/Stage/share/stage/assets/red.png
[2.203s] -- Up-to-date: /home/rafaella/ros2_ws/install/Stage/share/stage/assets/stagelogo.png
[2.203s] -- Up-to-date: /home/rafaella/ros2_ws/install/Stage/share/stage/assets/stall-old.png
[2.204s] -- Up-to-date: /home/rafaella/ros2_ws/install/Stage/share/stage/assets/stall.png
[2.204s] -- Up-to-date: /home/rafaella/ros2_ws/install/Stage/share/stage/assets/rgb.txt
[2.204s] -- Up-to-date: /home/rafaella/ros2_ws/install/Stage/share/stage/rgb.txt
[2.204s] -- Up-to-date: /home/rafaella/ros2_ws/install/Stage/share/stage/worlds/amcl-sonar.cfg
[2.205s] -- Up-to-date: /home/rafaella/ros2_ws/install/Stage/share/stage/worlds/autolab.cfg
[2.205s] -- Up-to-date: /home/rafaella/ros2_ws/install/Stage/share/stage/worlds/camera.cfg
[2.209s] -- Up-to-date: /home/rafaella/ros2_ws/install/Stage/share/stage/worlds/everything.cfg
[2.210s] -- Up-to-date: /home/rafaella/ros2_ws/install/Stage/share/stage/worlds/lsp_test.cfg
[2.210s] -- Up-to-date: /home/rafaella/ros2_ws/install/Stage/share/stage/worlds/mbicp.cfg
[2.210s] -- Up-to-date: /home/rafaella/ros2_ws/install/Stage/share/stage/worlds/nd.cfg
[2.211s] -- Up-to-date: /home/rafaella/ros2_ws/install/Stage/share/stage/worlds/roomba.cfg
[2.211s] -- Up-to-date: /home/rafaella/ros2_ws/install/Stage/share/stage/worlds/simple.cfg
[2.211s] -- Up-to-date: /home/rafaella/ros2_ws/install/Stage/share/stage/worlds/test.cfg
[2.211s] -- Up-to-date: /home/rafaella/ros2_ws/install/Stage/share/stage/worlds/uoa_robotics_lab.cfg
[2.212s] -- Up-to-date: /home/rafaella/ros2_ws/install/Stage/share/stage/worlds/vfh.cfg
[2.212s] -- Up-to-date: /home/rafaella/ros2_ws/install/Stage/share/stage/worlds/wavefront-remote.cfg
[2.212s] -- Up-to-date: /home/rafaella/ros2_ws/install/Stage/share/stage/worlds/wavefront.cfg
[2.213s] -- Up-to-date: /home/rafaella/ros2_ws/install/Stage/share/stage/worlds/wifi.cfg
[2.213s] -- Up-to-date: /home/rafaella/ros2_ws/install/Stage/share/stage/worlds/SFU.world
[2.213s] -- Up-to-date: /home/rafaella/ros2_ws/install/Stage/share/stage/worlds/autolab.world
[2.214s] -- Up-to-date: /home/rafaella/ros2_ws/install/Stage/share/stage/worlds/camera.world
[2.214s] -- Up-to-date: /home/rafaella/ros2_ws/install/Stage/share/stage/worlds/circuit.world
[2.214s] -- Up-to-date: /home/rafaella/ros2_ws/install/Stage/share/stage/worlds/everything.world
[2.214s] -- Up-to-date: /home/rafaella/ros2_ws/install/Stage/share/stage/worlds/fasr.world
[2.215s] -- Up-to-date: /home/rafaella/ros2_ws/install/Stage/share/stage/worlds/fasr2.world
[2.215s] -- Up-to-date: /home/rafaella/ros2_ws/install/Stage/share/stage/worlds/fasr_plan.world
[2.218s] -- Up-to-date: /home/rafaella/ros2_ws/install/Stage/share/stage/worlds/large.world
[2.219s] -- Up-to-date: /home/rafaella/ros2_ws/install/Stage/share/stage/worlds/lsp_test.world
[2.219s] -- Up-to-date: /home/rafaella/ros2_ws/install/Stage/share/stage/worlds/mbicp.world
[2.219s] -- Up-to-date: /home/rafaella/ros2_ws/install/Stage/share/stage/worlds/pioneer_flocking.world
[2.219s] -- Up-to-date: /home/rafaella/ros2_ws/install/Stage/share/stage/worlds/pioneer_follow.world
[2.220s] -- Up-to-date: /home/rafaella/ros2_ws/install/Stage/share/stage/worlds/pioneer_walle.world
[2.221s] -- Up-to-date: /home/rafaella/ros2_ws/install/Stage/share/stage/worlds/roomba.world
[2.222s] -- Up-to-date: /home/rafaella/ros2_ws/install/Stage/share/stage/worlds/sensor_noise_demo.world
[2.222s] -- Up-to-date: /home/rafaella/ros2_ws/install/Stage/share/stage/worlds/sensor_noise_module_demo.world
[2.222s] -- Up-to-date: /home/rafaella/ros2_ws/install/Stage/share/stage/worlds/simple.world
[2.222s] -- Up-to-date: /home/rafaella/ros2_ws/install/Stage/share/stage/worlds/uoa_robotics_lab.world
[2.223s] -- Up-to-date: /home/rafaella/ros2_ws/install/Stage/share/stage/worlds/wifi.world
[2.223s] -- Up-to-date: /home/rafaella/ros2_ws/install/Stage/share/stage/worlds/beacons.inc
[2.228s] -- Up-to-date: /home/rafaella/ros2_ws/install/Stage/share/stage/worlds/chatterbox.inc
[2.228s] -- Up-to-date: /home/rafaella/ros2_ws/install/Stage/share/stage/worlds/hokuyo.inc
[2.229s] -- Up-to-date: /home/rafaella/ros2_ws/install/Stage/share/stage/worlds/irobot.inc
[2.229s] -- Up-to-date: /home/rafaella/ros2_ws/install/Stage/share/stage/worlds/map.inc
[2.229s] -- Up-to-date: /home/rafaella/ros2_ws/install/Stage/share/stage/worlds/objects.inc
[2.230s] -- Up-to-date: /home/rafaella/ros2_ws/install/Stage/share/stage/worlds/pantilt.inc
[2.230s] -- Up-to-date: /home/rafaella/ros2_ws/install/Stage/share/stage/worlds/pioneer.inc
[2.230s] -- Up-to-date: /home/rafaella/ros2_ws/install/Stage/share/stage/worlds/sick.inc
[2.230s] -- Up-to-date: /home/rafaella/ros2_ws/install/Stage/share/stage/worlds/ubot.inc
[2.230s] -- Up-to-date: /home/rafaella/ros2_ws/install/Stage/share/stage/worlds/uoa_robotics_lab_models.inc
[2.236s] -- Up-to-date: /home/rafaella/ros2_ws/install/Stage/share/stage/worlds/walle.inc
[2.237s] -- Up-to-date: /home/rafaella/ros2_ws/install/Stage/share/stage/worlds/cfggen.sh
[2.237s] -- Up-to-date: /home/rafaella/ros2_ws/install/Stage/share/stage/worlds/test.sh
[2.237s] -- Up-to-date: /home/rafaella/ros2_ws/install/Stage/share/stage/worlds/worldgen.sh
[2.237s] -- Up-to-date: /home/rafaella/ros2_ws/install/Stage/lib/Stage-4.3/expand_swarm.so
[2.238s] -- Up-to-date: /home/rafaella/ros2_ws/install/Stage/lib/Stage-4.3/expand_pioneer.so
[2.238s] -- Up-to-date: /home/rafaella/ros2_ws/install/Stage/share/stage/worlds/bitmaps/889_05.png
[2.238s] -- Up-to-date: /home/rafaella/ros2_ws/install/Stage/share/stage/worlds/bitmaps/SFU_1200x615.png
[2.238s] -- Up-to-date: /home/rafaella/ros2_ws/install/Stage/share/stage/worlds/bitmaps/SRI-AIC-kwing.png
[2.239s] -- Up-to-date: /home/rafaella/ros2_ws/install/Stage/share/stage/worlds/bitmaps/autolab.png
[2.239s] -- Up-to-date: /home/rafaella/ros2_ws/install/Stage/share/stage/worlds/bitmaps/cave.png
[2.243s] -- Up-to-date: /home/rafaella/ros2_ws/install/Stage/share/stage/worlds/bitmaps/cave_compact.png
[2.243s] -- Up-to-date: /home/rafaella/ros2_ws/install/Stage/share/stage/worlds/bitmaps/cave_filled.png
[2.246s] -- Up-to-date: /home/rafaella/ros2_ws/install/Stage/share/stage/worlds/bitmaps/frieburg.png
[2.246s] -- Up-to-date: /home/rafaella/ros2_ws/install/Stage/share/stage/worlds/bitmaps/ghost.png
[2.247s] -- Up-to-date: /home/rafaella/ros2_ws/install/Stage/share/stage/worlds/bitmaps/hospital.png
[2.248s] -- Up-to-date: /home/rafaella/ros2_ws/install/Stage/share/stage/worlds/bitmaps/hospital_section.png
[2.248s] -- Up-to-date: /home/rafaella/ros2_ws/install/Stage/share/stage/worlds/bitmaps/human_outline.png
[2.249s] -- Up-to-date: /home/rafaella/ros2_ws/install/Stage/share/stage/worlds/bitmaps/mbicp.png
[2.249s] -- Up-to-date: /home/rafaella/ros2_ws/install/Stage/share/stage/worlds/bitmaps/rink.png
[2.249s] -- Up-to-date: /home/rafaella/ros2_ws/install/Stage/share/stage/worlds/bitmaps/sal2.png
[2.250s] -- Up-to-date: /home/rafaella/ros2_ws/install/Stage/share/stage/worlds/bitmaps/simple_rooms.png
[2.250s] -- Up-to-date: /home/rafaella/ros2_ws/install/Stage/share/stage/worlds/bitmaps/space_invader.png
[2.251s] -- Up-to-date: /home/rafaella/ros2_ws/install/Stage/share/stage/worlds/bitmaps/submarine.png
[2.251s] -- Up-to-date: /home/rafaella/ros2_ws/install/Stage/share/stage/worlds/bitmaps/submarine_small.png
[2.252s] -- Up-to-date: /home/rafaella/ros2_ws/install/Stage/share/stage/worlds/bitmaps/table.png
[2.255s] -- Up-to-date: /home/rafaella/ros2_ws/install/Stage/share/stage/worlds/bitmaps/uoa_robotics_lab.png
[2.256s] -- Up-to-date: /home/rafaella/ros2_ws/install/Stage/share/stage/worlds/wifi/commando.world
[2.256s] -- Up-to-date: /home/rafaella/ros2_ws/install/Stage/share/stage/worlds/wifi/hosp_wifi.world
[2.256s] -- Up-to-date: /home/rafaella/ros2_ws/install/Stage/share/stage/worlds/wifi/hosp_wifi_5.world
[2.261s] -- Up-to-date: /home/rafaella/ros2_ws/install/Stage/share/stage/worlds/wifi/wifi.world
[2.262s] -- Up-to-date: /home/rafaella/ros2_ws/install/Stage/share/stage/worlds/wifi/wifi_itu.world
[2.262s] -- Up-to-date: /home/rafaella/ros2_ws/install/Stage/share/stage/worlds/wifi/wifi_logdistance.world
[2.262s] -- Up-to-date: /home/rafaella/ros2_ws/install/Stage/share/stage/worlds/wifi/wifi_ray.world
[2.262s] -- Up-to-date: /home/rafaella/ros2_ws/install/Stage/share/stage/worlds/wifi/wifi_simple.world
[2.263s] -- Up-to-date: /home/rafaella/ros2_ws/install/Stage/share/stage/worlds/wifi/map.inc
[2.263s] Invoked command in '/home/rafaella/ros2_ws/build/Stage' returned '0': /usr/bin/cmake --install /home/rafaella/ros2_ws/build/Stage
