[0.027s] Invoking command in '/home/rafaella/ros2_ws/build/stage_ros2': CMAKE_PREFIX_PATH=/home/rafaella/ros2_ws/install/trab_stage_pkg:/opt/ros/humble:/home/rafaella/ros2_ws/install/stage:${CMAKE_PREFIX_PATH} LD_LIBRARY_PATH=/home/rafaella/ros2_ws/install/stage/lib:${LD_LIBRARY_PATH} PATH=/home/rafaella/ros2_ws/install/stage/bin:${PATH} PKG_CONFIG_PATH=/home/rafaella/ros2_ws/install/stage/lib/x86_64-linux-gnu/pkgconfig:/home/rafaella/ros2_ws/install/stage/lib/pkgconfig ROS_PACKAGE_PATH=/home/rafaella/ros2_ws/install/stage/share /usr/bin/cmake /home/rafaella/ros2_ws/src/stage_ros2 -DAMENT_CMAKE_SYMLINK_INSTALL=1 -DCMAKE_INSTALL_PREFIX=/home/rafaella/ros2_ws/install/stage_ros2
[0.058s] -- Found ament_cmake: 1.3.11 (/opt/ros/humble/share/ament_cmake/cmake)
[0.569s] -- Override CMake install command with custom implementation using symlinks instead of copying resources
[0.607s] -- Found rclcpp: 16.0.12 (/opt/ros/humble/share/rclcpp/cmake)
[0.703s] -- Found rosidl_generator_c: 3.1.6 (/opt/ros/humble/share/rosidl_generator_c/cmake)
[0.713s] -- Found rosidl_adapter: 3.1.6 (/opt/ros/humble/share/rosidl_adapter/cmake)
[0.742s] -- Found rosidl_generator_cpp: 3.1.6 (/opt/ros/humble/share/rosidl_generator_cpp/cmake)
[0.785s] -- Using all available rosidl_typesupport_c: rosidl_typesupport_fastrtps_c;rosidl_typesupport_introspection_c
[0.834s] -- Using all available rosidl_typesupport_cpp: rosidl_typesupport_fastrtps_cpp;rosidl_typesupport_introspection_cpp
[0.921s] -- Found rmw_implementation_cmake: 6.1.2 (/opt/ros/humble/share/rmw_implementation_cmake/cmake)
[0.924s] -- Found rmw_fastrtps_cpp: 6.2.7 (/opt/ros/humble/share/rmw_fastrtps_cpp/cmake)
[1.102s] -- Using RMW implementation 'rmw_fastrtps_cpp' as default
[1.209s] -- Found rclcpp_components: 16.0.12 (/opt/ros/humble/share/rclcpp_components/cmake)
[1.259s] -- Found sensor_msgs: 4.8.0 (/opt/ros/humble/share/sensor_msgs/cmake)
[1.336s] -- Found nav_msgs: 4.8.0 (/opt/ros/humble/share/nav_msgs/cmake)
[1.379s] -- Found tf2_ros: 0.25.12 (/opt/ros/humble/share/tf2_ros/cmake)
[1.530s] -- Found tf2_geometry_msgs: 0.25.12 (/opt/ros/humble/share/tf2_geometry_msgs/cmake)
[1.538s] -- Found eigen3_cmake_module: 0.1.1 (/opt/ros/humble/share/eigen3_cmake_module/cmake)
[1.543s] -- Ensuring Eigen3 include directory is part of orocos-kdl CMake target
[1.548s] -- Found std_srvs: 4.8.0 (/opt/ros/humble/share/std_srvs/cmake)
[1.586s] -- Found ament_lint_auto: 0.12.12 (/opt/ros/humble/share/ament_lint_auto/cmake)
[1.836s] -- Added test 'cppcheck' to perform static code analysis on C / C++ code
[1.838s] -- Configured cppcheck include dirs: /home/rafaella/ros2_ws/src/stage_ros2/./include;$<BUILD_INTERFACE:/home/rafaella/ros2_ws/src/stage_ros2/include>
[1.838s] -- Configured cppcheck exclude dirs and/or files: 
[1.842s] -- Added test 'flake8' to check Python code syntax and style conventions
[1.847s] -- Added test 'lint_cmake' to check CMake code style
[1.850s] -- Added test 'pep257' to check Python code against some of the docstring style conventions in PEP 257
[1.866s] -- Added test 'uncrustify' to check C / C++ code style
[1.866s] -- Configured uncrustify additional arguments: 
[1.869s] -- Added test 'xmllint' to check XML markup files
[1.885s] -- Added test 'clang_format' to check C / C++ code style
[1.888s] -- Added test 'pycodestyle' to check Python code against some of the style conventions in PEP 8
[1.892s] -- Configuring done
[1.958s] -- Generating done
[1.981s] -- Build files have been written to: /home/rafaella/ros2_ws/build/stage_ros2
[2.004s] Invoked command in '/home/rafaella/ros2_ws/build/stage_ros2' returned '0': CMAKE_PREFIX_PATH=/home/rafaella/ros2_ws/install/trab_stage_pkg:/opt/ros/humble:/home/rafaella/ros2_ws/install/stage:${CMAKE_PREFIX_PATH} LD_LIBRARY_PATH=/home/rafaella/ros2_ws/install/stage/lib:${LD_LIBRARY_PATH} PATH=/home/rafaella/ros2_ws/install/stage/bin:${PATH} PKG_CONFIG_PATH=/home/rafaella/ros2_ws/install/stage/lib/x86_64-linux-gnu/pkgconfig:/home/rafaella/ros2_ws/install/stage/lib/pkgconfig ROS_PACKAGE_PATH=/home/rafaella/ros2_ws/install/stage/share /usr/bin/cmake /home/rafaella/ros2_ws/src/stage_ros2 -DAMENT_CMAKE_SYMLINK_INSTALL=1 -DCMAKE_INSTALL_PREFIX=/home/rafaella/ros2_ws/install/stage_ros2
[2.012s] Invoking command in '/home/rafaella/ros2_ws/build/stage_ros2': CMAKE_PREFIX_PATH=/home/rafaella/ros2_ws/install/trab_stage_pkg:/opt/ros/humble:/home/rafaella/ros2_ws/install/stage:${CMAKE_PREFIX_PATH} LD_LIBRARY_PATH=/home/rafaella/ros2_ws/install/stage/lib:${LD_LIBRARY_PATH} PATH=/home/rafaella/ros2_ws/install/stage/bin:${PATH} PKG_CONFIG_PATH=/home/rafaella/ros2_ws/install/stage/lib/x86_64-linux-gnu/pkgconfig:/home/rafaella/ros2_ws/install/stage/lib/pkgconfig ROS_PACKAGE_PATH=/home/rafaella/ros2_ws/install/stage/share /usr/bin/cmake --build /home/rafaella/ros2_ws/build/stage_ros2 -- -j4 -l4
[2.126s] [35m[1mConsolidate compiler generated dependencies of target stage_node[0m
[2.204s] [ 71%] Built target stage_node
[2.229s] [35m[1mConsolidate compiler generated dependencies of target stage_ros2[0m
[2.282s] [100%] Built target stage_ros2
[2.310s] Invoked command in '/home/rafaella/ros2_ws/build/stage_ros2' returned '0': CMAKE_PREFIX_PATH=/home/rafaella/ros2_ws/install/trab_stage_pkg:/opt/ros/humble:/home/rafaella/ros2_ws/install/stage:${CMAKE_PREFIX_PATH} LD_LIBRARY_PATH=/home/rafaella/ros2_ws/install/stage/lib:${LD_LIBRARY_PATH} PATH=/home/rafaella/ros2_ws/install/stage/bin:${PATH} PKG_CONFIG_PATH=/home/rafaella/ros2_ws/install/stage/lib/x86_64-linux-gnu/pkgconfig:/home/rafaella/ros2_ws/install/stage/lib/pkgconfig ROS_PACKAGE_PATH=/home/rafaella/ros2_ws/install/stage/share /usr/bin/cmake --build /home/rafaella/ros2_ws/build/stage_ros2 -- -j4 -l4
[2.336s] Invoking command in '/home/rafaella/ros2_ws/build/stage_ros2': CMAKE_PREFIX_PATH=/home/rafaella/ros2_ws/install/trab_stage_pkg:/opt/ros/humble:/home/rafaella/ros2_ws/install/stage:${CMAKE_PREFIX_PATH} LD_LIBRARY_PATH=/home/rafaella/ros2_ws/install/stage/lib:${LD_LIBRARY_PATH} PATH=/home/rafaella/ros2_ws/install/stage/bin:${PATH} PKG_CONFIG_PATH=/home/rafaella/ros2_ws/install/stage/lib/x86_64-linux-gnu/pkgconfig:/home/rafaella/ros2_ws/install/stage/lib/pkgconfig ROS_PACKAGE_PATH=/home/rafaella/ros2_ws/install/stage/share /usr/bin/cmake --install /home/rafaella/ros2_ws/build/stage_ros2
[2.353s] -- Install configuration: ""
[2.354s] -- Execute custom install script
[2.355s] -- Up-to-date symlink: /home/rafaella/ros2_ws/install/stage_ros2/share/stage_ros2/environment/library_path.sh
[2.355s] -- Up-to-date symlink: /home/rafaella/ros2_ws/install/stage_ros2/share/stage_ros2/environment/library_path.dsv
[2.357s] -- Up-to-date symlink: /home/rafaella/ros2_ws/install/stage_ros2/share/stage_ros2//launch/stage.launch.py
[2.358s] -- Up-to-date symlink: /home/rafaella/ros2_ws/install/stage_ros2/share/stage_ros2//world/bitmaps/new_cave.png
[2.359s] -- Up-to-date symlink: /home/rafaella/ros2_ws/install/stage_ros2/share/stage_ros2//world/include/pioneer2dx.inc
[2.360s] -- Up-to-date symlink: /home/rafaella/ros2_ws/install/stage_ros2/share/stage_ros2//world/include/robots.inc
[2.361s] -- Up-to-date symlink: /home/rafaella/ros2_ws/install/stage_ros2/share/stage_ros2//world/new_cave.world
[2.362s] -- Up-to-date symlink: /home/rafaella/ros2_ws/install/stage_ros2/share/stage_ros2//config/rviz/cave.rviz
[2.362s] -- Up-to-date symlink: /home/rafaella/ros2_ws/install/stage_ros2/share/stage_ros2//config/rviz/cave_seven_robots.rviz
[2.363s] -- Up-to-date symlink: /home/rafaella/ros2_ws/install/stage_ros2/share/stage_ros2//config/rviz/cave_three_robots.rviz
[2.363s] -- Up-to-date symlink: /home/rafaella/ros2_ws/install/stage_ros2/share/stage_ros2//config/rviz/lines.rviz
[2.364s] -- Up-to-date symlink: /home/rafaella/ros2_ws/install/stage_ros2/share/stage_ros2//config/rviz/robot0.rviz
[2.365s] -- Up-to-date symlink: /home/rafaella/ros2_ws/install/stage_ros2/share/stage_ros2//config/rviz/robot_ns.rviz
[2.365s] -- Up-to-date symlink: /home/rafaella/ros2_ws/install/stage_ros2/share/stage_ros2//config/rviz/robot_ns_depth.rviz
[2.365s] -- Up-to-date symlink: /home/rafaella/ros2_ws/install/stage_ros2/share/stage_ros2//config/teleop_twist_joy/f710.config.yaml
[2.366s] -- Up-to-date symlink: /home/rafaella/ros2_ws/install/stage_ros2/lib/libstage_node.so
[2.367s] -- Up-to-date symlink: /home/rafaella/ros2_ws/install/stage_ros2/lib/stage_ros2/stage_ros2
[2.368s] -- Up-to-date symlink: /home/rafaella/ros2_ws/install/stage_ros2/share/ament_index/resource_index/package_run_dependencies/stage_ros2
[2.369s] -- Up-to-date symlink: /home/rafaella/ros2_ws/install/stage_ros2/share/ament_index/resource_index/parent_prefix_path/stage_ros2
[2.369s] -- Up-to-date symlink: /home/rafaella/ros2_ws/install/stage_ros2/share/stage_ros2/environment/ament_prefix_path.sh
[2.370s] -- Up-to-date symlink: /home/rafaella/ros2_ws/install/stage_ros2/share/stage_ros2/environment/ament_prefix_path.dsv
[2.371s] -- Up-to-date symlink: /home/rafaella/ros2_ws/install/stage_ros2/share/stage_ros2/environment/path.sh
[2.371s] -- Up-to-date symlink: /home/rafaella/ros2_ws/install/stage_ros2/share/stage_ros2/environment/path.dsv
[2.372s] -- Up-to-date symlink: /home/rafaella/ros2_ws/install/stage_ros2/share/stage_ros2/local_setup.bash
[2.373s] -- Up-to-date symlink: /home/rafaella/ros2_ws/install/stage_ros2/share/stage_ros2/local_setup.sh
[2.373s] -- Up-to-date symlink: /home/rafaella/ros2_ws/install/stage_ros2/share/stage_ros2/local_setup.zsh
[2.374s] -- Up-to-date symlink: /home/rafaella/ros2_ws/install/stage_ros2/share/stage_ros2/local_setup.dsv
[2.375s] -- Symlinking: /home/rafaella/ros2_ws/install/stage_ros2/share/stage_ros2/package.dsv
[2.396s] -- Up-to-date symlink: /home/rafaella/ros2_ws/install/stage_ros2/share/ament_index/resource_index/packages/stage_ros2
[2.397s] -- Up-to-date symlink: /home/rafaella/ros2_ws/install/stage_ros2/share/stage_ros2/cmake/stage_ros2Config.cmake
[2.397s] -- Up-to-date symlink: /home/rafaella/ros2_ws/install/stage_ros2/share/stage_ros2/cmake/stage_ros2Config-version.cmake
[2.398s] -- Up-to-date symlink: /home/rafaella/ros2_ws/install/stage_ros2/share/stage_ros2/package.xml
[2.402s] Invoked command in '/home/rafaella/ros2_ws/build/stage_ros2' returned '0': CMAKE_PREFIX_PATH=/home/rafaella/ros2_ws/install/trab_stage_pkg:/opt/ros/humble:/home/rafaella/ros2_ws/install/stage:${CMAKE_PREFIX_PATH} LD_LIBRARY_PATH=/home/rafaella/ros2_ws/install/stage/lib:${LD_LIBRARY_PATH} PATH=/home/rafaella/ros2_ws/install/stage/bin:${PATH} PKG_CONFIG_PATH=/home/rafaella/ros2_ws/install/stage/lib/x86_64-linux-gnu/pkgconfig:/home/rafaella/ros2_ws/install/stage/lib/pkgconfig ROS_PACKAGE_PATH=/home/rafaella/ros2_ws/install/stage/share /usr/bin/cmake --install /home/rafaella/ros2_ws/build/stage_ros2
