[0.050s] Invoking command in '/home/rafaella/ros2_ws/build/Stage': /usr/bin/cmake --build /home/rafaella/ros2_ws/build/Stage -- -j4 -l4
[1.372s] [ 57%] Built target stage
[1.373s] [ 61%] Built target fasr
[1.373s] [ 64%] Built target sink
[1.374s] [ 67%] Built target source
[1.374s] [ 71%] Built target stagebinary
[1.375s] [ 74%] Built target pioneer_flocking
[1.375s] [ 77%] Built target rasterize
[1.376s] [ 81%] Built target wander
[1.377s] [ 84%] Built target lasernoise
[1.378s] [ 88%] Built target dynamic
[1.378s] [ 91%] Built target expand_swarm
[1.378s] [ 94%] Built target expand_pioneer
[1.379s] [100%] Built target fasr2
[1.401s] Invoked command in '/home/rafaella/ros2_ws/build/Stage' returned '0': /usr/bin/cmake --build /home/rafaella/ros2_ws/build/Stage -- -j4 -l4
[1.433s] Invoking command in '/home/rafaella/ros2_ws/build/Stage': /usr/bin/cmake --install /home/rafaella/ros2_ws/build/Stage
[1.460s] -- Install configuration: "RELEASE"
[1.461s] -- Up-to-date: /home/rafaella/ros2_ws/install/Stage/lib/pkgconfig/stage.pc
[1.461s] -- Up-to-date: /home/rafaella/ros2_ws/install/Stage/lib/cmake/Stage/stage-config.cmake
[1.461s] -- Up-to-date: /home/rafaella/ros2_ws/install/Stage/lib/cmake/Stage/stage-config-version.cmake
[1.462s] -- Up-to-date: /home/rafaella/ros2_ws/install/Stage/bin/stage
[1.463s] -- Up-to-date: /home/rafaella/ros2_ws/install/Stage/lib/libstage.so.4.3.0
[1.464s] -- Up-to-date: /home/rafaella/ros2_ws/install/Stage/lib/libstage.so
[1.464s] -- Up-to-date: /home/rafaella/ros2_ws/install/Stage/include/Stage-4.3/stage.hh
[1.467s] -- Up-to-date: /home/rafaella/ros2_ws/install/Stage/lib/Stage-4.3/fasr.so
[1.470s] -- Up-to-date: /home/rafaella/ros2_ws/install/Stage/lib/Stage-4.3/sink.so
[1.472s] -- Up-to-date: /home/rafaella/ros2_ws/install/Stage/lib/Stage-4.3/source.so
[1.474s] -- Up-to-date: /home/rafaella/ros2_ws/install/Stage/lib/Stage-4.3/wander.so
[1.475s] -- Up-to-date: /home/rafaella/ros2_ws/install/Stage/lib/Stage-4.3/pioneer_flocking.so
[1.477s] -- Up-to-date: /home/rafaella/ros2_ws/install/Stage/lib/Stage-4.3/rasterize.so
[1.479s] -- Up-to-date: /home/rafaella/ros2_ws/install/Stage/lib/Stage-4.3/lasernoise.so
[1.481s] -- Up-to-date: /home/rafaella/ros2_ws/install/Stage/lib/Stage-4.3/dynamic.so
[1.481s] -- Up-to-date: /home/rafaella/ros2_ws/install/Stage/lib/Stage-4.3/fasr2.so
[1.483s] -- Up-to-date: /home/rafaella/ros2_ws/install/Stage/share/stage/assets/blue.png
[1.483s] -- Up-to-date: /home/rafaella/ros2_ws/install/Stage/share/stage/assets/death.png
[1.484s] -- Up-to-date: /home/rafaella/ros2_ws/install/Stage/share/stage/assets/green.png
[1.484s] -- Up-to-date: /home/rafaella/ros2_ws/install/Stage/share/stage/assets/logo.png
[1.485s] -- Up-to-date: /home/rafaella/ros2_ws/install/Stage/share/stage/assets/mains.png
[1.487s] -- Up-to-date: /home/rafaella/ros2_ws/install/Stage/share/stage/assets/mainspower.png
[1.489s] -- Up-to-date: /home/rafaella/ros2_ws/install/Stage/share/stage/assets/question_mark.png
[1.491s] -- Up-to-date: /home/rafaella/ros2_ws/install/Stage/share/stage/assets/red.png
[1.491s] -- Up-to-date: /home/rafaella/ros2_ws/install/Stage/share/stage/assets/stagelogo.png
[1.492s] -- Up-to-date: /home/rafaella/ros2_ws/install/Stage/share/stage/assets/stall-old.png
[1.492s] -- Up-to-date: /home/rafaella/ros2_ws/install/Stage/share/stage/assets/stall.png
[1.492s] -- Up-to-date: /home/rafaella/ros2_ws/install/Stage/share/stage/assets/rgb.txt
[1.493s] -- Up-to-date: /home/rafaella/ros2_ws/install/Stage/share/stage/rgb.txt
[1.493s] -- Up-to-date: /home/rafaella/ros2_ws/install/Stage/share/stage/worlds/amcl-sonar.cfg
[1.493s] -- Up-to-date: /home/rafaella/ros2_ws/install/Stage/share/stage/worlds/autolab.cfg
[1.495s] -- Up-to-date: /home/rafaella/ros2_ws/install/Stage/share/stage/worlds/camera.cfg
[1.496s] -- Up-to-date: /home/rafaella/ros2_ws/install/Stage/share/stage/worlds/everything.cfg
[1.496s] -- Up-to-date: /home/rafaella/ros2_ws/install/Stage/share/stage/worlds/lsp_test.cfg
[1.498s] -- Up-to-date: /home/rafaella/ros2_ws/install/Stage/share/stage/worlds/mbicp.cfg
[1.498s] -- Up-to-date: /home/rafaella/ros2_ws/install/Stage/share/stage/worlds/nd.cfg
[1.516s] -- Up-to-date: /home/rafaella/ros2_ws/install/Stage/share/stage/worlds/roomba.cfg
[1.517s] -- Up-to-date: /home/rafaella/ros2_ws/install/Stage/share/stage/worlds/simple.cfg
[1.518s] -- Up-to-date: /home/rafaella/ros2_ws/install/Stage/share/stage/worlds/test.cfg
[1.518s] -- Up-to-date: /home/rafaella/ros2_ws/install/Stage/share/stage/worlds/uoa_robotics_lab.cfg
[1.518s] -- Up-to-date: /home/rafaella/ros2_ws/install/Stage/share/stage/worlds/vfh.cfg
[1.519s] -- Up-to-date: /home/rafaella/ros2_ws/install/Stage/share/stage/worlds/wavefront-remote.cfg
[1.519s] -- Up-to-date: /home/rafaella/ros2_ws/install/Stage/share/stage/worlds/wavefront.cfg
[1.519s] -- Up-to-date: /home/rafaella/ros2_ws/install/Stage/share/stage/worlds/wifi.cfg
[1.519s] -- Up-to-date: /home/rafaella/ros2_ws/install/Stage/share/stage/worlds/SFU.world
[1.520s] -- Up-to-date: /home/rafaella/ros2_ws/install/Stage/share/stage/worlds/autolab.world
[1.520s] -- Up-to-date: /home/rafaella/ros2_ws/install/Stage/share/stage/worlds/camera.world
[1.521s] -- Up-to-date: /home/rafaella/ros2_ws/install/Stage/share/stage/worlds/circuit.world
[1.521s] -- Up-to-date: /home/rafaella/ros2_ws/install/Stage/share/stage/worlds/everything.world
[1.521s] -- Up-to-date: /home/rafaella/ros2_ws/install/Stage/share/stage/worlds/fasr.world
[1.521s] -- Up-to-date: /home/rafaella/ros2_ws/install/Stage/share/stage/worlds/fasr2.world
[1.522s] -- Up-to-date: /home/rafaella/ros2_ws/install/Stage/share/stage/worlds/fasr_plan.world
[1.522s] -- Up-to-date: /home/rafaella/ros2_ws/install/Stage/share/stage/worlds/large.world
[1.522s] -- Up-to-date: /home/rafaella/ros2_ws/install/Stage/share/stage/worlds/lsp_test.world
[1.523s] -- Up-to-date: /home/rafaella/ros2_ws/install/Stage/share/stage/worlds/mbicp.world
[1.523s] -- Up-to-date: /home/rafaella/ros2_ws/install/Stage/share/stage/worlds/pioneer_flocking.world
[1.523s] -- Up-to-date: /home/rafaella/ros2_ws/install/Stage/share/stage/worlds/pioneer_follow.world
[1.523s] -- Up-to-date: /home/rafaella/ros2_ws/install/Stage/share/stage/worlds/pioneer_walle.world
[1.524s] -- Up-to-date: /home/rafaella/ros2_ws/install/Stage/share/stage/worlds/roomba.world
[1.524s] -- Up-to-date: /home/rafaella/ros2_ws/install/Stage/share/stage/worlds/sensor_noise_demo.world
[1.524s] -- Up-to-date: /home/rafaella/ros2_ws/install/Stage/share/stage/worlds/sensor_noise_module_demo.world
[1.524s] -- Up-to-date: /home/rafaella/ros2_ws/install/Stage/share/stage/worlds/simple.world
[1.525s] -- Up-to-date: /home/rafaella/ros2_ws/install/Stage/share/stage/worlds/uoa_robotics_lab.world
[1.525s] -- Up-to-date: /home/rafaella/ros2_ws/install/Stage/share/stage/worlds/wifi.world
[1.536s] -- Up-to-date: /home/rafaella/ros2_ws/install/Stage/share/stage/worlds/beacons.inc
[1.536s] -- Up-to-date: /home/rafaella/ros2_ws/install/Stage/share/stage/worlds/chatterbox.inc
[1.537s] -- Up-to-date: /home/rafaella/ros2_ws/install/Stage/share/stage/worlds/hokuyo.inc
[1.537s] -- Up-to-date: /home/rafaella/ros2_ws/install/Stage/share/stage/worlds/irobot.inc
[1.537s] -- Up-to-date: /home/rafaella/ros2_ws/install/Stage/share/stage/worlds/map.inc
[1.538s] -- Up-to-date: /home/rafaella/ros2_ws/install/Stage/share/stage/worlds/objects.inc
[1.538s] -- Up-to-date: /home/rafaella/ros2_ws/install/Stage/share/stage/worlds/pantilt.inc
[1.538s] -- Up-to-date: /home/rafaella/ros2_ws/install/Stage/share/stage/worlds/pioneer.inc
[1.538s] -- Up-to-date: /home/rafaella/ros2_ws/install/Stage/share/stage/worlds/sick.inc
[1.539s] -- Up-to-date: /home/rafaella/ros2_ws/install/Stage/share/stage/worlds/ubot.inc
[1.539s] -- Up-to-date: /home/rafaella/ros2_ws/install/Stage/share/stage/worlds/uoa_robotics_lab_models.inc
[1.539s] -- Up-to-date: /home/rafaella/ros2_ws/install/Stage/share/stage/worlds/walle.inc
[1.540s] -- Up-to-date: /home/rafaella/ros2_ws/install/Stage/share/stage/worlds/cfggen.sh
[1.540s] -- Up-to-date: /home/rafaella/ros2_ws/install/Stage/share/stage/worlds/test.sh
[1.540s] -- Up-to-date: /home/rafaella/ros2_ws/install/Stage/share/stage/worlds/worldgen.sh
[1.541s] -- Up-to-date: /home/rafaella/ros2_ws/install/Stage/lib/Stage-4.3/expand_swarm.so
[1.541s] -- Up-to-date: /home/rafaella/ros2_ws/install/Stage/lib/Stage-4.3/expand_pioneer.so
[1.541s] -- Up-to-date: /home/rafaella/ros2_ws/install/Stage/share/stage/worlds/bitmaps/889_05.png
[1.542s] -- Up-to-date: /home/rafaella/ros2_ws/install/Stage/share/stage/worlds/bitmaps/SFU_1200x615.png
[1.542s] -- Up-to-date: /home/rafaella/ros2_ws/install/Stage/share/stage/worlds/bitmaps/SRI-AIC-kwing.png
[1.542s] -- Up-to-date: /home/rafaella/ros2_ws/install/Stage/share/stage/worlds/bitmaps/autolab.png
[1.543s] -- Up-to-date: /home/rafaella/ros2_ws/install/Stage/share/stage/worlds/bitmaps/cave.png
[1.543s] -- Up-to-date: /home/rafaella/ros2_ws/install/Stage/share/stage/worlds/bitmaps/cave_compact.png
[1.543s] -- Up-to-date: /home/rafaella/ros2_ws/install/Stage/share/stage/worlds/bitmaps/cave_filled.png
[1.544s] -- Up-to-date: /home/rafaella/ros2_ws/install/Stage/share/stage/worlds/bitmaps/frieburg.png
[1.544s] -- Up-to-date: /home/rafaella/ros2_ws/install/Stage/share/stage/worlds/bitmaps/ghost.png
[1.544s] -- Up-to-date: /home/rafaella/ros2_ws/install/Stage/share/stage/worlds/bitmaps/hospital.png
[1.544s] -- Up-to-date: /home/rafaella/ros2_ws/install/Stage/share/stage/worlds/bitmaps/hospital_section.png
[1.545s] -- Up-to-date: /home/rafaella/ros2_ws/install/Stage/share/stage/worlds/bitmaps/human_outline.png
[1.545s] -- Up-to-date: /home/rafaella/ros2_ws/install/Stage/share/stage/worlds/bitmaps/mbicp.png
[1.558s] -- Up-to-date: /home/rafaella/ros2_ws/install/Stage/share/stage/worlds/bitmaps/rink.png
[1.558s] -- Up-to-date: /home/rafaella/ros2_ws/install/Stage/share/stage/worlds/bitmaps/sal2.png
[1.559s] -- Up-to-date: /home/rafaella/ros2_ws/install/Stage/share/stage/worlds/bitmaps/simple_rooms.png
[1.559s] -- Up-to-date: /home/rafaella/ros2_ws/install/Stage/share/stage/worlds/bitmaps/space_invader.png
[1.559s] -- Up-to-date: /home/rafaella/ros2_ws/install/Stage/share/stage/worlds/bitmaps/submarine.png
[1.559s] -- Up-to-date: /home/rafaella/ros2_ws/install/Stage/share/stage/worlds/bitmaps/submarine_small.png
[1.559s] -- Up-to-date: /home/rafaella/ros2_ws/install/Stage/share/stage/worlds/bitmaps/table.png
[1.560s] -- Up-to-date: /home/rafaella/ros2_ws/install/Stage/share/stage/worlds/bitmaps/uoa_robotics_lab.png
[1.560s] -- Up-to-date: /home/rafaella/ros2_ws/install/Stage/share/stage/worlds/wifi/commando.world
[1.560s] -- Up-to-date: /home/rafaella/ros2_ws/install/Stage/share/stage/worlds/wifi/hosp_wifi.world
[1.560s] -- Up-to-date: /home/rafaella/ros2_ws/install/Stage/share/stage/worlds/wifi/hosp_wifi_5.world
[1.561s] -- Up-to-date: /home/rafaella/ros2_ws/install/Stage/share/stage/worlds/wifi/wifi.world
[1.561s] -- Up-to-date: /home/rafaella/ros2_ws/install/Stage/share/stage/worlds/wifi/wifi_itu.world
[1.561s] -- Up-to-date: /home/rafaella/ros2_ws/install/Stage/share/stage/worlds/wifi/wifi_logdistance.world
[1.562s] -- Up-to-date: /home/rafaella/ros2_ws/install/Stage/share/stage/worlds/wifi/wifi_ray.world
[1.562s] -- Up-to-date: /home/rafaella/ros2_ws/install/Stage/share/stage/worlds/wifi/wifi_simple.world
[1.562s] -- Up-to-date: /home/rafaella/ros2_ws/install/Stage/share/stage/worlds/wifi/map.inc
[1.563s] Invoked command in '/home/rafaella/ros2_ws/build/Stage' returned '0': /usr/bin/cmake --install /home/rafaella/ros2_ws/build/Stage
