[0.046s] Invoking command in '/home/rafaella/ros2_ws/build/stage_ros2': CMAKE_PREFIX_PATH=/home/rafaella/ros2_ws/install/Stage:/home/rafaella/ros2_ws/install/stage_ros2:/home/rafaella/ros2_ws/install/trab_stage_pkg:/opt/ros/humble:/home/rafaella/ros2_ws/install/stage LD_LIBRARY_PATH=/home/rafaella/ros2_ws/install/Stage/lib:/home/rafaella/ros2_ws/install/stage_ros2/lib:/home/rafaella/ros2_ws/install/stage/lib:/opt/ros/humble/lib/x86_64-linux-gnu:/opt/ros/humble/lib PATH=/home/rafaella/ros2_ws/install/Stage/bin:/home/rafaella/ros2_ws/install/stage/bin:/opt/ros/humble/bin:/usr/local/sbin:/usr/local/bin:/usr/sbin:/usr/bin:/sbin:/bin:/usr/games:/usr/local/games:/snap/bin:/snap/bin /usr/bin/cmake --build /home/rafaella/ros2_ws/build/stage_ros2 -- -j4 -l4
[0.314s] [ 71%] Built target stage_node
[0.433s] [100%] Built target stage_ros2
[0.469s] Invoked command in '/home/rafaella/ros2_ws/build/stage_ros2' returned '0': CMAKE_PREFIX_PATH=/home/rafaella/ros2_ws/install/Stage:/home/rafaella/ros2_ws/install/stage_ros2:/home/rafaella/ros2_ws/install/trab_stage_pkg:/opt/ros/humble:/home/rafaella/ros2_ws/install/stage LD_LIBRARY_PATH=/home/rafaella/ros2_ws/install/Stage/lib:/home/rafaella/ros2_ws/install/stage_ros2/lib:/home/rafaella/ros2_ws/install/stage/lib:/opt/ros/humble/lib/x86_64-linux-gnu:/opt/ros/humble/lib PATH=/home/rafaella/ros2_ws/install/Stage/bin:/home/rafaella/ros2_ws/install/stage/bin:/opt/ros/humble/bin:/usr/local/sbin:/usr/local/bin:/usr/sbin:/usr/bin:/sbin:/bin:/usr/games:/usr/local/games:/snap/bin:/snap/bin /usr/bin/cmake --build /home/rafaella/ros2_ws/build/stage_ros2 -- -j4 -l4
[0.475s] Invoking command in '/home/rafaella/ros2_ws/build/stage_ros2': CMAKE_PREFIX_PATH=/home/rafaella/ros2_ws/install/Stage:/home/rafaella/ros2_ws/install/stage_ros2:/home/rafaella/ros2_ws/install/trab_stage_pkg:/opt/ros/humble:/home/rafaella/ros2_ws/install/stage LD_LIBRARY_PATH=/home/rafaella/ros2_ws/install/Stage/lib:/home/rafaella/ros2_ws/install/stage_ros2/lib:/home/rafaella/ros2_ws/install/stage/lib:/opt/ros/humble/lib/x86_64-linux-gnu:/opt/ros/humble/lib PATH=/home/rafaella/ros2_ws/install/Stage/bin:/home/rafaella/ros2_ws/install/stage/bin:/opt/ros/humble/bin:/usr/local/sbin:/usr/local/bin:/usr/sbin:/usr/bin:/sbin:/bin:/usr/games:/usr/local/games:/snap/bin:/snap/bin /usr/bin/cmake --install /home/rafaella/ros2_ws/build/stage_ros2
[0.498s] -- Install configuration: ""
[0.501s] -- Execute custom install script
[0.503s] -- Up-to-date symlink: /home/rafaella/ros2_ws/install/stage_ros2/share/stage_ros2/environment/library_path.sh
[0.504s] -- Up-to-date symlink: /home/rafaella/ros2_ws/install/stage_ros2/share/stage_ros2/environment/library_path.dsv
[0.504s] -- Up-to-date symlink: /home/rafaella/ros2_ws/install/stage_ros2/share/stage_ros2//launch/stage.launch.py
[0.508s] -- Up-to-date symlink: /home/rafaella/ros2_ws/install/stage_ros2/share/stage_ros2//world/bitmaps/new_cave.png
[0.509s] -- Up-to-date symlink: /home/rafaella/ros2_ws/install/stage_ros2/share/stage_ros2//world/include/pioneer2dx.inc
[0.510s] -- Up-to-date symlink: /home/rafaella/ros2_ws/install/stage_ros2/share/stage_ros2//world/include/robots.inc
[0.511s] -- Up-to-date symlink: /home/rafaella/ros2_ws/install/stage_ros2/share/stage_ros2//world/new_cave.world
[0.516s] -- Up-to-date symlink: /home/rafaella/ros2_ws/install/stage_ros2/share/stage_ros2//config/rviz/cave.rviz
[0.516s] -- Up-to-date symlink: /home/rafaella/ros2_ws/install/stage_ros2/share/stage_ros2//config/rviz/cave_seven_robots.rviz
[0.516s] -- Up-to-date symlink: /home/rafaella/ros2_ws/install/stage_ros2/share/stage_ros2//config/rviz/cave_three_robots.rviz
[0.516s] -- Up-to-date symlink: /home/rafaella/ros2_ws/install/stage_ros2/share/stage_ros2//config/rviz/lines.rviz
[0.516s] -- Up-to-date symlink: /home/rafaella/ros2_ws/install/stage_ros2/share/stage_ros2//config/rviz/robot0.rviz
[0.517s] -- Up-to-date symlink: /home/rafaella/ros2_ws/install/stage_ros2/share/stage_ros2//config/rviz/robot_ns.rviz
[0.521s] -- Up-to-date symlink: /home/rafaella/ros2_ws/install/stage_ros2/share/stage_ros2//config/rviz/robot_ns_depth.rviz
[0.522s] -- Up-to-date symlink: /home/rafaella/ros2_ws/install/stage_ros2/share/stage_ros2//config/teleop_twist_joy/f710.config.yaml
[0.522s] -- Up-to-date symlink: /home/rafaella/ros2_ws/install/stage_ros2/lib/libstage_node.so
[0.522s] -- Up-to-date symlink: /home/rafaella/ros2_ws/install/stage_ros2/lib/stage_ros2/stage_ros2
[0.525s] -- Up-to-date symlink: /home/rafaella/ros2_ws/install/stage_ros2/share/ament_index/resource_index/package_run_dependencies/stage_ros2
[0.525s] -- Up-to-date symlink: /home/rafaella/ros2_ws/install/stage_ros2/share/ament_index/resource_index/parent_prefix_path/stage_ros2
[0.525s] -- Up-to-date symlink: /home/rafaella/ros2_ws/install/stage_ros2/share/stage_ros2/environment/ament_prefix_path.sh
[0.525s] -- Up-to-date symlink: /home/rafaella/ros2_ws/install/stage_ros2/share/stage_ros2/environment/ament_prefix_path.dsv
[0.527s] -- Up-to-date symlink: /home/rafaella/ros2_ws/install/stage_ros2/share/stage_ros2/environment/path.sh
[0.529s] -- Up-to-date symlink: /home/rafaella/ros2_ws/install/stage_ros2/share/stage_ros2/environment/path.dsv
[0.530s] -- Up-to-date symlink: /home/rafaella/ros2_ws/install/stage_ros2/share/stage_ros2/local_setup.bash
[0.530s] -- Up-to-date symlink: /home/rafaella/ros2_ws/install/stage_ros2/share/stage_ros2/local_setup.sh
[0.532s] -- Up-to-date symlink: /home/rafaella/ros2_ws/install/stage_ros2/share/stage_ros2/local_setup.zsh
[0.532s] -- Up-to-date symlink: /home/rafaella/ros2_ws/install/stage_ros2/share/stage_ros2/local_setup.dsv
[0.532s] -- Symlinking: /home/rafaella/ros2_ws/install/stage_ros2/share/stage_ros2/package.dsv
[0.564s] -- Up-to-date symlink: /home/rafaella/ros2_ws/install/stage_ros2/share/ament_index/resource_index/packages/stage_ros2
[0.564s] -- Up-to-date symlink: /home/rafaella/ros2_ws/install/stage_ros2/share/stage_ros2/cmake/stage_ros2Config.cmake
[0.565s] -- Up-to-date symlink: /home/rafaella/ros2_ws/install/stage_ros2/share/stage_ros2/cmake/stage_ros2Config-version.cmake
[0.565s] -- Up-to-date symlink: /home/rafaella/ros2_ws/install/stage_ros2/share/stage_ros2/package.xml
[0.570s] Invoked command in '/home/rafaella/ros2_ws/build/stage_ros2' returned '0': CMAKE_PREFIX_PATH=/home/rafaella/ros2_ws/install/Stage:/home/rafaella/ros2_ws/install/stage_ros2:/home/rafaella/ros2_ws/install/trab_stage_pkg:/opt/ros/humble:/home/rafaella/ros2_ws/install/stage LD_LIBRARY_PATH=/home/rafaella/ros2_ws/install/Stage/lib:/home/rafaella/ros2_ws/install/stage_ros2/lib:/home/rafaella/ros2_ws/install/stage/lib:/opt/ros/humble/lib/x86_64-linux-gnu:/opt/ros/humble/lib PATH=/home/rafaella/ros2_ws/install/Stage/bin:/home/rafaella/ros2_ws/install/stage/bin:/opt/ros/humble/bin:/usr/local/sbin:/usr/local/bin:/usr/sbin:/usr/bin:/sbin:/bin:/usr/games:/usr/local/games:/snap/bin:/snap/bin /usr/bin/cmake --install /home/rafaella/ros2_ws/build/stage_ros2
