[3.858s] Invoking command in '/home/rafaella/ros2_ws/src/trab_stage_pkg': PYTHONPATH=/home/rafaella/ros2_ws/build/trab_stage_pkg/prefix_override:/usr/lib/python3/dist-packages/colcon_core/task/python/colcon_distutils_commands:/home/rafaella/ros2_ws/install/trab_stage_pkg/lib/python3.10/site-packages:${PYTHONPATH} /usr/bin/python3 -W ignore:setup.py install is deprecated -W ignore:easy_install command is deprecated setup.py egg_info --egg-base ../../build/trab_stage_pkg build --build-base /home/rafaella/ros2_ws/build/trab_stage_pkg/build install --record /home/rafaella/ros2_ws/build/trab_stage_pkg/install.log --single-version-externally-managed install_data
[5.237s] running egg_info
[5.241s] writing ../../build/trab_stage_pkg/trab_stage_pkg.egg-info/PKG-INFO
[5.242s] writing dependency_links to ../../build/trab_stage_pkg/trab_stage_pkg.egg-info/dependency_links.txt
[5.242s] writing entry points to ../../build/trab_stage_pkg/trab_stage_pkg.egg-info/entry_points.txt
[5.243s] writing requirements to ../../build/trab_stage_pkg/trab_stage_pkg.egg-info/requires.txt
[5.243s] writing top-level names to ../../build/trab_stage_pkg/trab_stage_pkg.egg-info/top_level.txt
[5.253s] reading manifest file '../../build/trab_stage_pkg/trab_stage_pkg.egg-info/SOURCES.txt'
[5.255s] writing manifest file '../../build/trab_stage_pkg/trab_stage_pkg.egg-info/SOURCES.txt'
[5.256s] running build
[5.256s] running build_py
[5.258s] copying trab_stage_pkg/subscriber.py -> /home/rafaella/ros2_ws/build/trab_stage_pkg/build/lib/trab_stage_pkg
[5.258s] running install
[5.260s] running install_lib
[5.263s] copying /home/rafaella/ros2_ws/build/trab_stage_pkg/build/lib/trab_stage_pkg/subscriber.py -> /home/rafaella/ros2_ws/install/trab_stage_pkg/lib/python3.10/site-packages/trab_stage_pkg
[5.266s] byte-compiling /home/rafaella/ros2_ws/install/trab_stage_pkg/lib/python3.10/site-packages/trab_stage_pkg/subscriber.py to subscriber.cpython-310.pyc
[5.269s] running install_data
[5.270s] running install_egg_info
[5.278s] removing '/home/rafaella/ros2_ws/install/trab_stage_pkg/lib/python3.10/site-packages/trab_stage_pkg-0.0.0-py3.10.egg-info' (and everything under it)
[5.280s] Copying ../../build/trab_stage_pkg/trab_stage_pkg.egg-info to /home/rafaella/ros2_ws/install/trab_stage_pkg/lib/python3.10/site-packages/trab_stage_pkg-0.0.0-py3.10.egg-info
[5.284s] running install_scripts
[5.375s] Installing publisher script to /home/rafaella/ros2_ws/install/trab_stage_pkg/lib/trab_stage_pkg
[5.376s] Installing py_node script to /home/rafaella/ros2_ws/install/trab_stage_pkg/lib/trab_stage_pkg
[5.376s] Installing subscriber script to /home/rafaella/ros2_ws/install/trab_stage_pkg/lib/trab_stage_pkg
[5.377s] writing list of installed files to '/home/rafaella/ros2_ws/build/trab_stage_pkg/install.log'
[5.494s] Invoked command in '/home/rafaella/ros2_ws/src/trab_stage_pkg' returned '0': PYTHONPATH=/home/rafaella/ros2_ws/build/trab_stage_pkg/prefix_override:/usr/lib/python3/dist-packages/colcon_core/task/python/colcon_distutils_commands:/home/rafaella/ros2_ws/install/trab_stage_pkg/lib/python3.10/site-packages:${PYTHONPATH} /usr/bin/python3 -W ignore:setup.py install is deprecated -W ignore:easy_install command is deprecated setup.py egg_info --egg-base ../../build/trab_stage_pkg build --build-base /home/rafaella/ros2_ws/build/trab_stage_pkg/build install --record /home/rafaella/ros2_ws/build/trab_stage_pkg/install.log --single-version-externally-managed install_data
