[0.734s] DEBUG:colcon:Command line arguments: ['/usr/bin/colcon', 'build']
[0.735s] DEBUG:colcon:Parsed command line arguments: Namespace(log_base=None, log_level=None, verb_name='build', build_base='build', install_base='install', merge_install=False, symlink_install=False, test_result_base=None, continue_on_error=False, executor='parallel', parallel_workers=4, event_handlers=None, ignore_user_meta=False, metas=['./colcon.meta'], base_paths=['.'], packages_ignore=None, packages_ignore_regex=None, paths=None, packages_up_to=None, packages_up_to_regex=None, packages_above=None, packages_above_and_dependencies=None, packages_above_depth=None, packages_select_by_dep=None, packages_skip_by_dep=None, packages_skip_up_to=None, packages_select_build_failed=False, packages_skip_build_finished=False, packages_select_test_failures=False, packages_skip_test_passed=False, packages_select=None, packages_skip=None, packages_select_regex=None, packages_skip_regex=None, packages_start=None, packages_end=None, allow_overriding=[], bazel_args=None, bazel_task=None, cmake_args=None, cmake_target=None, cmake_target_skip_unavailable=False, cmake_clean_cache=False, cmake_clean_first=False, cmake_force_configure=False, meson_args=[], ament_cmake_args=None, catkin_cmake_args=None, catkin_skip_building_tests=False, mixin_files=None, mixin=None, verb_parser=<colcon_alias.argument_parser.alias.AliasArgumentDecorator object at 0x73599fff03d0>, verb_extension=<colcon_core.verb.build.BuildVerb object at 0x7359a019e080>, main=<bound method BuildVerb.main of <colcon_core.verb.build.BuildVerb object at 0x7359a019e080>>, mixin_verb=('build',))
[1.263s] Level 1:colcon.colcon_core.package_discovery:discover_packages(colcon_meta) check parameters
[1.263s] Level 1:colcon.colcon_core.package_discovery:discover_packages(recursive) check parameters
[1.264s] Level 1:colcon.colcon_core.package_discovery:discover_packages(ignore) check parameters
[1.264s] Level 1:colcon.colcon_core.package_discovery:discover_packages(path) check parameters
[1.264s] Level 1:colcon.colcon_core.package_discovery:discover_packages(colcon_meta) discover
[1.264s] Level 1:colcon.colcon_core.package_discovery:discover_packages(recursive) discover
[1.264s] INFO:colcon.colcon_core.package_discovery:Crawling recursively for packages in '/home/rafaella/ros2_ws'
[1.264s] Level 1:colcon.colcon_core.package_identification:_identify(.) by extensions ['ignore', 'ignore_ament_install']
[1.265s] Level 1:colcon.colcon_core.package_identification:_identify(.) by extension 'ignore'
[1.265s] Level 1:colcon.colcon_core.package_identification:_identify(.) by extension 'ignore_ament_install'
[1.265s] Level 1:colcon.colcon_core.package_identification:_identify(.) by extensions ['colcon_pkg']
[1.266s] Level 1:colcon.colcon_core.package_identification:_identify(.) by extension 'colcon_pkg'
[1.266s] Level 1:colcon.colcon_core.package_identification:_identify(.) by extensions ['colcon_meta']
[1.266s] Level 1:colcon.colcon_core.package_identification:_identify(.) by extension 'colcon_meta'
[1.266s] Level 1:colcon.colcon_core.package_identification:_identify(.) by extensions ['ros']
[1.266s] Level 1:colcon.colcon_core.package_identification:_identify(.) by extension 'ros'
[1.275s] Level 1:colcon.colcon_core.package_identification:_identify(.) by extensions ['bazel', 'cmake', 'meson', 'python']
[1.275s] Level 1:colcon.colcon_core.package_identification:_identify(.) by extension 'bazel'
[1.275s] Level 1:colcon.colcon_core.package_identification:_identify(.) by extension 'cmake'
[1.276s] Level 1:colcon.colcon_core.package_identification:_identify(.) by extension 'meson'
[1.276s] Level 1:colcon.colcon_core.package_identification:_identify(.) by extension 'python'
[1.276s] Level 1:colcon.colcon_core.package_identification:_identify(.) by extensions ['python_setup_py']
[1.276s] Level 1:colcon.colcon_core.package_identification:_identify(.) by extension 'python_setup_py'
[1.276s] Level 1:colcon.colcon_core.package_identification:_identify(build) by extensions ['ignore', 'ignore_ament_install']
[1.276s] Level 1:colcon.colcon_core.package_identification:_identify(build) by extension 'ignore'
[1.277s] Level 1:colcon.colcon_core.package_identification:_identify(build) ignored
[1.277s] Level 1:colcon.colcon_core.package_identification:_identify(install) by extensions ['ignore', 'ignore_ament_install']
[1.277s] Level 1:colcon.colcon_core.package_identification:_identify(install) by extension 'ignore'
[1.277s] Level 1:colcon.colcon_core.package_identification:_identify(install) ignored
[1.278s] Level 1:colcon.colcon_core.package_identification:_identify(log) by extensions ['ignore', 'ignore_ament_install']
[1.278s] Level 1:colcon.colcon_core.package_identification:_identify(log) by extension 'ignore'
[1.278s] Level 1:colcon.colcon_core.package_identification:_identify(log) ignored
[1.278s] Level 1:colcon.colcon_core.package_identification:_identify(src) by extensions ['ignore', 'ignore_ament_install']
[1.279s] Level 1:colcon.colcon_core.package_identification:_identify(src) by extension 'ignore'
[1.279s] Level 1:colcon.colcon_core.package_identification:_identify(src) by extension 'ignore_ament_install'
[1.279s] Level 1:colcon.colcon_core.package_identification:_identify(src) by extensions ['colcon_pkg']
[1.279s] Level 1:colcon.colcon_core.package_identification:_identify(src) by extension 'colcon_pkg'
[1.279s] Level 1:colcon.colcon_core.package_identification:_identify(src) by extensions ['colcon_meta']
[1.279s] Level 1:colcon.colcon_core.package_identification:_identify(src) by extension 'colcon_meta'
[1.279s] Level 1:colcon.colcon_core.package_identification:_identify(src) by extensions ['ros']
[1.280s] Level 1:colcon.colcon_core.package_identification:_identify(src) by extension 'ros'
[1.280s] Level 1:colcon.colcon_core.package_identification:_identify(src) by extensions ['bazel', 'cmake', 'meson', 'python']
[1.280s] Level 1:colcon.colcon_core.package_identification:_identify(src) by extension 'bazel'
[1.280s] Level 1:colcon.colcon_core.package_identification:_identify(src) by extension 'cmake'
[1.280s] Level 1:colcon.colcon_core.package_identification:_identify(src) by extension 'meson'
[1.280s] Level 1:colcon.colcon_core.package_identification:_identify(src) by extension 'python'
[1.280s] Level 1:colcon.colcon_core.package_identification:_identify(src) by extensions ['python_setup_py']
[1.280s] Level 1:colcon.colcon_core.package_identification:_identify(src) by extension 'python_setup_py'
[1.281s] Level 1:colcon.colcon_core.package_identification:_identify(src/Stage) by extensions ['ignore', 'ignore_ament_install']
[1.281s] Level 1:colcon.colcon_core.package_identification:_identify(src/Stage) by extension 'ignore'
[1.281s] Level 1:colcon.colcon_core.package_identification:_identify(src/Stage) by extension 'ignore_ament_install'
[1.281s] Level 1:colcon.colcon_core.package_identification:_identify(src/Stage) by extensions ['colcon_pkg']
[1.281s] Level 1:colcon.colcon_core.package_identification:_identify(src/Stage) by extension 'colcon_pkg'
[1.282s] Level 1:colcon.colcon_core.package_identification:_identify(src/Stage) by extensions ['colcon_meta']
[1.282s] Level 1:colcon.colcon_core.package_identification:_identify(src/Stage) by extension 'colcon_meta'
[1.282s] Level 1:colcon.colcon_core.package_identification:_identify(src/Stage) by extensions ['ros']
[1.282s] Level 1:colcon.colcon_core.package_identification:_identify(src/Stage) by extension 'ros'
[1.282s] Level 1:colcon.colcon_core.package_identification:_identify(src/Stage) by extensions ['bazel', 'cmake', 'meson', 'python']
[1.282s] Level 1:colcon.colcon_core.package_identification:_identify(src/Stage) by extension 'bazel'
[1.282s] Level 1:colcon.colcon_core.package_identification:_identify(src/Stage) by extension 'cmake'
[1.293s] Level 1:colcon.colcon_core.package_identification:_identify(src/Stage) by extension 'meson'
[1.293s] Level 1:colcon.colcon_core.package_identification:_identify(src/Stage) by extension 'python'
[1.293s] DEBUG:colcon.colcon_core.package_identification:Package 'src/Stage' with type 'cmake' and name 'Stage'
[1.293s] Level 1:colcon.colcon_core.package_identification:_identify(src/stage_ros2) by extensions ['ignore', 'ignore_ament_install']
[1.294s] Level 1:colcon.colcon_core.package_identification:_identify(src/stage_ros2) by extension 'ignore'
[1.294s] Level 1:colcon.colcon_core.package_identification:_identify(src/stage_ros2) by extension 'ignore_ament_install'
[1.294s] Level 1:colcon.colcon_core.package_identification:_identify(src/stage_ros2) by extensions ['colcon_pkg']
[1.294s] Level 1:colcon.colcon_core.package_identification:_identify(src/stage_ros2) by extension 'colcon_pkg'
[1.294s] Level 1:colcon.colcon_core.package_identification:_identify(src/stage_ros2) by extensions ['colcon_meta']
[1.294s] Level 1:colcon.colcon_core.package_identification:_identify(src/stage_ros2) by extension 'colcon_meta'
[1.294s] Level 1:colcon.colcon_core.package_identification:_identify(src/stage_ros2) by extensions ['ros']
[1.295s] Level 1:colcon.colcon_core.package_identification:_identify(src/stage_ros2) by extension 'ros'
[1.303s] DEBUG:colcon.colcon_core.package_identification:Package 'src/stage_ros2' with type 'ros.ament_cmake' and name 'stage_ros2'
[1.303s] Level 1:colcon.colcon_core.package_identification:_identify(src/trab_stage_pkg) by extensions ['ignore', 'ignore_ament_install']
[1.304s] Level 1:colcon.colcon_core.package_identification:_identify(src/trab_stage_pkg) by extension 'ignore'
[1.304s] Level 1:colcon.colcon_core.package_identification:_identify(src/trab_stage_pkg) by extension 'ignore_ament_install'
[1.304s] Level 1:colcon.colcon_core.package_identification:_identify(src/trab_stage_pkg) by extensions ['colcon_pkg']
[1.304s] Level 1:colcon.colcon_core.package_identification:_identify(src/trab_stage_pkg) by extension 'colcon_pkg'
[1.304s] Level 1:colcon.colcon_core.package_identification:_identify(src/trab_stage_pkg) by extensions ['colcon_meta']
[1.304s] Level 1:colcon.colcon_core.package_identification:_identify(src/trab_stage_pkg) by extension 'colcon_meta'
[1.304s] Level 1:colcon.colcon_core.package_identification:_identify(src/trab_stage_pkg) by extensions ['ros']
[1.304s] Level 1:colcon.colcon_core.package_identification:_identify(src/trab_stage_pkg) by extension 'ros'
[1.307s] DEBUG:colcon.colcon_core.package_identification:Package 'src/trab_stage_pkg' with type 'ros.ament_python' and name 'trab_stage_pkg'
[1.307s] Level 1:colcon.colcon_core.package_discovery:discover_packages(recursive) using defaults
[1.307s] Level 1:colcon.colcon_core.package_discovery:discover_packages(ignore) discover
[1.307s] Level 1:colcon.colcon_core.package_discovery:discover_packages(ignore) using defaults
[1.307s] Level 1:colcon.colcon_core.package_discovery:discover_packages(path) discover
[1.307s] Level 1:colcon.colcon_core.package_discovery:discover_packages(path) using defaults
[1.356s] Level 1:colcon.colcon_core.package_discovery:discover_packages(prefix_path) check parameters
[1.356s] Level 1:colcon.colcon_core.package_discovery:discover_packages(prefix_path) discover
[1.361s] DEBUG:colcon.colcon_installed_package_information.package_discovery:Found 4 installed packages in /home/rafaella/ros2_ws/install
[1.364s] DEBUG:colcon.colcon_installed_package_information.package_discovery:Found 187 installed packages in /opt/ros/humble
[1.367s] Level 1:colcon.colcon_core.package_discovery:discover_packages(prefix_path) using defaults
[1.469s] Level 5:colcon.colcon_core.verb:set package 'Stage' build argument 'bazel_args' from command line to 'None'
[1.469s] Level 5:colcon.colcon_core.verb:set package 'Stage' build argument 'bazel_task' from command line to 'None'
[1.469s] Level 5:colcon.colcon_core.verb:set package 'Stage' build argument 'cmake_args' from command line to 'None'
[1.469s] Level 5:colcon.colcon_core.verb:set package 'Stage' build argument 'cmake_target' from command line to 'None'
[1.469s] Level 5:colcon.colcon_core.verb:set package 'Stage' build argument 'cmake_target_skip_unavailable' from command line to 'False'
[1.469s] Level 5:colcon.colcon_core.verb:set package 'Stage' build argument 'cmake_clean_cache' from command line to 'False'
[1.469s] Level 5:colcon.colcon_core.verb:set package 'Stage' build argument 'cmake_clean_first' from command line to 'False'
[1.469s] Level 5:colcon.colcon_core.verb:set package 'Stage' build argument 'cmake_force_configure' from command line to 'False'
[1.469s] Level 5:colcon.colcon_core.verb:set package 'Stage' build argument 'meson_args' from command line to '[]'
[1.470s] Level 5:colcon.colcon_core.verb:set package 'Stage' build argument 'ament_cmake_args' from command line to 'None'
[1.470s] Level 5:colcon.colcon_core.verb:set package 'Stage' build argument 'catkin_cmake_args' from command line to 'None'
[1.470s] Level 5:colcon.colcon_core.verb:set package 'Stage' build argument 'catkin_skip_building_tests' from command line to 'False'
[1.470s] DEBUG:colcon.colcon_core.verb:Building package 'Stage' with the following arguments: {'ament_cmake_args': None, 'bazel_args': None, 'bazel_task': None, 'build_base': '/home/rafaella/ros2_ws/build/Stage', 'catkin_cmake_args': None, 'catkin_skip_building_tests': False, 'cmake_args': None, 'cmake_clean_cache': False, 'cmake_clean_first': False, 'cmake_force_configure': False, 'cmake_target': None, 'cmake_target_skip_unavailable': False, 'install_base': '/home/rafaella/ros2_ws/install/Stage', 'merge_install': False, 'meson_args': [], 'path': '/home/rafaella/ros2_ws/src/Stage', 'symlink_install': False, 'test_result_base': None}
[1.510s] Level 5:colcon.colcon_core.verb:set package 'trab_stage_pkg' build argument 'bazel_args' from command line to 'None'
[1.510s] Level 5:colcon.colcon_core.verb:set package 'trab_stage_pkg' build argument 'bazel_task' from command line to 'None'
[1.511s] Level 5:colcon.colcon_core.verb:set package 'trab_stage_pkg' build argument 'cmake_args' from command line to 'None'
[1.511s] Level 5:colcon.colcon_core.verb:set package 'trab_stage_pkg' build argument 'cmake_target' from command line to 'None'
[1.511s] Level 5:colcon.colcon_core.verb:set package 'trab_stage_pkg' build argument 'cmake_target_skip_unavailable' from command line to 'False'
[1.511s] Level 5:colcon.colcon_core.verb:set package 'trab_stage_pkg' build argument 'cmake_clean_cache' from command line to 'False'
[1.511s] Level 5:colcon.colcon_core.verb:set package 'trab_stage_pkg' build argument 'cmake_clean_first' from command line to 'False'
[1.511s] Level 5:colcon.colcon_core.verb:set package 'trab_stage_pkg' build argument 'cmake_force_configure' from command line to 'False'
[1.511s] Level 5:colcon.colcon_core.verb:set package 'trab_stage_pkg' build argument 'meson_args' from command line to '[]'
[1.511s] Level 5:colcon.colcon_core.verb:set package 'trab_stage_pkg' build argument 'ament_cmake_args' from command line to 'None'
[1.511s] Level 5:colcon.colcon_core.verb:set package 'trab_stage_pkg' build argument 'catkin_cmake_args' from command line to 'None'
[1.511s] Level 5:colcon.colcon_core.verb:set package 'trab_stage_pkg' build argument 'catkin_skip_building_tests' from command line to 'False'
[1.511s] DEBUG:colcon.colcon_core.verb:Building package 'trab_stage_pkg' with the following arguments: {'ament_cmake_args': None, 'bazel_args': None, 'bazel_task': None, 'build_base': '/home/rafaella/ros2_ws/build/trab_stage_pkg', 'catkin_cmake_args': None, 'catkin_skip_building_tests': False, 'cmake_args': None, 'cmake_clean_cache': False, 'cmake_clean_first': False, 'cmake_force_configure': False, 'cmake_target': None, 'cmake_target_skip_unavailable': False, 'install_base': '/home/rafaella/ros2_ws/install/trab_stage_pkg', 'merge_install': False, 'meson_args': [], 'path': '/home/rafaella/ros2_ws/src/trab_stage_pkg', 'symlink_install': False, 'test_result_base': None}
[1.548s] Level 5:colcon.colcon_core.verb:set package 'stage_ros2' build argument 'bazel_args' from command line to 'None'
[1.548s] Level 5:colcon.colcon_core.verb:set package 'stage_ros2' build argument 'bazel_task' from command line to 'None'
[1.548s] Level 5:colcon.colcon_core.verb:set package 'stage_ros2' build argument 'cmake_args' from command line to 'None'
[1.548s] Level 5:colcon.colcon_core.verb:set package 'stage_ros2' build argument 'cmake_target' from command line to 'None'
[1.548s] Level 5:colcon.colcon_core.verb:set package 'stage_ros2' build argument 'cmake_target_skip_unavailable' from command line to 'False'
[1.548s] Level 5:colcon.colcon_core.verb:set package 'stage_ros2' build argument 'cmake_clean_cache' from command line to 'False'
[1.548s] Level 5:colcon.colcon_core.verb:set package 'stage_ros2' build argument 'cmake_clean_first' from command line to 'False'
[1.548s] Level 5:colcon.colcon_core.verb:set package 'stage_ros2' build argument 'cmake_force_configure' from command line to 'False'
[1.548s] Level 5:colcon.colcon_core.verb:set package 'stage_ros2' build argument 'meson_args' from command line to '[]'
[1.548s] Level 5:colcon.colcon_core.verb:set package 'stage_ros2' build argument 'ament_cmake_args' from command line to 'None'
[1.548s] Level 5:colcon.colcon_core.verb:set package 'stage_ros2' build argument 'catkin_cmake_args' from command line to 'None'
[1.549s] Level 5:colcon.colcon_core.verb:set package 'stage_ros2' build argument 'catkin_skip_building_tests' from command line to 'False'
[1.549s] DEBUG:colcon.colcon_core.verb:Building package 'stage_ros2' with the following arguments: {'ament_cmake_args': None, 'bazel_args': None, 'bazel_task': None, 'build_base': '/home/rafaella/ros2_ws/build/stage_ros2', 'catkin_cmake_args': None, 'catkin_skip_building_tests': False, 'cmake_args': None, 'cmake_clean_cache': False, 'cmake_clean_first': False, 'cmake_force_configure': False, 'cmake_target': None, 'cmake_target_skip_unavailable': False, 'install_base': '/home/rafaella/ros2_ws/install/stage_ros2', 'merge_install': False, 'meson_args': [], 'path': '/home/rafaella/ros2_ws/src/stage_ros2', 'symlink_install': False, 'test_result_base': None}
[1.549s] INFO:colcon.colcon_core.executor:Executing jobs using 'parallel' executor
[1.552s] DEBUG:colcon.colcon_parallel_executor.executor.parallel:run_until_complete
[1.553s] INFO:colcon.colcon_cmake.task.cmake.build:Building CMake package in '/home/rafaella/ros2_ws/src/Stage'
[1.561s] INFO:colcon.colcon_core.plugin_system:Skipping extension 'colcon_core.shell.bat': Not used on non-Windows systems
[1.562s] DEBUG:colcon.colcon_ros_domain_id_coordinator.shell.ros_domain_id:Allocated ROS_DOMAIN_ID=231 for '/home/rafaella/ros2_ws/build/Stage'
[1.563s] INFO:colcon.colcon_core.shell:Skip shell extension 'ros_domain_id' for command environment: 
[1.563s] INFO:colcon.colcon_core.shell:Skip shell extension 'powershell' for command environment: Not usable outside of PowerShell
[1.563s] DEBUG:colcon.colcon_core.shell:Skip shell extension 'dsv' for command environment
[1.578s] INFO:colcon.colcon_ros.task.ament_python.build:Building ROS package in '/home/rafaella/ros2_ws/src/trab_stage_pkg' with build type 'ament_python'
[1.579s] Level 1:colcon.colcon_core.shell:create_environment_hook('trab_stage_pkg', 'ament_prefix_path')
[1.580s] INFO:colcon.colcon_core.shell:Creating environment hook '/home/rafaella/ros2_ws/install/trab_stage_pkg/share/trab_stage_pkg/hook/ament_prefix_path.ps1'
[1.584s] INFO:colcon.colcon_core.shell:Creating environment descriptor '/home/rafaella/ros2_ws/install/trab_stage_pkg/share/trab_stage_pkg/hook/ament_prefix_path.dsv'
[1.586s] INFO:colcon.colcon_core.shell:Creating environment hook '/home/rafaella/ros2_ws/install/trab_stage_pkg/share/trab_stage_pkg/hook/ament_prefix_path.sh'
[1.591s] DEBUG:colcon.colcon_ros_domain_id_coordinator.shell.ros_domain_id:Allocated ROS_DOMAIN_ID=91 for '/home/rafaella/ros2_ws/build/trab_stage_pkg'
[1.591s] INFO:colcon.colcon_core.shell:Skip shell extension 'ros_domain_id' for command environment: 
[1.591s] INFO:colcon.colcon_core.shell:Skip shell extension 'powershell' for command environment: Not usable outside of PowerShell
[1.591s] DEBUG:colcon.colcon_core.shell:Skip shell extension 'dsv' for command environment
[1.631s] DEBUG:colcon.colcon_core.event_handler.log_command:Invoking command in '/home/rafaella/ros2_ws/build/Stage': /usr/bin/cmake --build /home/rafaella/ros2_ws/build/Stage -- -j4 -l4
[3.252s] INFO:colcon.colcon_core.task.python.build:Building Python package in '/home/rafaella/ros2_ws/src/trab_stage_pkg'
[3.254s] DEBUG:colcon.colcon_ros_domain_id_coordinator.shell.ros_domain_id:Allocated ROS_DOMAIN_ID=91 for '/home/rafaella/ros2_ws/build/trab_stage_pkg'
[3.255s] INFO:colcon.colcon_core.shell:Skip shell extension 'ros_domain_id' for command environment: 
[3.255s] INFO:colcon.colcon_core.shell:Skip shell extension 'powershell' for command environment: Not usable outside of PowerShell
[3.255s] DEBUG:colcon.colcon_core.shell:Skip shell extension 'dsv' for command environment
[3.279s] DEBUG:colcon.colcon_core.event_handler.log_command:Invoked command in '/home/rafaella/ros2_ws/build/Stage' returned '0': /usr/bin/cmake --build /home/rafaella/ros2_ws/build/Stage -- -j4 -l4
[3.316s] DEBUG:colcon.colcon_core.event_handler.log_command:Invoking command in '/home/rafaella/ros2_ws/build/Stage': /usr/bin/cmake --install /home/rafaella/ros2_ws/build/Stage
[3.411s] Level 1:colcon.colcon_core.environment:create_environment_scripts_only(Stage)
[3.425s] DEBUG:colcon.colcon_core.event_handler.log_command:Invoked command in '/home/rafaella/ros2_ws/build/Stage' returned '0': /usr/bin/cmake --install /home/rafaella/ros2_ws/build/Stage
[3.428s] Level 1:colcon.colcon_core.environment:checking '/home/rafaella/ros2_ws/install/Stage' for CMake module files
[3.429s] Level 1:colcon.colcon_core.environment:checking '/home/rafaella/ros2_ws/install/Stage' for CMake config files
[3.430s] Level 1:colcon.colcon_core.shell:create_environment_hook('Stage', 'cmake_prefix_path')
[3.431s] INFO:colcon.colcon_core.shell:Creating environment hook '/home/rafaella/ros2_ws/install/Stage/share/Stage/hook/cmake_prefix_path.ps1'
[3.432s] INFO:colcon.colcon_core.shell:Creating environment descriptor '/home/rafaella/ros2_ws/install/Stage/share/Stage/hook/cmake_prefix_path.dsv'
[3.434s] INFO:colcon.colcon_core.shell:Creating environment hook '/home/rafaella/ros2_ws/install/Stage/share/Stage/hook/cmake_prefix_path.sh'
[3.437s] Level 1:colcon.colcon_core.environment:checking '/home/rafaella/ros2_ws/install/Stage/lib'
[3.438s] Level 1:colcon.colcon_core.shell:create_environment_hook('Stage', 'ld_library_path_lib')
[3.439s] INFO:colcon.colcon_core.shell:Creating environment hook '/home/rafaella/ros2_ws/install/Stage/share/Stage/hook/ld_library_path_lib.ps1'
[3.441s] INFO:colcon.colcon_core.shell:Creating environment descriptor '/home/rafaella/ros2_ws/install/Stage/share/Stage/hook/ld_library_path_lib.dsv'
[3.442s] INFO:colcon.colcon_core.shell:Creating environment hook '/home/rafaella/ros2_ws/install/Stage/share/Stage/hook/ld_library_path_lib.sh'
[3.444s] Level 1:colcon.colcon_core.environment:checking '/home/rafaella/ros2_ws/install/Stage/bin'
[3.444s] Level 1:colcon.colcon_core.shell:create_environment_hook('Stage', 'path')
[3.445s] INFO:colcon.colcon_core.shell:Creating environment hook '/home/rafaella/ros2_ws/install/Stage/share/Stage/hook/path.ps1'
[3.447s] INFO:colcon.colcon_core.shell:Creating environment descriptor '/home/rafaella/ros2_ws/install/Stage/share/Stage/hook/path.dsv'
[3.448s] INFO:colcon.colcon_core.shell:Creating environment hook '/home/rafaella/ros2_ws/install/Stage/share/Stage/hook/path.sh'
[3.452s] Level 1:colcon.colcon_core.environment:checking '/home/rafaella/ros2_ws/install/Stage/lib/pkgconfig/Stage.pc'
[3.453s] Level 1:colcon.colcon_core.environment:checking '/home/rafaella/ros2_ws/install/Stage/lib/python3.10/site-packages'
[3.454s] Level 1:colcon.colcon_core.environment:checking '/home/rafaella/ros2_ws/install/Stage/bin'
[3.455s] Level 1:colcon.colcon_core.shell:create_environment_hook('Stage', 'pythonscriptspath')
[3.456s] INFO:colcon.colcon_core.shell:Creating environment hook '/home/rafaella/ros2_ws/install/Stage/share/Stage/hook/pythonscriptspath.ps1'
[3.457s] INFO:colcon.colcon_core.shell:Creating environment descriptor '/home/rafaella/ros2_ws/install/Stage/share/Stage/hook/pythonscriptspath.dsv'
[3.459s] INFO:colcon.colcon_core.shell:Creating environment hook '/home/rafaella/ros2_ws/install/Stage/share/Stage/hook/pythonscriptspath.sh'
[3.462s] INFO:colcon.colcon_core.shell:Creating package script '/home/rafaella/ros2_ws/install/Stage/share/Stage/package.ps1'
[3.472s] INFO:colcon.colcon_core.shell:Creating package descriptor '/home/rafaella/ros2_ws/install/Stage/share/Stage/package.dsv'
[3.476s] INFO:colcon.colcon_core.shell:Creating package script '/home/rafaella/ros2_ws/install/Stage/share/Stage/package.sh'
[3.480s] INFO:colcon.colcon_core.shell:Creating package script '/home/rafaella/ros2_ws/install/Stage/share/Stage/package.bash'
[3.483s] INFO:colcon.colcon_core.shell:Creating package script '/home/rafaella/ros2_ws/install/Stage/share/Stage/package.zsh'
[3.486s] Level 1:colcon.colcon_core.environment:create_file_with_runtime_dependencies(/home/rafaella/ros2_ws/install/Stage/share/colcon-core/packages/Stage)
[3.488s] INFO:colcon.colcon_ros.task.ament_cmake.build:Building ROS package in '/home/rafaella/ros2_ws/src/stage_ros2' with build type 'ament_cmake'
[3.488s] INFO:colcon.colcon_cmake.task.cmake.build:Building CMake package in '/home/rafaella/ros2_ws/src/stage_ros2'
[3.489s] DEBUG:colcon.colcon_ros_domain_id_coordinator.shell.ros_domain_id:Allocated ROS_DOMAIN_ID=12 for '/home/rafaella/ros2_ws/build/stage_ros2'
[3.490s] INFO:colcon.colcon_core.shell:Skip shell extension 'ros_domain_id' for command environment: 
[3.490s] INFO:colcon.colcon_core.shell:Skip shell extension 'powershell' for command environment: Not usable outside of PowerShell
[3.490s] DEBUG:colcon.colcon_core.shell:Skip shell extension 'dsv' for command environment
[3.491s] DEBUG:colcon.colcon_ros_domain_id_coordinator.shell.ros_domain_id:Released ROS_DOMAIN_ID=231 for '/home/rafaella/ros2_ws/build/Stage'
[3.535s] DEBUG:colcon.colcon_core.event_handler.log_command:Invoking command in '/home/rafaella/ros2_ws/build/stage_ros2': CMAKE_PREFIX_PATH=/home/rafaella/ros2_ws/install/Stage:/home/rafaella/ros2_ws/install/stage_ros2:/home/rafaella/ros2_ws/install/trab_stage_pkg:/opt/ros/humble:/home/rafaella/ros2_ws/install/stage LD_LIBRARY_PATH=/home/rafaella/ros2_ws/install/Stage/lib:/home/rafaella/ros2_ws/install/stage_ros2/lib:/home/rafaella/ros2_ws/install/stage/lib:/opt/ros/humble/lib/x86_64-linux-gnu:/opt/ros/humble/lib PATH=/home/rafaella/ros2_ws/install/Stage/bin:/home/rafaella/ros2_ws/install/stage/bin:/opt/ros/humble/bin:/usr/local/sbin:/usr/local/bin:/usr/sbin:/usr/bin:/sbin:/bin:/usr/games:/usr/local/games:/snap/bin:/snap/bin /usr/bin/cmake --build /home/rafaella/ros2_ws/build/stage_ros2 -- -j4 -l4
[3.952s] DEBUG:colcon.colcon_core.event_handler.log_command:Invoked command in '/home/rafaella/ros2_ws/build/stage_ros2' returned '0': CMAKE_PREFIX_PATH=/home/rafaella/ros2_ws/install/Stage:/home/rafaella/ros2_ws/install/stage_ros2:/home/rafaella/ros2_ws/install/trab_stage_pkg:/opt/ros/humble:/home/rafaella/ros2_ws/install/stage LD_LIBRARY_PATH=/home/rafaella/ros2_ws/install/Stage/lib:/home/rafaella/ros2_ws/install/stage_ros2/lib:/home/rafaella/ros2_ws/install/stage/lib:/opt/ros/humble/lib/x86_64-linux-gnu:/opt/ros/humble/lib PATH=/home/rafaella/ros2_ws/install/Stage/bin:/home/rafaella/ros2_ws/install/stage/bin:/opt/ros/humble/bin:/usr/local/sbin:/usr/local/bin:/usr/sbin:/usr/bin:/sbin:/bin:/usr/games:/usr/local/games:/snap/bin:/snap/bin /usr/bin/cmake --build /home/rafaella/ros2_ws/build/stage_ros2 -- -j4 -l4
[3.962s] DEBUG:colcon.colcon_core.event_handler.log_command:Invoking command in '/home/rafaella/ros2_ws/build/stage_ros2': CMAKE_PREFIX_PATH=/home/rafaella/ros2_ws/install/Stage:/home/rafaella/ros2_ws/install/stage_ros2:/home/rafaella/ros2_ws/install/trab_stage_pkg:/opt/ros/humble:/home/rafaella/ros2_ws/install/stage LD_LIBRARY_PATH=/home/rafaella/ros2_ws/install/Stage/lib:/home/rafaella/ros2_ws/install/stage_ros2/lib:/home/rafaella/ros2_ws/install/stage/lib:/opt/ros/humble/lib/x86_64-linux-gnu:/opt/ros/humble/lib PATH=/home/rafaella/ros2_ws/install/Stage/bin:/home/rafaella/ros2_ws/install/stage/bin:/opt/ros/humble/bin:/usr/local/sbin:/usr/local/bin:/usr/sbin:/usr/bin:/sbin:/bin:/usr/games:/usr/local/games:/snap/bin:/snap/bin /usr/bin/cmake --install /home/rafaella/ros2_ws/build/stage_ros2
[4.046s] Level 1:colcon.colcon_core.environment:create_environment_scripts_only(stage_ros2)
[4.047s] Level 1:colcon.colcon_core.environment:checking '/home/rafaella/ros2_ws/install/stage_ros2' for CMake module files
[4.050s] DEBUG:colcon.colcon_core.event_handler.log_command:Invoked command in '/home/rafaella/ros2_ws/build/stage_ros2' returned '0': CMAKE_PREFIX_PATH=/home/rafaella/ros2_ws/install/Stage:/home/rafaella/ros2_ws/install/stage_ros2:/home/rafaella/ros2_ws/install/trab_stage_pkg:/opt/ros/humble:/home/rafaella/ros2_ws/install/stage LD_LIBRARY_PATH=/home/rafaella/ros2_ws/install/Stage/lib:/home/rafaella/ros2_ws/install/stage_ros2/lib:/home/rafaella/ros2_ws/install/stage/lib:/opt/ros/humble/lib/x86_64-linux-gnu:/opt/ros/humble/lib PATH=/home/rafaella/ros2_ws/install/Stage/bin:/home/rafaella/ros2_ws/install/stage/bin:/opt/ros/humble/bin:/usr/local/sbin:/usr/local/bin:/usr/sbin:/usr/bin:/sbin:/bin:/usr/games:/usr/local/games:/snap/bin:/snap/bin /usr/bin/cmake --install /home/rafaella/ros2_ws/build/stage_ros2
[4.053s] Level 1:colcon.colcon_core.environment:checking '/home/rafaella/ros2_ws/install/stage_ros2' for CMake config files
[4.055s] Level 1:colcon.colcon_core.shell:create_environment_hook('stage_ros2', 'cmake_prefix_path')
[4.056s] INFO:colcon.colcon_core.shell:Creating environment hook '/home/rafaella/ros2_ws/install/stage_ros2/share/stage_ros2/hook/cmake_prefix_path.ps1'
[4.058s] INFO:colcon.colcon_core.shell:Creating environment descriptor '/home/rafaella/ros2_ws/install/stage_ros2/share/stage_ros2/hook/cmake_prefix_path.dsv'
[4.060s] INFO:colcon.colcon_core.shell:Creating environment hook '/home/rafaella/ros2_ws/install/stage_ros2/share/stage_ros2/hook/cmake_prefix_path.sh'
[4.063s] Level 1:colcon.colcon_core.environment:checking '/home/rafaella/ros2_ws/install/stage_ros2/lib'
[4.063s] Level 1:colcon.colcon_core.shell:create_environment_hook('stage_ros2', 'ld_library_path_lib')
[4.064s] INFO:colcon.colcon_core.shell:Creating environment hook '/home/rafaella/ros2_ws/install/stage_ros2/share/stage_ros2/hook/ld_library_path_lib.ps1'
[4.065s] INFO:colcon.colcon_core.shell:Creating environment descriptor '/home/rafaella/ros2_ws/install/stage_ros2/share/stage_ros2/hook/ld_library_path_lib.dsv'
[4.068s] INFO:colcon.colcon_core.shell:Creating environment hook '/home/rafaella/ros2_ws/install/stage_ros2/share/stage_ros2/hook/ld_library_path_lib.sh'
[4.070s] Level 1:colcon.colcon_core.environment:checking '/home/rafaella/ros2_ws/install/stage_ros2/bin'
[4.071s] Level 1:colcon.colcon_core.environment:checking '/home/rafaella/ros2_ws/install/stage_ros2/lib/pkgconfig/stage_ros2.pc'
[4.071s] Level 1:colcon.colcon_core.environment:checking '/home/rafaella/ros2_ws/install/stage_ros2/lib/python3.10/site-packages'
[4.073s] Level 1:colcon.colcon_core.environment:checking '/home/rafaella/ros2_ws/install/stage_ros2/bin'
[4.075s] INFO:colcon.colcon_core.shell:Creating package script '/home/rafaella/ros2_ws/install/stage_ros2/share/stage_ros2/package.ps1'
[4.078s] INFO:colcon.colcon_core.shell:Creating package descriptor '/home/rafaella/ros2_ws/install/stage_ros2/share/stage_ros2/package.dsv'
[4.080s] INFO:colcon.colcon_core.shell:Creating package script '/home/rafaella/ros2_ws/install/stage_ros2/share/stage_ros2/package.sh'
[4.084s] INFO:colcon.colcon_core.shell:Creating package script '/home/rafaella/ros2_ws/install/stage_ros2/share/stage_ros2/package.bash'
[4.085s] INFO:colcon.colcon_core.shell:Creating package script '/home/rafaella/ros2_ws/install/stage_ros2/share/stage_ros2/package.zsh'
[4.087s] Level 1:colcon.colcon_core.environment:create_file_with_runtime_dependencies(/home/rafaella/ros2_ws/install/stage_ros2/share/colcon-core/packages/stage_ros2)
[4.089s] Level 1:colcon.colcon_core.environment:create_environment_scripts_only(stage_ros2)
[4.090s] Level 1:colcon.colcon_core.environment:checking '/home/rafaella/ros2_ws/install/stage_ros2' for CMake module files
[4.092s] Level 1:colcon.colcon_core.environment:checking '/home/rafaella/ros2_ws/install/stage_ros2' for CMake config files
[4.093s] Level 1:colcon.colcon_core.shell:create_environment_hook('stage_ros2', 'cmake_prefix_path')
[4.094s] INFO:colcon.colcon_core.shell:Creating environment hook '/home/rafaella/ros2_ws/install/stage_ros2/share/stage_ros2/hook/cmake_prefix_path.ps1'
[4.095s] INFO:colcon.colcon_core.shell:Creating environment descriptor '/home/rafaella/ros2_ws/install/stage_ros2/share/stage_ros2/hook/cmake_prefix_path.dsv'
[4.097s] INFO:colcon.colcon_core.shell:Creating environment hook '/home/rafaella/ros2_ws/install/stage_ros2/share/stage_ros2/hook/cmake_prefix_path.sh'
[4.098s] Level 1:colcon.colcon_core.environment:checking '/home/rafaella/ros2_ws/install/stage_ros2/lib'
[4.099s] Level 1:colcon.colcon_core.shell:create_environment_hook('stage_ros2', 'ld_library_path_lib')
[4.100s] INFO:colcon.colcon_core.shell:Creating environment hook '/home/rafaella/ros2_ws/install/stage_ros2/share/stage_ros2/hook/ld_library_path_lib.ps1'
[4.101s] INFO:colcon.colcon_core.shell:Creating environment descriptor '/home/rafaella/ros2_ws/install/stage_ros2/share/stage_ros2/hook/ld_library_path_lib.dsv'
[4.102s] INFO:colcon.colcon_core.shell:Creating environment hook '/home/rafaella/ros2_ws/install/stage_ros2/share/stage_ros2/hook/ld_library_path_lib.sh'
[4.104s] Level 1:colcon.colcon_core.environment:checking '/home/rafaella/ros2_ws/install/stage_ros2/bin'
[4.104s] Level 1:colcon.colcon_core.environment:checking '/home/rafaella/ros2_ws/install/stage_ros2/lib/pkgconfig/stage_ros2.pc'
[4.105s] Level 1:colcon.colcon_core.environment:checking '/home/rafaella/ros2_ws/install/stage_ros2/lib/python3.10/site-packages'
[4.106s] Level 1:colcon.colcon_core.environment:checking '/home/rafaella/ros2_ws/install/stage_ros2/bin'
[4.107s] INFO:colcon.colcon_core.shell:Creating package script '/home/rafaella/ros2_ws/install/stage_ros2/share/stage_ros2/package.ps1'
[4.109s] INFO:colcon.colcon_core.shell:Creating package descriptor '/home/rafaella/ros2_ws/install/stage_ros2/share/stage_ros2/package.dsv'
[4.112s] INFO:colcon.colcon_core.shell:Creating package script '/home/rafaella/ros2_ws/install/stage_ros2/share/stage_ros2/package.sh'
[4.113s] INFO:colcon.colcon_core.shell:Creating package script '/home/rafaella/ros2_ws/install/stage_ros2/share/stage_ros2/package.bash'
[4.115s] INFO:colcon.colcon_core.shell:Creating package script '/home/rafaella/ros2_ws/install/stage_ros2/share/stage_ros2/package.zsh'
[4.116s] Level 1:colcon.colcon_core.environment:create_file_with_runtime_dependencies(/home/rafaella/ros2_ws/install/stage_ros2/share/colcon-core/packages/stage_ros2)
[4.117s] DEBUG:colcon.colcon_ros_domain_id_coordinator.shell.ros_domain_id:Released ROS_DOMAIN_ID=12 for '/home/rafaella/ros2_ws/build/stage_ros2'
[4.710s] DEBUG:colcon.colcon_core.event_handler.log_command:Invoking command in '/home/rafaella/ros2_ws/src/trab_stage_pkg': PYTHONPATH=/home/rafaella/ros2_ws/build/trab_stage_pkg/prefix_override:/usr/lib/python3/dist-packages/colcon_core/task/python/colcon_distutils_commands:/home/rafaella/ros2_ws/install/trab_stage_pkg/lib/python3.10/site-packages:${PYTHONPATH} /usr/bin/python3 -W ignore:setup.py install is deprecated -W ignore:easy_install command is deprecated setup.py egg_info --egg-base ../../build/trab_stage_pkg build --build-base /home/rafaella/ros2_ws/build/trab_stage_pkg/build install --record /home/rafaella/ros2_ws/build/trab_stage_pkg/install.log --single-version-externally-managed install_data
[5.654s] Level 1:colcon.colcon_core.environment:checking '/home/rafaella/ros2_ws/install/trab_stage_pkg' for CMake module files
[5.655s] DEBUG:colcon.colcon_core.event_handler.log_command:Invoked command in '/home/rafaella/ros2_ws/src/trab_stage_pkg' returned '0': PYTHONPATH=/home/rafaella/ros2_ws/build/trab_stage_pkg/prefix_override:/usr/lib/python3/dist-packages/colcon_core/task/python/colcon_distutils_commands:/home/rafaella/ros2_ws/install/trab_stage_pkg/lib/python3.10/site-packages:${PYTHONPATH} /usr/bin/python3 -W ignore:setup.py install is deprecated -W ignore:easy_install command is deprecated setup.py egg_info --egg-base ../../build/trab_stage_pkg build --build-base /home/rafaella/ros2_ws/build/trab_stage_pkg/build install --record /home/rafaella/ros2_ws/build/trab_stage_pkg/install.log --single-version-externally-managed install_data
[5.659s] Level 1:colcon.colcon_core.environment:checking '/home/rafaella/ros2_ws/install/trab_stage_pkg' for CMake config files
[5.662s] Level 1:colcon.colcon_core.environment:checking '/home/rafaella/ros2_ws/install/trab_stage_pkg/lib'
[5.662s] Level 1:colcon.colcon_core.environment:checking '/home/rafaella/ros2_ws/install/trab_stage_pkg/bin'
[5.663s] Level 1:colcon.colcon_core.environment:checking '/home/rafaella/ros2_ws/install/trab_stage_pkg/lib/pkgconfig/trab_stage_pkg.pc'
[5.664s] Level 1:colcon.colcon_core.environment:checking '/home/rafaella/ros2_ws/install/trab_stage_pkg/lib/python3.10/site-packages'
[5.665s] Level 1:colcon.colcon_core.shell:create_environment_hook('trab_stage_pkg', 'pythonpath')
[5.666s] INFO:colcon.colcon_core.shell:Creating environment hook '/home/rafaella/ros2_ws/install/trab_stage_pkg/share/trab_stage_pkg/hook/pythonpath.ps1'
[5.669s] INFO:colcon.colcon_core.shell:Creating environment descriptor '/home/rafaella/ros2_ws/install/trab_stage_pkg/share/trab_stage_pkg/hook/pythonpath.dsv'
[5.671s] INFO:colcon.colcon_core.shell:Creating environment hook '/home/rafaella/ros2_ws/install/trab_stage_pkg/share/trab_stage_pkg/hook/pythonpath.sh'
[5.673s] Level 1:colcon.colcon_core.environment:checking '/home/rafaella/ros2_ws/install/trab_stage_pkg/bin'
[5.673s] Level 1:colcon.colcon_core.environment:create_environment_scripts_only(trab_stage_pkg)
[5.675s] INFO:colcon.colcon_core.shell:Creating package script '/home/rafaella/ros2_ws/install/trab_stage_pkg/share/trab_stage_pkg/package.ps1'
[5.677s] INFO:colcon.colcon_core.shell:Creating package descriptor '/home/rafaella/ros2_ws/install/trab_stage_pkg/share/trab_stage_pkg/package.dsv'
[5.680s] INFO:colcon.colcon_core.shell:Creating package script '/home/rafaella/ros2_ws/install/trab_stage_pkg/share/trab_stage_pkg/package.sh'
[5.682s] INFO:colcon.colcon_core.shell:Creating package script '/home/rafaella/ros2_ws/install/trab_stage_pkg/share/trab_stage_pkg/package.bash'
[5.684s] INFO:colcon.colcon_core.shell:Creating package script '/home/rafaella/ros2_ws/install/trab_stage_pkg/share/trab_stage_pkg/package.zsh'
[5.686s] Level 1:colcon.colcon_core.environment:create_file_with_runtime_dependencies(/home/rafaella/ros2_ws/install/trab_stage_pkg/share/colcon-core/packages/trab_stage_pkg)
[5.687s] DEBUG:colcon.colcon_parallel_executor.executor.parallel:closing loop
[5.688s] DEBUG:colcon.colcon_parallel_executor.executor.parallel:loop closed
[5.688s] DEBUG:colcon.colcon_parallel_executor.executor.parallel:run_until_complete finished with '0'
[5.688s] DEBUG:colcon.colcon_core.event_reactor:joining thread
[5.689s] DEBUG:colcon.colcon_ros_domain_id_coordinator.shell.ros_domain_id:Released ROS_DOMAIN_ID=91 for '/home/rafaella/ros2_ws/build/trab_stage_pkg'
[5.706s] INFO:colcon.colcon_core.plugin_system:Skipping extension 'colcon_notification.desktop_notification.terminal_notifier': Not used on non-Darwin systems
[5.706s] INFO:colcon.colcon_core.plugin_system:Skipping extension 'colcon_notification.desktop_notification.win32': Not used on non-Windows systems
[5.707s] INFO:colcon.colcon_notification.desktop_notification:Sending desktop notification using 'notify2'
[5.748s] DEBUG:colcon.colcon_core.event_reactor:joined thread
[5.750s] INFO:colcon.colcon_core.shell:Creating prefix script '/home/rafaella/ros2_ws/install/local_setup.ps1'
[5.756s] INFO:colcon.colcon_core.shell:Creating prefix util module '/home/rafaella/ros2_ws/install/_local_setup_util_ps1.py'
[5.761s] INFO:colcon.colcon_core.shell:Creating prefix chain script '/home/rafaella/ros2_ws/install/setup.ps1'
[5.764s] INFO:colcon.colcon_core.shell:Creating prefix script '/home/rafaella/ros2_ws/install/local_setup.sh'
[5.766s] INFO:colcon.colcon_core.shell:Creating prefix util module '/home/rafaella/ros2_ws/install/_local_setup_util_sh.py'
[5.769s] INFO:colcon.colcon_core.shell:Creating prefix chain script '/home/rafaella/ros2_ws/install/setup.sh'
[5.775s] INFO:colcon.colcon_core.shell:Creating prefix script '/home/rafaella/ros2_ws/install/local_setup.bash'
[5.776s] INFO:colcon.colcon_core.shell:Creating prefix chain script '/home/rafaella/ros2_ws/install/setup.bash'
[5.780s] INFO:colcon.colcon_core.shell:Creating prefix script '/home/rafaella/ros2_ws/install/local_setup.zsh'
[5.782s] INFO:colcon.colcon_core.shell:Creating prefix chain script '/home/rafaella/ros2_ws/install/setup.zsh'
[5.787s] INFO:colcon.colcon_core.shell:Creating '/home/rafaella/ros2_ws/install/spawn_shell.bash'
