[0.061s] Invoking command in '/home/rafaella/ros2_ws/build/Stage': /usr/bin/cmake /home/rafaella/ros2_ws/src/Stage -DCMAKE_INSTALL_PREFIX=/home/rafaella/ros2_ws/install/Stage
[0.338s] -- The C compiler identification is GNU 11.4.0
[0.528s] -- The CXX compiler identification is GNU 11.4.0
[0.554s] -- Detecting C compiler ABI info
[0.790s] -- Detecting C compiler ABI info - done
[0.827s] -- Check for working C compiler: /usr/bin/cc - skipped
[0.828s] -- Detecting C compile features
[0.830s] -- Detecting C compile features - done
[0.840s] -- Detecting CXX compiler ABI info
[1.075s] -- Detecting CXX compiler ABI info - done
[1.103s] -- Check for working CXX compiler: /usr/bin/c++ - skipped
[1.104s] -- Detecting CXX compile features
[1.105s] -- Detecting CXX compile features - done
[1.107s] -- Stage version 4.3.0
[1.108s] -- Operating system is Linux
[1.108s] -- Installing Libraries to /home/rafaella/ros2_ws/install/Stage/lib
[1.109s] -- Installing Plugins to /home/rafaella/ros2_ws/install/Stage/lib/Stage-4.3
[1.109s] -- Build type RELEASE
[1.110s] -- Checking for libtool
[1.121s] -- Checking for required libraries...
[1.144s] -- Found JPEG: /usr/lib/x86_64-linux-gnu/libjpeg.so (found version "80") 
[1.172s] -- Found ZLIB: /usr/lib/x86_64-linux-gnu/libz.so (found version "1.2.11") 
[1.221s] -- Found PNG: /usr/lib/x86_64-linux-gnu/libpng.so (found version "1.6.37") 
[1.240s] [33mCMake Warning (dev) at /usr/share/cmake-3.22/Modules/FindOpenGL.cmake:315 (message):
[1.240s]   Policy CMP0072 is not set: FindOpenGL prefers GLVND by default when
[1.241s]   available.  Run "cmake --help-policy CMP0072" for policy details.  Use the
[1.241s]   cmake_policy command to set the policy and suppress this warning.
[1.241s] 
[1.242s]   FindOpenGL found both a legacy GL library:
[1.242s] 
[1.242s]     OPENGL_gl_LIBRARY: /usr/lib/x86_64-linux-gnu/libGL.so
[1.243s] 
[1.243s]   and GLVND libraries for OpenGL and GLX:
[1.244s] 
[1.244s]     OPENGL_opengl_LIBRARY: /usr/lib/x86_64-linux-gnu/libOpenGL.so
[1.245s]     OPENGL_glx_LIBRARY: /usr/lib/x86_64-linux-gnu/libGLX.so
[1.245s] 
[1.246s]   OpenGL_GL_PREFERENCE has not been set to "GLVND" or "LEGACY", so for
[1.246s]   compatibility with CMake 3.10 and below the legacy GL library will be used.
[1.246s] Call Stack (most recent call first):
[1.247s]   /usr/share/cmake-3.22/Modules/FindFLTK.cmake:87 (find_package)
[1.247s]   CMakeLists.txt:100 (find_package)
[1.247s] This warning is for project developers.  Use -Wno-dev to suppress it.
[1.248s] [0m
[1.248s] -- Found OpenGL: /usr/lib/x86_64-linux-gnu/libOpenGL.so   
[1.346s] -- Found X11: /usr/include   
[1.350s] -- Looking for XOpenDisplay in /usr/lib/x86_64-linux-gnu/libX11.so
[1.607s] -- Looking for XOpenDisplay in /usr/lib/x86_64-linux-gnu/libX11.so - found
[1.612s] -- Looking for gethostbyname
[1.944s] -- Looking for gethostbyname - found
[1.945s] -- Looking for connect
[2.145s] -- Looking for connect - found
[2.145s] -- Looking for remove
[2.378s] -- Looking for remove - found
[2.379s] -- Looking for shmat
[2.577s] -- Looking for shmat - found
[2.709s] -- Found FLTK: fltk_images;fltk_forms;fltk_gl;/usr/lib/x86_64-linux-gnu/libGL.so;fltk  
[2.717s] -- Checking for optional libraries...
[2.722s] -- Installation path CMAKE_INSTALL_PREFIX=/home/rafaella/ros2_ws/install/Stage
[2.723s] -- Configuring libstage
[2.768s] -- Found PkgConfig: /usr/bin/pkg-config (found version "0.29.2") 
[2.770s] -- Checking for one of the modules 'playercore>=2.1.0'
[2.785s] --   * Player not detected. If Player is installed but not detected, check your PKG_CONFIG_PATH.
[2.854s] -- Configuring done
[3.082s] -- Generating done
[3.108s] -- Build files have been written to: /home/rafaella/ros2_ws/build/Stage
[3.121s] Invoked command in '/home/rafaella/ros2_ws/build/Stage' returned '0': /usr/bin/cmake /home/rafaella/ros2_ws/src/Stage -DCMAKE_INSTALL_PREFIX=/home/rafaella/ros2_ws/install/Stage
[3.127s] Invoking command in '/home/rafaella/ros2_ws/build/Stage': /usr/bin/cmake --build /home/rafaella/ros2_ws/build/Stage -- -j4 -l4
[3.240s] [  3%] [32mBuilding CXX object libstage/CMakeFiles/stage.dir/camera.cc.o[0m
[3.242s] [  3%] [32mBuilding CXX object libstage/CMakeFiles/stage.dir/block.cc.o[0m
[3.243s] [  5%] [32mBuilding CXX object libstage/CMakeFiles/stage.dir/blockgroup.cc.o[0m
[3.256s] [  6%] [32mBuilding CXX object libstage/CMakeFiles/stage.dir/color.cc.o[0m
[8.682s] [  8%] [32mBuilding CXX object libstage/CMakeFiles/stage.dir/file_manager.cc.o[0m
[8.776s] [ 10%] [32mBuilding CXX object libstage/CMakeFiles/stage.dir/gl.cc.o[0m
[8.971s] [ 11%] [32mBuilding CXX object libstage/CMakeFiles/stage.dir/logentry.cc.o[0m
[10.482s] [ 13%] [32mBuilding CXX object libstage/CMakeFiles/stage.dir/model.cc.o[0m
[14.409s] [ 15%] [32mBuilding CXX object libstage/CMakeFiles/stage.dir/model_actuator.cc.o[0m
[14.627s] [ 16%] [32mBuilding CXX object libstage/CMakeFiles/stage.dir/model_blinkenlight.cc.o[0m
[14.915s] [ 18%] [32mBuilding CXX object libstage/CMakeFiles/stage.dir/model_blobfinder.cc.o[0m
[19.162s] [ 20%] [32mBuilding CXX object libstage/CMakeFiles/stage.dir/model_bumper.cc.o[0m
[19.289s] [ 22%] [32mBuilding CXX object libstage/CMakeFiles/stage.dir/model_callbacks.cc.o[0m
[20.555s] [ 23%] [32mBuilding CXX object libstage/CMakeFiles/stage.dir/model_camera.cc.o[0m
[21.276s] [ 25%] [32mBuilding CXX object libstage/CMakeFiles/stage.dir/model_draw.cc.o[0m
[24.727s] [ 27%] [32mBuilding CXX object libstage/CMakeFiles/stage.dir/model_fiducial.cc.o[0m
[24.856s] [ 28%] [32mBuilding CXX object libstage/CMakeFiles/stage.dir/model_gripper.cc.o[0m
[26.487s] [ 30%] [32mBuilding CXX object libstage/CMakeFiles/stage.dir/model_lightindicator.cc.o[0m
[28.430s] [ 32%] [32mBuilding CXX object libstage/CMakeFiles/stage.dir/model_position.cc.o[0m
[31.412s] [ 33%] [32mBuilding CXX object libstage/CMakeFiles/stage.dir/model_ranger.cc.o[0m
[32.044s] [ 35%] [32mBuilding CXX object libstage/CMakeFiles/stage.dir/option.cc.o[0m
[32.514s] [ 37%] [32mBuilding CXX object libstage/CMakeFiles/stage.dir/powerpack.cc.o[0m
[35.541s] [ 38%] [32mBuilding CXX object libstage/CMakeFiles/stage.dir/region.cc.o[0m
[37.894s] [ 40%] [32mBuilding CXX object libstage/CMakeFiles/stage.dir/stage.cc.o[0m
[38.420s] [ 42%] [32mBuilding CXX object libstage/CMakeFiles/stage.dir/texture_manager.cc.o[0m
[38.608s] [ 44%] [32mBuilding CXX object libstage/CMakeFiles/stage.dir/typetable.cc.o[0m
[42.604s] [ 45%] [32mBuilding CXX object libstage/CMakeFiles/stage.dir/world.cc.o[0m
[44.241s] [ 47%] [32mBuilding CXX object libstage/CMakeFiles/stage.dir/worldfile.cc.o[0m
[45.309s] [ 49%] [32mBuilding CXX object libstage/CMakeFiles/stage.dir/canvas.cc.o[0m
[46.079s] [ 50%] [32mBuilding CXX object libstage/CMakeFiles/stage.dir/options_dlg.cc.o[0m
[51.719s] [ 52%] [32mBuilding CXX object libstage/CMakeFiles/stage.dir/vis_strip.cc.o[0m
[54.428s] [ 54%] [32mBuilding CXX object libstage/CMakeFiles/stage.dir/worldgui.cc.o[0m
[54.958s] [ 55%] [32mBuilding CXX object libstage/CMakeFiles/stage.dir/ancestor.cc.o[0m
[60.006s] [ 57%] [32m[1mLinking CXX shared library libstage.so[0m
[60.580s] [ 57%] Built target stage
[60.664s] [ 59%] [32mBuilding CXX object examples/ctrl/CMakeFiles/sink.dir/sink.cc.o[0m
[60.666s] [ 62%] [32mBuilding CXX object libstage/CMakeFiles/stagebinary.dir/main.cc.o[0m
[60.668s] [ 62%] [32mBuilding CXX object examples/ctrl/CMakeFiles/source.dir/source.cc.o[0m
[60.670s] [ 64%] [32mBuilding CXX object examples/ctrl/CMakeFiles/fasr.dir/fasr.cc.o[0m
[65.565s] [ 66%] [32m[1mLinking CXX shared module sink.so[0m
[65.851s] [ 67%] [32m[1mLinking CXX executable stage[0m
[66.178s] [ 67%] Built target sink
[66.224s] [ 69%] [32m[1mLinking CXX shared module fasr.so[0m
[66.371s] [ 71%] [32mBuilding CXX object examples/ctrl/CMakeFiles/wander.dir/wander.cc.o[0m
[66.726s] [ 71%] Built target stagebinary
[66.869s] [ 72%] [32mBuilding CXX object examples/ctrl/CMakeFiles/pioneer_flocking.dir/pioneer_flocking.cc.o[0m
[66.894s] [ 72%] Built target fasr
[66.937s] [ 74%] [32m[1mLinking CXX shared module source.so[0m
[66.989s] [ 76%] [32mBuilding CXX object examples/ctrl/CMakeFiles/rasterize.dir/rasterize.cc.o[0m
[67.376s] [ 76%] Built target source
[67.461s] [ 77%] [32mBuilding CXX object examples/ctrl/CMakeFiles/lasernoise.dir/lasernoise.cc.o[0m
[72.204s] [ 79%] [32m[1mLinking CXX shared module wander.so[0m
[72.502s] [ 81%] [32m[1mLinking CXX shared module pioneer_flocking.so[0m
[72.551s] [ 83%] [32m[1mLinking CXX shared module rasterize.so[0m
[72.776s] [ 83%] Built target wander
[72.926s] [ 84%] [32mBuilding CXX object examples/ctrl/CMakeFiles/dynamic.dir/dynamic.cc.o[0m
[73.230s] [ 84%] Built target pioneer_flocking
[73.232s] [ 84%] Built target rasterize
[73.327s] [ 86%] [32mBuilding CXX object examples/ctrl/CMakeFiles/fasr2.dir/fasr2.cc.o[0m
[73.341s] [ 88%] [32mBuilding CXX object worlds/benchmark/CMakeFiles/expand_swarm.dir/expand_swarm.cc.o[0m
[74.077s] [ 89%] [32m[1mLinking CXX shared module lasernoise.so[0m
[74.585s] [ 89%] Built target lasernoise
[74.695s] [ 91%] [32mBuilding CXX object worlds/benchmark/CMakeFiles/expand_pioneer.dir/expand_pioneer.cc.o[0m
[79.299s] [ 93%] [32m[1mLinking CXX shared module dynamic.so[0m
[79.766s] [ 94%] [32m[1mLinking CXX shared module expand_swarm.so[0m
[79.866s] [ 94%] Built target dynamic
[79.903s] [ 96%] [32mBuilding CXX object examples/ctrl/CMakeFiles/fasr2.dir/astar/findpath.cpp.o[0m
[80.218s] [ 96%] Built target expand_swarm
[80.689s] [ 98%] [32m[1mLinking CXX shared module expand_pioneer.so[0m
[81.052s] [ 98%] Built target expand_pioneer
[82.206s] [100%] [32m[1mLinking CXX shared module fasr2.so[0m
[82.601s] [100%] Built target fasr2
[82.640s] Invoked command in '/home/rafaella/ros2_ws/build/Stage' returned '0': /usr/bin/cmake --build /home/rafaella/ros2_ws/build/Stage -- -j4 -l4
[82.671s] Invoking command in '/home/rafaella/ros2_ws/build/Stage': /usr/bin/cmake --install /home/rafaella/ros2_ws/build/Stage
[82.693s] -- Install configuration: "RELEASE"
[82.694s] -- Installing: /home/rafaella/ros2_ws/install/Stage/lib/pkgconfig/stage.pc
[82.695s] -- Installing: /home/rafaella/ros2_ws/install/Stage/lib/cmake/Stage/stage-config.cmake
[82.695s] -- Installing: /home/rafaella/ros2_ws/install/Stage/lib/cmake/Stage/stage-config-version.cmake
[82.696s] -- Installing: /home/rafaella/ros2_ws/install/Stage/bin/stage
[82.699s] -- Set runtime path of "/home/rafaella/ros2_ws/install/Stage/bin/stage" to ""
[82.699s] -- Installing: /home/rafaella/ros2_ws/install/Stage/lib/libstage.so.4.3.0
[82.702s] -- Installing: /home/rafaella/ros2_ws/install/Stage/lib/libstage.so
[82.703s] -- Installing: /home/rafaella/ros2_ws/install/Stage/include/Stage-4.3/stage.hh
[82.705s] -- Installing: /home/rafaella/ros2_ws/install/Stage/lib/Stage-4.3/fasr.so
[82.707s] -- Set runtime path of "/home/rafaella/ros2_ws/install/Stage/lib/Stage-4.3/fasr.so" to ""
[82.707s] -- Installing: /home/rafaella/ros2_ws/install/Stage/lib/Stage-4.3/sink.so
[82.709s] -- Set runtime path of "/home/rafaella/ros2_ws/install/Stage/lib/Stage-4.3/sink.so" to ""
[82.709s] -- Installing: /home/rafaella/ros2_ws/install/Stage/lib/Stage-4.3/source.so
[82.710s] -- Set runtime path of "/home/rafaella/ros2_ws/install/Stage/lib/Stage-4.3/source.so" to ""
[82.711s] -- Installing: /home/rafaella/ros2_ws/install/Stage/lib/Stage-4.3/wander.so
[82.712s] -- Set runtime path of "/home/rafaella/ros2_ws/install/Stage/lib/Stage-4.3/wander.so" to ""
[82.712s] -- Installing: /home/rafaella/ros2_ws/install/Stage/lib/Stage-4.3/pioneer_flocking.so
[82.714s] -- Set runtime path of "/home/rafaella/ros2_ws/install/Stage/lib/Stage-4.3/pioneer_flocking.so" to ""
[82.714s] -- Installing: /home/rafaella/ros2_ws/install/Stage/lib/Stage-4.3/rasterize.so
[82.716s] -- Set runtime path of "/home/rafaella/ros2_ws/install/Stage/lib/Stage-4.3/rasterize.so" to ""
[82.716s] -- Installing: /home/rafaella/ros2_ws/install/Stage/lib/Stage-4.3/lasernoise.so
[82.718s] -- Set runtime path of "/home/rafaella/ros2_ws/install/Stage/lib/Stage-4.3/lasernoise.so" to ""
[82.718s] -- Installing: /home/rafaella/ros2_ws/install/Stage/lib/Stage-4.3/dynamic.so
[82.719s] -- Set runtime path of "/home/rafaella/ros2_ws/install/Stage/lib/Stage-4.3/dynamic.so" to ""
[82.720s] -- Installing: /home/rafaella/ros2_ws/install/Stage/lib/Stage-4.3/fasr2.so
[82.721s] -- Set runtime path of "/home/rafaella/ros2_ws/install/Stage/lib/Stage-4.3/fasr2.so" to ""
[82.722s] -- Installing: /home/rafaella/ros2_ws/install/Stage/share/stage/assets/blue.png
[82.723s] -- Installing: /home/rafaella/ros2_ws/install/Stage/share/stage/assets/death.png
[82.723s] -- Installing: /home/rafaella/ros2_ws/install/Stage/share/stage/assets/green.png
[82.723s] -- Installing: /home/rafaella/ros2_ws/install/Stage/share/stage/assets/logo.png
[82.724s] -- Installing: /home/rafaella/ros2_ws/install/Stage/share/stage/assets/mains.png
[82.724s] -- Installing: /home/rafaella/ros2_ws/install/Stage/share/stage/assets/mainspower.png
[82.725s] -- Installing: /home/rafaella/ros2_ws/install/Stage/share/stage/assets/question_mark.png
[82.725s] -- Installing: /home/rafaella/ros2_ws/install/Stage/share/stage/assets/red.png
[82.726s] -- Installing: /home/rafaella/ros2_ws/install/Stage/share/stage/assets/stagelogo.png
[82.726s] -- Installing: /home/rafaella/ros2_ws/install/Stage/share/stage/assets/stall-old.png
[82.726s] -- Installing: /home/rafaella/ros2_ws/install/Stage/share/stage/assets/stall.png
[82.727s] -- Installing: /home/rafaella/ros2_ws/install/Stage/share/stage/assets/rgb.txt
[82.727s] -- Installing: /home/rafaella/ros2_ws/install/Stage/share/stage/rgb.txt
[82.728s] -- Installing: /home/rafaella/ros2_ws/install/Stage/share/stage/worlds/amcl-sonar.cfg
[82.729s] -- Installing: /home/rafaella/ros2_ws/install/Stage/share/stage/worlds/autolab.cfg
[82.729s] -- Installing: /home/rafaella/ros2_ws/install/Stage/share/stage/worlds/camera.cfg
[82.729s] -- Installing: /home/rafaella/ros2_ws/install/Stage/share/stage/worlds/everything.cfg
[82.730s] -- Installing: /home/rafaella/ros2_ws/install/Stage/share/stage/worlds/lsp_test.cfg
[82.730s] -- Installing: /home/rafaella/ros2_ws/install/Stage/share/stage/worlds/mbicp.cfg
[82.731s] -- Installing: /home/rafaella/ros2_ws/install/Stage/share/stage/worlds/nd.cfg
[82.731s] -- Installing: /home/rafaella/ros2_ws/install/Stage/share/stage/worlds/roomba.cfg
[82.731s] -- Installing: /home/rafaella/ros2_ws/install/Stage/share/stage/worlds/simple.cfg
[82.732s] -- Installing: /home/rafaella/ros2_ws/install/Stage/share/stage/worlds/test.cfg
[82.732s] -- Installing: /home/rafaella/ros2_ws/install/Stage/share/stage/worlds/uoa_robotics_lab.cfg
[82.732s] -- Installing: /home/rafaella/ros2_ws/install/Stage/share/stage/worlds/vfh.cfg
[82.732s] -- Installing: /home/rafaella/ros2_ws/install/Stage/share/stage/worlds/wavefront-remote.cfg
[82.733s] -- Installing: /home/rafaella/ros2_ws/install/Stage/share/stage/worlds/wavefront.cfg
[82.733s] -- Installing: /home/rafaella/ros2_ws/install/Stage/share/stage/worlds/wifi.cfg
[82.734s] -- Installing: /home/rafaella/ros2_ws/install/Stage/share/stage/worlds/SFU.world
[82.734s] -- Installing: /home/rafaella/ros2_ws/install/Stage/share/stage/worlds/autolab.world
[82.734s] -- Installing: /home/rafaella/ros2_ws/install/Stage/share/stage/worlds/camera.world
[82.735s] -- Installing: /home/rafaella/ros2_ws/install/Stage/share/stage/worlds/circuit.world
[82.735s] -- Installing: /home/rafaella/ros2_ws/install/Stage/share/stage/worlds/everything.world
[82.736s] -- Installing: /home/rafaella/ros2_ws/install/Stage/share/stage/worlds/fasr.world
[82.736s] -- Installing: /home/rafaella/ros2_ws/install/Stage/share/stage/worlds/fasr2.world
[82.736s] -- Installing: /home/rafaella/ros2_ws/install/Stage/share/stage/worlds/fasr_plan.world
[82.737s] -- Installing: /home/rafaella/ros2_ws/install/Stage/share/stage/worlds/large.world
[82.737s] -- Installing: /home/rafaella/ros2_ws/install/Stage/share/stage/worlds/lsp_test.world
[82.737s] -- Installing: /home/rafaella/ros2_ws/install/Stage/share/stage/worlds/mbicp.world
[82.738s] -- Installing: /home/rafaella/ros2_ws/install/Stage/share/stage/worlds/pioneer_flocking.world
[82.738s] -- Installing: /home/rafaella/ros2_ws/install/Stage/share/stage/worlds/pioneer_follow.world
[82.738s] -- Installing: /home/rafaella/ros2_ws/install/Stage/share/stage/worlds/pioneer_walle.world
[82.739s] -- Installing: /home/rafaella/ros2_ws/install/Stage/share/stage/worlds/roomba.world
[82.739s] -- Installing: /home/rafaella/ros2_ws/install/Stage/share/stage/worlds/sensor_noise_demo.world
[82.739s] -- Installing: /home/rafaella/ros2_ws/install/Stage/share/stage/worlds/sensor_noise_module_demo.world
[82.740s] -- Installing: /home/rafaella/ros2_ws/install/Stage/share/stage/worlds/simple.world
[82.740s] -- Installing: /home/rafaella/ros2_ws/install/Stage/share/stage/worlds/uoa_robotics_lab.world
[82.741s] -- Installing: /home/rafaella/ros2_ws/install/Stage/share/stage/worlds/wifi.world
[82.741s] -- Installing: /home/rafaella/ros2_ws/install/Stage/share/stage/worlds/beacons.inc
[82.741s] -- Installing: /home/rafaella/ros2_ws/install/Stage/share/stage/worlds/chatterbox.inc
[82.742s] -- Installing: /home/rafaella/ros2_ws/install/Stage/share/stage/worlds/hokuyo.inc
[82.742s] -- Installing: /home/rafaella/ros2_ws/install/Stage/share/stage/worlds/irobot.inc
[82.742s] -- Installing: /home/rafaella/ros2_ws/install/Stage/share/stage/worlds/map.inc
[82.743s] -- Installing: /home/rafaella/ros2_ws/install/Stage/share/stage/worlds/objects.inc
[82.743s] -- Installing: /home/rafaella/ros2_ws/install/Stage/share/stage/worlds/pantilt.inc
[82.743s] -- Installing: /home/rafaella/ros2_ws/install/Stage/share/stage/worlds/pioneer.inc
[82.744s] -- Installing: /home/rafaella/ros2_ws/install/Stage/share/stage/worlds/sick.inc
[82.744s] -- Installing: /home/rafaella/ros2_ws/install/Stage/share/stage/worlds/ubot.inc
[82.744s] -- Installing: /home/rafaella/ros2_ws/install/Stage/share/stage/worlds/uoa_robotics_lab_models.inc
[82.745s] -- Installing: /home/rafaella/ros2_ws/install/Stage/share/stage/worlds/walle.inc
[82.745s] -- Installing: /home/rafaella/ros2_ws/install/Stage/share/stage/worlds/cfggen.sh
[82.745s] -- Installing: /home/rafaella/ros2_ws/install/Stage/share/stage/worlds/test.sh
[82.746s] -- Installing: /home/rafaella/ros2_ws/install/Stage/share/stage/worlds/worldgen.sh
[82.747s] -- Installing: /home/rafaella/ros2_ws/install/Stage/lib/Stage-4.3/expand_swarm.so
[82.749s] -- Set runtime path of "/home/rafaella/ros2_ws/install/Stage/lib/Stage-4.3/expand_swarm.so" to ""
[82.749s] -- Installing: /home/rafaella/ros2_ws/install/Stage/lib/Stage-4.3/expand_pioneer.so
[82.750s] -- Set runtime path of "/home/rafaella/ros2_ws/install/Stage/lib/Stage-4.3/expand_pioneer.so" to ""
[82.752s] -- Installing: /home/rafaella/ros2_ws/install/Stage/share/stage/worlds/bitmaps/889_05.png
[82.752s] -- Installing: /home/rafaella/ros2_ws/install/Stage/share/stage/worlds/bitmaps/SFU_1200x615.png
[82.753s] -- Installing: /home/rafaella/ros2_ws/install/Stage/share/stage/worlds/bitmaps/SRI-AIC-kwing.png
[82.753s] -- Installing: /home/rafaella/ros2_ws/install/Stage/share/stage/worlds/bitmaps/autolab.png
[82.753s] -- Installing: /home/rafaella/ros2_ws/install/Stage/share/stage/worlds/bitmaps/cave.png
[82.754s] -- Installing: /home/rafaella/ros2_ws/install/Stage/share/stage/worlds/bitmaps/cave_compact.png
[82.754s] -- Installing: /home/rafaella/ros2_ws/install/Stage/share/stage/worlds/bitmaps/cave_filled.png
[82.754s] -- Installing: /home/rafaella/ros2_ws/install/Stage/share/stage/worlds/bitmaps/frieburg.png
[82.755s] -- Installing: /home/rafaella/ros2_ws/install/Stage/share/stage/worlds/bitmaps/ghost.png
[82.755s] -- Installing: /home/rafaella/ros2_ws/install/Stage/share/stage/worlds/bitmaps/hospital.png
[82.755s] -- Installing: /home/rafaella/ros2_ws/install/Stage/share/stage/worlds/bitmaps/hospital_section.png
[82.756s] -- Installing: /home/rafaella/ros2_ws/install/Stage/share/stage/worlds/bitmaps/human_outline.png
[82.756s] -- Installing: /home/rafaella/ros2_ws/install/Stage/share/stage/worlds/bitmaps/mbicp.png
[82.756s] -- Installing: /home/rafaella/ros2_ws/install/Stage/share/stage/worlds/bitmaps/rink.png
[82.757s] -- Installing: /home/rafaella/ros2_ws/install/Stage/share/stage/worlds/bitmaps/sal2.png
[82.757s] -- Installing: /home/rafaella/ros2_ws/install/Stage/share/stage/worlds/bitmaps/simple_rooms.png
[82.757s] -- Installing: /home/rafaella/ros2_ws/install/Stage/share/stage/worlds/bitmaps/space_invader.png
[82.758s] -- Installing: /home/rafaella/ros2_ws/install/Stage/share/stage/worlds/bitmaps/submarine.png
[82.758s] -- Installing: /home/rafaella/ros2_ws/install/Stage/share/stage/worlds/bitmaps/submarine_small.png
[82.758s] -- Installing: /home/rafaella/ros2_ws/install/Stage/share/stage/worlds/bitmaps/table.png
[82.759s] -- Installing: /home/rafaella/ros2_ws/install/Stage/share/stage/worlds/bitmaps/uoa_robotics_lab.png
[82.759s] -- Installing: /home/rafaella/ros2_ws/install/Stage/share/stage/worlds/wifi/commando.world
[82.760s] -- Installing: /home/rafaella/ros2_ws/install/Stage/share/stage/worlds/wifi/hosp_wifi.world
[82.760s] -- Installing: /home/rafaella/ros2_ws/install/Stage/share/stage/worlds/wifi/hosp_wifi_5.world
[82.760s] -- Installing: /home/rafaella/ros2_ws/install/Stage/share/stage/worlds/wifi/wifi.world
[82.761s] -- Installing: /home/rafaella/ros2_ws/install/Stage/share/stage/worlds/wifi/wifi_itu.world
[82.761s] -- Installing: /home/rafaella/ros2_ws/install/Stage/share/stage/worlds/wifi/wifi_logdistance.world
[82.761s] -- Installing: /home/rafaella/ros2_ws/install/Stage/share/stage/worlds/wifi/wifi_ray.world
[82.762s] -- Installing: /home/rafaella/ros2_ws/install/Stage/share/stage/worlds/wifi/wifi_simple.world
[82.762s] -- Installing: /home/rafaella/ros2_ws/install/Stage/share/stage/worlds/wifi/map.inc
[82.768s] Invoked command in '/home/rafaella/ros2_ws/build/Stage' returned '0': /usr/bin/cmake --install /home/rafaella/ros2_ws/build/Stage
