[0.998s] DEBUG:colcon:Command line arguments: ['/usr/bin/colcon', 'build']
[0.998s] DEBUG:colcon:Parsed command line arguments: Namespace(log_base=None, log_level=None, verb_name='build', build_base='build', install_base='install', merge_install=False, symlink_install=False, test_result_base=None, continue_on_error=False, executor='parallel', parallel_workers=4, event_handlers=None, ignore_user_meta=False, metas=['./colcon.meta'], base_paths=['.'], packages_ignore=None, packages_ignore_regex=None, paths=None, packages_up_to=None, packages_up_to_regex=None, packages_above=None, packages_above_and_dependencies=None, packages_above_depth=None, packages_select_by_dep=None, packages_skip_by_dep=None, packages_skip_up_to=None, packages_select_build_failed=False, packages_skip_build_finished=False, packages_select_test_failures=False, packages_skip_test_passed=False, packages_select=None, packages_skip=None, packages_select_regex=None, packages_skip_regex=None, packages_start=None, packages_end=None, allow_overriding=[], bazel_args=None, bazel_task=None, cmake_args=None, cmake_target=None, cmake_target_skip_unavailable=False, cmake_clean_cache=False, cmake_clean_first=False, cmake_force_configure=False, meson_args=[], ament_cmake_args=None, catkin_cmake_args=None, catkin_skip_building_tests=False, mixin_files=None, mixin=None, verb_parser=<colcon_alias.argument_parser.alias.AliasArgumentDecorator object at 0x7f927c900400>, verb_extension=<colcon_core.verb.build.BuildVerb object at 0x7f927ccb2080>, main=<bound method BuildVerb.main of <colcon_core.verb.build.BuildVerb object at 0x7f927ccb2080>>, mixin_verb=('build',))
[1.634s] Level 1:colcon.colcon_core.package_discovery:discover_packages(colcon_meta) check parameters
[1.635s] Level 1:colcon.colcon_core.package_discovery:discover_packages(recursive) check parameters
[1.635s] Level 1:colcon.colcon_core.package_discovery:discover_packages(ignore) check parameters
[1.635s] Level 1:colcon.colcon_core.package_discovery:discover_packages(path) check parameters
[1.635s] Level 1:colcon.colcon_core.package_discovery:discover_packages(colcon_meta) discover
[1.636s] Level 1:colcon.colcon_core.package_discovery:discover_packages(recursive) discover
[1.636s] INFO:colcon.colcon_core.package_discovery:Crawling recursively for packages in '/home/rafaella/ros2_ws'
[1.636s] Level 1:colcon.colcon_core.package_identification:_identify(.) by extensions ['ignore', 'ignore_ament_install']
[1.636s] Level 1:colcon.colcon_core.package_identification:_identify(.) by extension 'ignore'
[1.637s] Level 1:colcon.colcon_core.package_identification:_identify(.) by extension 'ignore_ament_install'
[1.637s] Level 1:colcon.colcon_core.package_identification:_identify(.) by extensions ['colcon_pkg']
[1.637s] Level 1:colcon.colcon_core.package_identification:_identify(.) by extension 'colcon_pkg'
[1.637s] Level 1:colcon.colcon_core.package_identification:_identify(.) by extensions ['colcon_meta']
[1.637s] Level 1:colcon.colcon_core.package_identification:_identify(.) by extension 'colcon_meta'
[1.637s] Level 1:colcon.colcon_core.package_identification:_identify(.) by extensions ['ros']
[1.637s] Level 1:colcon.colcon_core.package_identification:_identify(.) by extension 'ros'
[1.646s] Level 1:colcon.colcon_core.package_identification:_identify(.) by extensions ['bazel', 'cmake', 'meson', 'python']
[1.646s] Level 1:colcon.colcon_core.package_identification:_identify(.) by extension 'bazel'
[1.647s] Level 1:colcon.colcon_core.package_identification:_identify(.) by extension 'cmake'
[1.647s] Level 1:colcon.colcon_core.package_identification:_identify(.) by extension 'meson'
[1.647s] Level 1:colcon.colcon_core.package_identification:_identify(.) by extension 'python'
[1.647s] Level 1:colcon.colcon_core.package_identification:_identify(.) by extensions ['python_setup_py']
[1.647s] Level 1:colcon.colcon_core.package_identification:_identify(.) by extension 'python_setup_py'
[1.648s] Level 1:colcon.colcon_core.package_identification:_identify(build) by extensions ['ignore', 'ignore_ament_install']
[1.648s] Level 1:colcon.colcon_core.package_identification:_identify(build) by extension 'ignore'
[1.648s] Level 1:colcon.colcon_core.package_identification:_identify(build) ignored
[1.649s] Level 1:colcon.colcon_core.package_identification:_identify(install) by extensions ['ignore', 'ignore_ament_install']
[1.649s] Level 1:colcon.colcon_core.package_identification:_identify(install) by extension 'ignore'
[1.649s] Level 1:colcon.colcon_core.package_identification:_identify(install) ignored
[1.650s] Level 1:colcon.colcon_core.package_identification:_identify(log) by extensions ['ignore', 'ignore_ament_install']
[1.650s] Level 1:colcon.colcon_core.package_identification:_identify(log) by extension 'ignore'
[1.650s] Level 1:colcon.colcon_core.package_identification:_identify(log) ignored
[1.651s] Level 1:colcon.colcon_core.package_identification:_identify(src) by extensions ['ignore', 'ignore_ament_install']
[1.651s] Level 1:colcon.colcon_core.package_identification:_identify(src) by extension 'ignore'
[1.651s] Level 1:colcon.colcon_core.package_identification:_identify(src) by extension 'ignore_ament_install'
[1.652s] Level 1:colcon.colcon_core.package_identification:_identify(src) by extensions ['colcon_pkg']
[1.652s] Level 1:colcon.colcon_core.package_identification:_identify(src) by extension 'colcon_pkg'
[1.652s] Level 1:colcon.colcon_core.package_identification:_identify(src) by extensions ['colcon_meta']
[1.652s] Level 1:colcon.colcon_core.package_identification:_identify(src) by extension 'colcon_meta'
[1.652s] Level 1:colcon.colcon_core.package_identification:_identify(src) by extensions ['ros']
[1.653s] Level 1:colcon.colcon_core.package_identification:_identify(src) by extension 'ros'
[1.653s] Level 1:colcon.colcon_core.package_identification:_identify(src) by extensions ['bazel', 'cmake', 'meson', 'python']
[1.653s] Level 1:colcon.colcon_core.package_identification:_identify(src) by extension 'bazel'
[1.653s] Level 1:colcon.colcon_core.package_identification:_identify(src) by extension 'cmake'
[1.654s] Level 1:colcon.colcon_core.package_identification:_identify(src) by extension 'meson'
[1.654s] Level 1:colcon.colcon_core.package_identification:_identify(src) by extension 'python'
[1.654s] Level 1:colcon.colcon_core.package_identification:_identify(src) by extensions ['python_setup_py']
[1.654s] Level 1:colcon.colcon_core.package_identification:_identify(src) by extension 'python_setup_py'
[1.655s] Level 1:colcon.colcon_core.package_identification:_identify(src/Stage) by extensions ['ignore', 'ignore_ament_install']
[1.655s] Level 1:colcon.colcon_core.package_identification:_identify(src/Stage) by extension 'ignore'
[1.655s] Level 1:colcon.colcon_core.package_identification:_identify(src/Stage) by extension 'ignore_ament_install'
[1.656s] Level 1:colcon.colcon_core.package_identification:_identify(src/Stage) by extensions ['colcon_pkg']
[1.656s] Level 1:colcon.colcon_core.package_identification:_identify(src/Stage) by extension 'colcon_pkg'
[1.656s] Level 1:colcon.colcon_core.package_identification:_identify(src/Stage) by extensions ['colcon_meta']
[1.656s] Level 1:colcon.colcon_core.package_identification:_identify(src/Stage) by extension 'colcon_meta'
[1.657s] Level 1:colcon.colcon_core.package_identification:_identify(src/Stage) by extensions ['ros']
[1.657s] Level 1:colcon.colcon_core.package_identification:_identify(src/Stage) by extension 'ros'
[1.657s] Level 1:colcon.colcon_core.package_identification:_identify(src/Stage) by extensions ['bazel', 'cmake', 'meson', 'python']
[1.657s] Level 1:colcon.colcon_core.package_identification:_identify(src/Stage) by extension 'bazel'
[1.658s] Level 1:colcon.colcon_core.package_identification:_identify(src/Stage) by extension 'cmake'
[1.670s] Level 1:colcon.colcon_core.package_identification:_identify(src/Stage) by extension 'meson'
[1.670s] Level 1:colcon.colcon_core.package_identification:_identify(src/Stage) by extension 'python'
[1.670s] DEBUG:colcon.colcon_core.package_identification:Package 'src/Stage' with type 'cmake' and name 'Stage'
[1.671s] Level 1:colcon.colcon_core.package_identification:_identify(src/stage_ros2) by extensions ['ignore', 'ignore_ament_install']
[1.671s] Level 1:colcon.colcon_core.package_identification:_identify(src/stage_ros2) by extension 'ignore'
[1.672s] Level 1:colcon.colcon_core.package_identification:_identify(src/stage_ros2) by extension 'ignore_ament_install'
[1.672s] Level 1:colcon.colcon_core.package_identification:_identify(src/stage_ros2) by extensions ['colcon_pkg']
[1.672s] Level 1:colcon.colcon_core.package_identification:_identify(src/stage_ros2) by extension 'colcon_pkg'
[1.672s] Level 1:colcon.colcon_core.package_identification:_identify(src/stage_ros2) by extensions ['colcon_meta']
[1.672s] Level 1:colcon.colcon_core.package_identification:_identify(src/stage_ros2) by extension 'colcon_meta'
[1.673s] Level 1:colcon.colcon_core.package_identification:_identify(src/stage_ros2) by extensions ['ros']
[1.673s] Level 1:colcon.colcon_core.package_identification:_identify(src/stage_ros2) by extension 'ros'
[1.683s] DEBUG:colcon.colcon_core.package_identification:Package 'src/stage_ros2' with type 'ros.ament_cmake' and name 'stage_ros2'
[1.683s] Level 1:colcon.colcon_core.package_identification:_identify(src/trab_stage_pkg) by extensions ['ignore', 'ignore_ament_install']
[1.684s] Level 1:colcon.colcon_core.package_identification:_identify(src/trab_stage_pkg) by extension 'ignore'
[1.684s] Level 1:colcon.colcon_core.package_identification:_identify(src/trab_stage_pkg) by extension 'ignore_ament_install'
[1.684s] Level 1:colcon.colcon_core.package_identification:_identify(src/trab_stage_pkg) by extensions ['colcon_pkg']
[1.685s] Level 1:colcon.colcon_core.package_identification:_identify(src/trab_stage_pkg) by extension 'colcon_pkg'
[1.685s] Level 1:colcon.colcon_core.package_identification:_identify(src/trab_stage_pkg) by extensions ['colcon_meta']
[1.685s] Level 1:colcon.colcon_core.package_identification:_identify(src/trab_stage_pkg) by extension 'colcon_meta'
[1.685s] Level 1:colcon.colcon_core.package_identification:_identify(src/trab_stage_pkg) by extensions ['ros']
[1.685s] Level 1:colcon.colcon_core.package_identification:_identify(src/trab_stage_pkg) by extension 'ros'
[1.689s] DEBUG:colcon.colcon_core.package_identification:Package 'src/trab_stage_pkg' with type 'ros.ament_python' and name 'trab_stage_pkg'
[1.689s] Level 1:colcon.colcon_core.package_discovery:discover_packages(recursive) using defaults
[1.689s] Level 1:colcon.colcon_core.package_discovery:discover_packages(ignore) discover
[1.689s] Level 1:colcon.colcon_core.package_discovery:discover_packages(ignore) using defaults
[1.689s] Level 1:colcon.colcon_core.package_discovery:discover_packages(path) discover
[1.689s] Level 1:colcon.colcon_core.package_discovery:discover_packages(path) using defaults
[1.747s] Level 1:colcon.colcon_core.package_discovery:discover_packages(prefix_path) check parameters
[1.747s] Level 1:colcon.colcon_core.package_discovery:discover_packages(prefix_path) discover
[1.754s] DEBUG:colcon.colcon_installed_package_information.package_discovery:Found 4 installed packages in /home/rafaella/ros2_ws/install
[1.758s] DEBUG:colcon.colcon_installed_package_information.package_discovery:Found 187 installed packages in /opt/ros/humble
[1.761s] Level 1:colcon.colcon_core.package_discovery:discover_packages(prefix_path) using defaults
[1.896s] Level 5:colcon.colcon_core.verb:set package 'Stage' build argument 'bazel_args' from command line to 'None'
[1.896s] Level 5:colcon.colcon_core.verb:set package 'Stage' build argument 'bazel_task' from command line to 'None'
[1.896s] Level 5:colcon.colcon_core.verb:set package 'Stage' build argument 'cmake_args' from command line to 'None'
[1.896s] Level 5:colcon.colcon_core.verb:set package 'Stage' build argument 'cmake_target' from command line to 'None'
[1.897s] Level 5:colcon.colcon_core.verb:set package 'Stage' build argument 'cmake_target_skip_unavailable' from command line to 'False'
[1.897s] Level 5:colcon.colcon_core.verb:set package 'Stage' build argument 'cmake_clean_cache' from command line to 'False'
[1.897s] Level 5:colcon.colcon_core.verb:set package 'Stage' build argument 'cmake_clean_first' from command line to 'False'
[1.897s] Level 5:colcon.colcon_core.verb:set package 'Stage' build argument 'cmake_force_configure' from command line to 'False'
[1.897s] Level 5:colcon.colcon_core.verb:set package 'Stage' build argument 'meson_args' from command line to '[]'
[1.897s] Level 5:colcon.colcon_core.verb:set package 'Stage' build argument 'ament_cmake_args' from command line to 'None'
[1.897s] Level 5:colcon.colcon_core.verb:set package 'Stage' build argument 'catkin_cmake_args' from command line to 'None'
[1.897s] Level 5:colcon.colcon_core.verb:set package 'Stage' build argument 'catkin_skip_building_tests' from command line to 'False'
[1.898s] DEBUG:colcon.colcon_core.verb:Building package 'Stage' with the following arguments: {'ament_cmake_args': None, 'bazel_args': None, 'bazel_task': None, 'build_base': '/home/rafaella/ros2_ws/build/Stage', 'catkin_cmake_args': None, 'catkin_skip_building_tests': False, 'cmake_args': None, 'cmake_clean_cache': False, 'cmake_clean_first': False, 'cmake_force_configure': False, 'cmake_target': None, 'cmake_target_skip_unavailable': False, 'install_base': '/home/rafaella/ros2_ws/install/Stage', 'merge_install': False, 'meson_args': [], 'path': '/home/rafaella/ros2_ws/src/Stage', 'symlink_install': False, 'test_result_base': None}
[1.945s] Level 5:colcon.colcon_core.verb:set package 'trab_stage_pkg' build argument 'bazel_args' from command line to 'None'
[1.945s] Level 5:colcon.colcon_core.verb:set package 'trab_stage_pkg' build argument 'bazel_task' from command line to 'None'
[1.945s] Level 5:colcon.colcon_core.verb:set package 'trab_stage_pkg' build argument 'cmake_args' from command line to 'None'
[1.945s] Level 5:colcon.colcon_core.verb:set package 'trab_stage_pkg' build argument 'cmake_target' from command line to 'None'
[1.945s] Level 5:colcon.colcon_core.verb:set package 'trab_stage_pkg' build argument 'cmake_target_skip_unavailable' from command line to 'False'
[1.945s] Level 5:colcon.colcon_core.verb:set package 'trab_stage_pkg' build argument 'cmake_clean_cache' from command line to 'False'
[1.946s] Level 5:colcon.colcon_core.verb:set package 'trab_stage_pkg' build argument 'cmake_clean_first' from command line to 'False'
[1.946s] Level 5:colcon.colcon_core.verb:set package 'trab_stage_pkg' build argument 'cmake_force_configure' from command line to 'False'
[1.946s] Level 5:colcon.colcon_core.verb:set package 'trab_stage_pkg' build argument 'meson_args' from command line to '[]'
[1.946s] Level 5:colcon.colcon_core.verb:set package 'trab_stage_pkg' build argument 'ament_cmake_args' from command line to 'None'
[1.946s] Level 5:colcon.colcon_core.verb:set package 'trab_stage_pkg' build argument 'catkin_cmake_args' from command line to 'None'
[1.946s] Level 5:colcon.colcon_core.verb:set package 'trab_stage_pkg' build argument 'catkin_skip_building_tests' from command line to 'False'
[1.946s] DEBUG:colcon.colcon_core.verb:Building package 'trab_stage_pkg' with the following arguments: {'ament_cmake_args': None, 'bazel_args': None, 'bazel_task': None, 'build_base': '/home/rafaella/ros2_ws/build/trab_stage_pkg', 'catkin_cmake_args': None, 'catkin_skip_building_tests': False, 'cmake_args': None, 'cmake_clean_cache': False, 'cmake_clean_first': False, 'cmake_force_configure': False, 'cmake_target': None, 'cmake_target_skip_unavailable': False, 'install_base': '/home/rafaella/ros2_ws/install/trab_stage_pkg', 'merge_install': False, 'meson_args': [], 'path': '/home/rafaella/ros2_ws/src/trab_stage_pkg', 'symlink_install': False, 'test_result_base': None}
[1.998s] Level 5:colcon.colcon_core.verb:set package 'stage_ros2' build argument 'bazel_args' from command line to 'None'
[1.998s] Level 5:colcon.colcon_core.verb:set package 'stage_ros2' build argument 'bazel_task' from command line to 'None'
[1.998s] Level 5:colcon.colcon_core.verb:set package 'stage_ros2' build argument 'cmake_args' from command line to 'None'
[1.998s] Level 5:colcon.colcon_core.verb:set package 'stage_ros2' build argument 'cmake_target' from command line to 'None'
[1.998s] Level 5:colcon.colcon_core.verb:set package 'stage_ros2' build argument 'cmake_target_skip_unavailable' from command line to 'False'
[1.999s] Level 5:colcon.colcon_core.verb:set package 'stage_ros2' build argument 'cmake_clean_cache' from command line to 'False'
[1.999s] Level 5:colcon.colcon_core.verb:set package 'stage_ros2' build argument 'cmake_clean_first' from command line to 'False'
[1.999s] Level 5:colcon.colcon_core.verb:set package 'stage_ros2' build argument 'cmake_force_configure' from command line to 'False'
[1.999s] Level 5:colcon.colcon_core.verb:set package 'stage_ros2' build argument 'meson_args' from command line to '[]'
[1.999s] Level 5:colcon.colcon_core.verb:set package 'stage_ros2' build argument 'ament_cmake_args' from command line to 'None'
[1.999s] Level 5:colcon.colcon_core.verb:set package 'stage_ros2' build argument 'catkin_cmake_args' from command line to 'None'
[1.999s] Level 5:colcon.colcon_core.verb:set package 'stage_ros2' build argument 'catkin_skip_building_tests' from command line to 'False'
[1.999s] DEBUG:colcon.colcon_core.verb:Building package 'stage_ros2' with the following arguments: {'ament_cmake_args': None, 'bazel_args': None, 'bazel_task': None, 'build_base': '/home/rafaella/ros2_ws/build/stage_ros2', 'catkin_cmake_args': None, 'catkin_skip_building_tests': False, 'cmake_args': None, 'cmake_clean_cache': False, 'cmake_clean_first': False, 'cmake_force_configure': False, 'cmake_target': None, 'cmake_target_skip_unavailable': False, 'install_base': '/home/rafaella/ros2_ws/install/stage_ros2', 'merge_install': False, 'meson_args': [], 'path': '/home/rafaella/ros2_ws/src/stage_ros2', 'symlink_install': False, 'test_result_base': None}
[2.000s] INFO:colcon.colcon_core.executor:Executing jobs using 'parallel' executor
[2.003s] DEBUG:colcon.colcon_parallel_executor.executor.parallel:run_until_complete
[2.004s] INFO:colcon.colcon_cmake.task.cmake.build:Building CMake package in '/home/rafaella/ros2_ws/src/Stage'
[2.012s] INFO:colcon.colcon_core.plugin_system:Skipping extension 'colcon_core.shell.bat': Not used on non-Windows systems
[2.013s] DEBUG:colcon.colcon_ros_domain_id_coordinator.shell.ros_domain_id:Allocated ROS_DOMAIN_ID=59 for '/home/rafaella/ros2_ws/build/Stage'
[2.013s] INFO:colcon.colcon_core.shell:Skip shell extension 'ros_domain_id' for command environment: 
[2.014s] INFO:colcon.colcon_core.shell:Skip shell extension 'powershell' for command environment: Not usable outside of PowerShell
[2.014s] DEBUG:colcon.colcon_core.shell:Skip shell extension 'dsv' for command environment
[2.030s] INFO:colcon.colcon_ros.task.ament_python.build:Building ROS package in '/home/rafaella/ros2_ws/src/trab_stage_pkg' with build type 'ament_python'
[2.031s] Level 1:colcon.colcon_core.shell:create_environment_hook('trab_stage_pkg', 'ament_prefix_path')
[2.033s] INFO:colcon.colcon_core.shell:Creating environment hook '/home/rafaella/ros2_ws/install/trab_stage_pkg/share/trab_stage_pkg/hook/ament_prefix_path.ps1'
[2.036s] INFO:colcon.colcon_core.shell:Creating environment descriptor '/home/rafaella/ros2_ws/install/trab_stage_pkg/share/trab_stage_pkg/hook/ament_prefix_path.dsv'
[2.039s] INFO:colcon.colcon_core.shell:Creating environment hook '/home/rafaella/ros2_ws/install/trab_stage_pkg/share/trab_stage_pkg/hook/ament_prefix_path.sh'
[2.044s] DEBUG:colcon.colcon_ros_domain_id_coordinator.shell.ros_domain_id:Allocated ROS_DOMAIN_ID=231 for '/home/rafaella/ros2_ws/build/trab_stage_pkg'
[2.044s] INFO:colcon.colcon_core.shell:Skip shell extension 'ros_domain_id' for command environment: 
[2.044s] INFO:colcon.colcon_core.shell:Skip shell extension 'powershell' for command environment: Not usable outside of PowerShell
[2.045s] DEBUG:colcon.colcon_core.shell:Skip shell extension 'dsv' for command environment
[2.095s] DEBUG:colcon.colcon_core.event_handler.log_command:Invoking command in '/home/rafaella/ros2_ws/build/Stage': /usr/bin/cmake --build /home/rafaella/ros2_ws/build/Stage -- -j4 -l4
[3.840s] INFO:colcon.colcon_core.task.python.build:Building Python package in '/home/rafaella/ros2_ws/src/trab_stage_pkg'
[3.843s] DEBUG:colcon.colcon_ros_domain_id_coordinator.shell.ros_domain_id:Allocated ROS_DOMAIN_ID=231 for '/home/rafaella/ros2_ws/build/trab_stage_pkg'
[3.844s] INFO:colcon.colcon_core.shell:Skip shell extension 'ros_domain_id' for command environment: 
[3.844s] INFO:colcon.colcon_core.shell:Skip shell extension 'powershell' for command environment: Not usable outside of PowerShell
[3.844s] DEBUG:colcon.colcon_core.shell:Skip shell extension 'dsv' for command environment
[3.873s] DEBUG:colcon.colcon_core.event_handler.log_command:Invoked command in '/home/rafaella/ros2_ws/build/Stage' returned '0': /usr/bin/cmake --build /home/rafaella/ros2_ws/build/Stage -- -j4 -l4
[3.905s] DEBUG:colcon.colcon_core.event_handler.log_command:Invoking command in '/home/rafaella/ros2_ws/build/Stage': /usr/bin/cmake --install /home/rafaella/ros2_ws/build/Stage
[3.992s] Level 1:colcon.colcon_core.environment:create_environment_scripts_only(Stage)
[4.015s] Level 1:colcon.colcon_core.environment:checking '/home/rafaella/ros2_ws/install/Stage' for CMake module files
[4.021s] Level 1:colcon.colcon_core.environment:checking '/home/rafaella/ros2_ws/install/Stage' for CMake config files
[4.022s] Level 1:colcon.colcon_core.shell:create_environment_hook('Stage', 'cmake_prefix_path')
[4.024s] INFO:colcon.colcon_core.shell:Creating environment hook '/home/rafaella/ros2_ws/install/Stage/share/Stage/hook/cmake_prefix_path.ps1'
[4.028s] INFO:colcon.colcon_core.shell:Creating environment descriptor '/home/rafaella/ros2_ws/install/Stage/share/Stage/hook/cmake_prefix_path.dsv'
[4.031s] INFO:colcon.colcon_core.shell:Creating environment hook '/home/rafaella/ros2_ws/install/Stage/share/Stage/hook/cmake_prefix_path.sh'
[4.036s] Level 1:colcon.colcon_core.environment:checking '/home/rafaella/ros2_ws/install/Stage/lib'
[4.037s] Level 1:colcon.colcon_core.shell:create_environment_hook('Stage', 'ld_library_path_lib')
[4.038s] INFO:colcon.colcon_core.shell:Creating environment hook '/home/rafaella/ros2_ws/install/Stage/share/Stage/hook/ld_library_path_lib.ps1'
[4.042s] INFO:colcon.colcon_core.shell:Creating environment descriptor '/home/rafaella/ros2_ws/install/Stage/share/Stage/hook/ld_library_path_lib.dsv'
[4.043s] INFO:colcon.colcon_core.shell:Creating environment hook '/home/rafaella/ros2_ws/install/Stage/share/Stage/hook/ld_library_path_lib.sh'
[4.046s] DEBUG:colcon.colcon_core.event_handler.log_command:Invoked command in '/home/rafaella/ros2_ws/build/Stage' returned '0': /usr/bin/cmake --install /home/rafaella/ros2_ws/build/Stage
[4.047s] Level 1:colcon.colcon_core.environment:checking '/home/rafaella/ros2_ws/install/Stage/bin'
[4.047s] Level 1:colcon.colcon_core.shell:create_environment_hook('Stage', 'path')
[4.048s] INFO:colcon.colcon_core.shell:Creating environment hook '/home/rafaella/ros2_ws/install/Stage/share/Stage/hook/path.ps1'
[4.051s] INFO:colcon.colcon_core.shell:Creating environment descriptor '/home/rafaella/ros2_ws/install/Stage/share/Stage/hook/path.dsv'
[4.052s] INFO:colcon.colcon_core.shell:Creating environment hook '/home/rafaella/ros2_ws/install/Stage/share/Stage/hook/path.sh'
[4.054s] Level 1:colcon.colcon_core.environment:checking '/home/rafaella/ros2_ws/install/Stage/lib/pkgconfig/Stage.pc'
[4.054s] Level 1:colcon.colcon_core.environment:checking '/home/rafaella/ros2_ws/install/Stage/lib/python3.10/site-packages'
[4.055s] Level 1:colcon.colcon_core.environment:checking '/home/rafaella/ros2_ws/install/Stage/bin'
[4.056s] Level 1:colcon.colcon_core.shell:create_environment_hook('Stage', 'pythonscriptspath')
[4.057s] INFO:colcon.colcon_core.shell:Creating environment hook '/home/rafaella/ros2_ws/install/Stage/share/Stage/hook/pythonscriptspath.ps1'
[4.058s] INFO:colcon.colcon_core.shell:Creating environment descriptor '/home/rafaella/ros2_ws/install/Stage/share/Stage/hook/pythonscriptspath.dsv'
[4.060s] INFO:colcon.colcon_core.shell:Creating environment hook '/home/rafaella/ros2_ws/install/Stage/share/Stage/hook/pythonscriptspath.sh'
[4.063s] INFO:colcon.colcon_core.shell:Creating package script '/home/rafaella/ros2_ws/install/Stage/share/Stage/package.ps1'
[4.070s] INFO:colcon.colcon_core.shell:Creating package descriptor '/home/rafaella/ros2_ws/install/Stage/share/Stage/package.dsv'
[4.073s] INFO:colcon.colcon_core.shell:Creating package script '/home/rafaella/ros2_ws/install/Stage/share/Stage/package.sh'
[4.076s] INFO:colcon.colcon_core.shell:Creating package script '/home/rafaella/ros2_ws/install/Stage/share/Stage/package.bash'
[4.079s] INFO:colcon.colcon_core.shell:Creating package script '/home/rafaella/ros2_ws/install/Stage/share/Stage/package.zsh'
[4.082s] Level 1:colcon.colcon_core.environment:create_file_with_runtime_dependencies(/home/rafaella/ros2_ws/install/Stage/share/colcon-core/packages/Stage)
[4.084s] DEBUG:colcon.colcon_ros_domain_id_coordinator.shell.ros_domain_id:Released ROS_DOMAIN_ID=59 for '/home/rafaella/ros2_ws/build/Stage'
[4.085s] INFO:colcon.colcon_ros.task.ament_cmake.build:Building ROS package in '/home/rafaella/ros2_ws/src/stage_ros2' with build type 'ament_cmake'
[4.086s] INFO:colcon.colcon_cmake.task.cmake.build:Building CMake package in '/home/rafaella/ros2_ws/src/stage_ros2'
[4.087s] DEBUG:colcon.colcon_ros_domain_id_coordinator.shell.ros_domain_id:Allocated ROS_DOMAIN_ID=227 for '/home/rafaella/ros2_ws/build/stage_ros2'
[4.087s] INFO:colcon.colcon_core.shell:Skip shell extension 'ros_domain_id' for command environment: 
[4.087s] INFO:colcon.colcon_core.shell:Skip shell extension 'powershell' for command environment: Not usable outside of PowerShell
[4.088s] DEBUG:colcon.colcon_core.shell:Skip shell extension 'dsv' for command environment
[4.135s] DEBUG:colcon.colcon_core.event_handler.log_command:Invoking command in '/home/rafaella/ros2_ws/build/stage_ros2': CMAKE_PREFIX_PATH=/home/rafaella/ros2_ws/install/Stage:/home/rafaella/ros2_ws/install/stage_ros2:/home/rafaella/ros2_ws/install/trab_stage_pkg:/opt/ros/humble:/home/rafaella/ros2_ws/install/stage LD_LIBRARY_PATH=/home/rafaella/ros2_ws/install/Stage/lib:/home/rafaella/ros2_ws/install/stage_ros2/lib:/home/rafaella/ros2_ws/install/stage/lib:/opt/ros/humble/lib/x86_64-linux-gnu:/opt/ros/humble/lib PATH=/home/rafaella/ros2_ws/install/Stage/bin:/home/rafaella/ros2_ws/install/stage/bin:/opt/ros/humble/bin:/usr/local/sbin:/usr/local/bin:/usr/sbin:/usr/bin:/sbin:/bin:/usr/games:/usr/local/games:/snap/bin:/snap/bin /usr/bin/cmake --build /home/rafaella/ros2_ws/build/stage_ros2 -- -j4 -l4
[4.579s] DEBUG:colcon.colcon_core.event_handler.log_command:Invoked command in '/home/rafaella/ros2_ws/build/stage_ros2' returned '0': CMAKE_PREFIX_PATH=/home/rafaella/ros2_ws/install/Stage:/home/rafaella/ros2_ws/install/stage_ros2:/home/rafaella/ros2_ws/install/trab_stage_pkg:/opt/ros/humble:/home/rafaella/ros2_ws/install/stage LD_LIBRARY_PATH=/home/rafaella/ros2_ws/install/Stage/lib:/home/rafaella/ros2_ws/install/stage_ros2/lib:/home/rafaella/ros2_ws/install/stage/lib:/opt/ros/humble/lib/x86_64-linux-gnu:/opt/ros/humble/lib PATH=/home/rafaella/ros2_ws/install/Stage/bin:/home/rafaella/ros2_ws/install/stage/bin:/opt/ros/humble/bin:/usr/local/sbin:/usr/local/bin:/usr/sbin:/usr/bin:/sbin:/bin:/usr/games:/usr/local/games:/snap/bin:/snap/bin /usr/bin/cmake --build /home/rafaella/ros2_ws/build/stage_ros2 -- -j4 -l4
[4.584s] DEBUG:colcon.colcon_core.event_handler.log_command:Invoking command in '/home/rafaella/ros2_ws/build/stage_ros2': CMAKE_PREFIX_PATH=/home/rafaella/ros2_ws/install/Stage:/home/rafaella/ros2_ws/install/stage_ros2:/home/rafaella/ros2_ws/install/trab_stage_pkg:/opt/ros/humble:/home/rafaella/ros2_ws/install/stage LD_LIBRARY_PATH=/home/rafaella/ros2_ws/install/Stage/lib:/home/rafaella/ros2_ws/install/stage_ros2/lib:/home/rafaella/ros2_ws/install/stage/lib:/opt/ros/humble/lib/x86_64-linux-gnu:/opt/ros/humble/lib PATH=/home/rafaella/ros2_ws/install/Stage/bin:/home/rafaella/ros2_ws/install/stage/bin:/opt/ros/humble/bin:/usr/local/sbin:/usr/local/bin:/usr/sbin:/usr/bin:/sbin:/bin:/usr/games:/usr/local/games:/snap/bin:/snap/bin /usr/bin/cmake --install /home/rafaella/ros2_ws/build/stage_ros2
[4.661s] Level 1:colcon.colcon_core.environment:create_environment_scripts_only(stage_ros2)
[4.662s] Level 1:colcon.colcon_core.environment:checking '/home/rafaella/ros2_ws/install/stage_ros2' for CMake module files
[4.664s] DEBUG:colcon.colcon_core.event_handler.log_command:Invoked command in '/home/rafaella/ros2_ws/build/stage_ros2' returned '0': CMAKE_PREFIX_PATH=/home/rafaella/ros2_ws/install/Stage:/home/rafaella/ros2_ws/install/stage_ros2:/home/rafaella/ros2_ws/install/trab_stage_pkg:/opt/ros/humble:/home/rafaella/ros2_ws/install/stage LD_LIBRARY_PATH=/home/rafaella/ros2_ws/install/Stage/lib:/home/rafaella/ros2_ws/install/stage_ros2/lib:/home/rafaella/ros2_ws/install/stage/lib:/opt/ros/humble/lib/x86_64-linux-gnu:/opt/ros/humble/lib PATH=/home/rafaella/ros2_ws/install/Stage/bin:/home/rafaella/ros2_ws/install/stage/bin:/opt/ros/humble/bin:/usr/local/sbin:/usr/local/bin:/usr/sbin:/usr/bin:/sbin:/bin:/usr/games:/usr/local/games:/snap/bin:/snap/bin /usr/bin/cmake --install /home/rafaella/ros2_ws/build/stage_ros2
[4.669s] Level 1:colcon.colcon_core.environment:checking '/home/rafaella/ros2_ws/install/stage_ros2' for CMake config files
[4.671s] Level 1:colcon.colcon_core.shell:create_environment_hook('stage_ros2', 'cmake_prefix_path')
[4.673s] INFO:colcon.colcon_core.shell:Creating environment hook '/home/rafaella/ros2_ws/install/stage_ros2/share/stage_ros2/hook/cmake_prefix_path.ps1'
[4.674s] INFO:colcon.colcon_core.shell:Creating environment descriptor '/home/rafaella/ros2_ws/install/stage_ros2/share/stage_ros2/hook/cmake_prefix_path.dsv'
[4.678s] INFO:colcon.colcon_core.shell:Creating environment hook '/home/rafaella/ros2_ws/install/stage_ros2/share/stage_ros2/hook/cmake_prefix_path.sh'
[4.684s] Level 1:colcon.colcon_core.environment:checking '/home/rafaella/ros2_ws/install/stage_ros2/lib'
[4.685s] Level 1:colcon.colcon_core.shell:create_environment_hook('stage_ros2', 'ld_library_path_lib')
[4.686s] INFO:colcon.colcon_core.shell:Creating environment hook '/home/rafaella/ros2_ws/install/stage_ros2/share/stage_ros2/hook/ld_library_path_lib.ps1'
[4.689s] INFO:colcon.colcon_core.shell:Creating environment descriptor '/home/rafaella/ros2_ws/install/stage_ros2/share/stage_ros2/hook/ld_library_path_lib.dsv'
[4.690s] INFO:colcon.colcon_core.shell:Creating environment hook '/home/rafaella/ros2_ws/install/stage_ros2/share/stage_ros2/hook/ld_library_path_lib.sh'
[4.693s] Level 1:colcon.colcon_core.environment:checking '/home/rafaella/ros2_ws/install/stage_ros2/bin'
[4.693s] Level 1:colcon.colcon_core.environment:checking '/home/rafaella/ros2_ws/install/stage_ros2/lib/pkgconfig/stage_ros2.pc'
[4.694s] Level 1:colcon.colcon_core.environment:checking '/home/rafaella/ros2_ws/install/stage_ros2/lib/python3.10/site-packages'
[4.695s] Level 1:colcon.colcon_core.environment:checking '/home/rafaella/ros2_ws/install/stage_ros2/bin'
[4.696s] INFO:colcon.colcon_core.shell:Creating package script '/home/rafaella/ros2_ws/install/stage_ros2/share/stage_ros2/package.ps1'
[4.697s] INFO:colcon.colcon_core.shell:Creating package descriptor '/home/rafaella/ros2_ws/install/stage_ros2/share/stage_ros2/package.dsv'
[4.699s] INFO:colcon.colcon_core.shell:Creating package script '/home/rafaella/ros2_ws/install/stage_ros2/share/stage_ros2/package.sh'
[4.700s] INFO:colcon.colcon_core.shell:Creating package script '/home/rafaella/ros2_ws/install/stage_ros2/share/stage_ros2/package.bash'
[4.701s] INFO:colcon.colcon_core.shell:Creating package script '/home/rafaella/ros2_ws/install/stage_ros2/share/stage_ros2/package.zsh'
[4.703s] Level 1:colcon.colcon_core.environment:create_file_with_runtime_dependencies(/home/rafaella/ros2_ws/install/stage_ros2/share/colcon-core/packages/stage_ros2)
[4.705s] Level 1:colcon.colcon_core.environment:create_environment_scripts_only(stage_ros2)
[4.706s] Level 1:colcon.colcon_core.environment:checking '/home/rafaella/ros2_ws/install/stage_ros2' for CMake module files
[4.707s] Level 1:colcon.colcon_core.environment:checking '/home/rafaella/ros2_ws/install/stage_ros2' for CMake config files
[4.708s] Level 1:colcon.colcon_core.shell:create_environment_hook('stage_ros2', 'cmake_prefix_path')
[4.709s] INFO:colcon.colcon_core.shell:Creating environment hook '/home/rafaella/ros2_ws/install/stage_ros2/share/stage_ros2/hook/cmake_prefix_path.ps1'
[4.710s] INFO:colcon.colcon_core.shell:Creating environment descriptor '/home/rafaella/ros2_ws/install/stage_ros2/share/stage_ros2/hook/cmake_prefix_path.dsv'
[4.711s] INFO:colcon.colcon_core.shell:Creating environment hook '/home/rafaella/ros2_ws/install/stage_ros2/share/stage_ros2/hook/cmake_prefix_path.sh'
[4.712s] Level 1:colcon.colcon_core.environment:checking '/home/rafaella/ros2_ws/install/stage_ros2/lib'
[4.712s] Level 1:colcon.colcon_core.shell:create_environment_hook('stage_ros2', 'ld_library_path_lib')
[4.713s] INFO:colcon.colcon_core.shell:Creating environment hook '/home/rafaella/ros2_ws/install/stage_ros2/share/stage_ros2/hook/ld_library_path_lib.ps1'
[4.714s] INFO:colcon.colcon_core.shell:Creating environment descriptor '/home/rafaella/ros2_ws/install/stage_ros2/share/stage_ros2/hook/ld_library_path_lib.dsv'
[4.715s] INFO:colcon.colcon_core.shell:Creating environment hook '/home/rafaella/ros2_ws/install/stage_ros2/share/stage_ros2/hook/ld_library_path_lib.sh'
[4.716s] Level 1:colcon.colcon_core.environment:checking '/home/rafaella/ros2_ws/install/stage_ros2/bin'
[4.716s] Level 1:colcon.colcon_core.environment:checking '/home/rafaella/ros2_ws/install/stage_ros2/lib/pkgconfig/stage_ros2.pc'
[4.717s] Level 1:colcon.colcon_core.environment:checking '/home/rafaella/ros2_ws/install/stage_ros2/lib/python3.10/site-packages'
[4.718s] Level 1:colcon.colcon_core.environment:checking '/home/rafaella/ros2_ws/install/stage_ros2/bin'
[4.719s] INFO:colcon.colcon_core.shell:Creating package script '/home/rafaella/ros2_ws/install/stage_ros2/share/stage_ros2/package.ps1'
[4.721s] INFO:colcon.colcon_core.shell:Creating package descriptor '/home/rafaella/ros2_ws/install/stage_ros2/share/stage_ros2/package.dsv'
[4.722s] INFO:colcon.colcon_core.shell:Creating package script '/home/rafaella/ros2_ws/install/stage_ros2/share/stage_ros2/package.sh'
[4.724s] INFO:colcon.colcon_core.shell:Creating package script '/home/rafaella/ros2_ws/install/stage_ros2/share/stage_ros2/package.bash'
[4.725s] INFO:colcon.colcon_core.shell:Creating package script '/home/rafaella/ros2_ws/install/stage_ros2/share/stage_ros2/package.zsh'
[4.726s] Level 1:colcon.colcon_core.environment:create_file_with_runtime_dependencies(/home/rafaella/ros2_ws/install/stage_ros2/share/colcon-core/packages/stage_ros2)
[4.727s] DEBUG:colcon.colcon_ros_domain_id_coordinator.shell.ros_domain_id:Released ROS_DOMAIN_ID=227 for '/home/rafaella/ros2_ws/build/stage_ros2'
[5.283s] DEBUG:colcon.colcon_core.event_handler.log_command:Invoking command in '/home/rafaella/ros2_ws/src/trab_stage_pkg': PYTHONPATH=/home/rafaella/ros2_ws/build/trab_stage_pkg/prefix_override:/usr/lib/python3/dist-packages/colcon_core/task/python/colcon_distutils_commands:/home/rafaella/ros2_ws/install/trab_stage_pkg/lib/python3.10/site-packages:${PYTHONPATH} /usr/bin/python3 -W ignore:setup.py install is deprecated -W ignore:easy_install command is deprecated setup.py egg_info --egg-base ../../build/trab_stage_pkg build --build-base /home/rafaella/ros2_ws/build/trab_stage_pkg/build install --record /home/rafaella/ros2_ws/build/trab_stage_pkg/install.log --single-version-externally-managed install_data
[6.113s] Level 1:colcon.colcon_core.environment:checking '/home/rafaella/ros2_ws/install/trab_stage_pkg' for CMake module files
[6.115s] DEBUG:colcon.colcon_core.event_handler.log_command:Invoked command in '/home/rafaella/ros2_ws/src/trab_stage_pkg' returned '0': PYTHONPATH=/home/rafaella/ros2_ws/build/trab_stage_pkg/prefix_override:/usr/lib/python3/dist-packages/colcon_core/task/python/colcon_distutils_commands:/home/rafaella/ros2_ws/install/trab_stage_pkg/lib/python3.10/site-packages:${PYTHONPATH} /usr/bin/python3 -W ignore:setup.py install is deprecated -W ignore:easy_install command is deprecated setup.py egg_info --egg-base ../../build/trab_stage_pkg build --build-base /home/rafaella/ros2_ws/build/trab_stage_pkg/build install --record /home/rafaella/ros2_ws/build/trab_stage_pkg/install.log --single-version-externally-managed install_data
[6.116s] Level 1:colcon.colcon_core.environment:checking '/home/rafaella/ros2_ws/install/trab_stage_pkg' for CMake config files
[6.118s] Level 1:colcon.colcon_core.environment:checking '/home/rafaella/ros2_ws/install/trab_stage_pkg/lib'
[6.118s] Level 1:colcon.colcon_core.environment:checking '/home/rafaella/ros2_ws/install/trab_stage_pkg/bin'
[6.118s] Level 1:colcon.colcon_core.environment:checking '/home/rafaella/ros2_ws/install/trab_stage_pkg/lib/pkgconfig/trab_stage_pkg.pc'
[6.119s] Level 1:colcon.colcon_core.environment:checking '/home/rafaella/ros2_ws/install/trab_stage_pkg/lib/python3.10/site-packages'
[6.119s] Level 1:colcon.colcon_core.shell:create_environment_hook('trab_stage_pkg', 'pythonpath')
[6.120s] INFO:colcon.colcon_core.shell:Creating environment hook '/home/rafaella/ros2_ws/install/trab_stage_pkg/share/trab_stage_pkg/hook/pythonpath.ps1'
[6.122s] INFO:colcon.colcon_core.shell:Creating environment descriptor '/home/rafaella/ros2_ws/install/trab_stage_pkg/share/trab_stage_pkg/hook/pythonpath.dsv'
[6.123s] INFO:colcon.colcon_core.shell:Creating environment hook '/home/rafaella/ros2_ws/install/trab_stage_pkg/share/trab_stage_pkg/hook/pythonpath.sh'
[6.126s] Level 1:colcon.colcon_core.environment:checking '/home/rafaella/ros2_ws/install/trab_stage_pkg/bin'
[6.126s] Level 1:colcon.colcon_core.environment:create_environment_scripts_only(trab_stage_pkg)
[6.127s] INFO:colcon.colcon_core.shell:Creating package script '/home/rafaella/ros2_ws/install/trab_stage_pkg/share/trab_stage_pkg/package.ps1'
[6.129s] INFO:colcon.colcon_core.shell:Creating package descriptor '/home/rafaella/ros2_ws/install/trab_stage_pkg/share/trab_stage_pkg/package.dsv'
[6.130s] INFO:colcon.colcon_core.shell:Creating package script '/home/rafaella/ros2_ws/install/trab_stage_pkg/share/trab_stage_pkg/package.sh'
[6.132s] INFO:colcon.colcon_core.shell:Creating package script '/home/rafaella/ros2_ws/install/trab_stage_pkg/share/trab_stage_pkg/package.bash'
[6.133s] INFO:colcon.colcon_core.shell:Creating package script '/home/rafaella/ros2_ws/install/trab_stage_pkg/share/trab_stage_pkg/package.zsh'
[6.134s] Level 1:colcon.colcon_core.environment:create_file_with_runtime_dependencies(/home/rafaella/ros2_ws/install/trab_stage_pkg/share/colcon-core/packages/trab_stage_pkg)
[6.135s] DEBUG:colcon.colcon_parallel_executor.executor.parallel:closing loop
[6.135s] DEBUG:colcon.colcon_ros_domain_id_coordinator.shell.ros_domain_id:Released ROS_DOMAIN_ID=231 for '/home/rafaella/ros2_ws/build/trab_stage_pkg'
[6.136s] DEBUG:colcon.colcon_parallel_executor.executor.parallel:loop closed
[6.136s] DEBUG:colcon.colcon_parallel_executor.executor.parallel:run_until_complete finished with '0'
[6.137s] DEBUG:colcon.colcon_core.event_reactor:joining thread
[6.152s] INFO:colcon.colcon_core.plugin_system:Skipping extension 'colcon_notification.desktop_notification.terminal_notifier': Not used on non-Darwin systems
[6.152s] INFO:colcon.colcon_core.plugin_system:Skipping extension 'colcon_notification.desktop_notification.win32': Not used on non-Windows systems
[6.152s] INFO:colcon.colcon_notification.desktop_notification:Sending desktop notification using 'notify2'
[6.188s] DEBUG:colcon.colcon_core.event_reactor:joined thread
[6.189s] INFO:colcon.colcon_core.shell:Creating prefix script '/home/rafaella/ros2_ws/install/local_setup.ps1'
[6.192s] INFO:colcon.colcon_core.shell:Creating prefix util module '/home/rafaella/ros2_ws/install/_local_setup_util_ps1.py'
[6.196s] INFO:colcon.colcon_core.shell:Creating prefix chain script '/home/rafaella/ros2_ws/install/setup.ps1'
[6.199s] INFO:colcon.colcon_core.shell:Creating prefix script '/home/rafaella/ros2_ws/install/local_setup.sh'
[6.201s] INFO:colcon.colcon_core.shell:Creating prefix util module '/home/rafaella/ros2_ws/install/_local_setup_util_sh.py'
[6.202s] INFO:colcon.colcon_core.shell:Creating prefix chain script '/home/rafaella/ros2_ws/install/setup.sh'
[6.206s] INFO:colcon.colcon_core.shell:Creating prefix script '/home/rafaella/ros2_ws/install/local_setup.bash'
[6.207s] INFO:colcon.colcon_core.shell:Creating prefix chain script '/home/rafaella/ros2_ws/install/setup.bash'
[6.211s] INFO:colcon.colcon_core.shell:Creating prefix script '/home/rafaella/ros2_ws/install/local_setup.zsh'
[6.212s] INFO:colcon.colcon_core.shell:Creating prefix chain script '/home/rafaella/ros2_ws/install/setup.zsh'
[6.215s] INFO:colcon.colcon_core.shell:Creating '/home/rafaella/ros2_ws/install/spawn_shell.bash'
