[0.068s] Invoking command in '/home/rafaella/ros2_ws/build/stage_ros2': CMAKE_PREFIX_PATH=/home/rafaella/ros2_ws/install/Stage:/home/rafaella/ros2_ws/install/stage_ros2:/home/rafaella/ros2_ws/install/trab_stage_pkg:/opt/ros/humble:/home/rafaella/ros2_ws/install/stage LD_LIBRARY_PATH=/home/rafaella/ros2_ws/install/Stage/lib:/home/rafaella/ros2_ws/install/stage_ros2/lib:/home/rafaella/ros2_ws/install/stage/lib:/opt/ros/humble/lib/x86_64-linux-gnu:/opt/ros/humble/lib PATH=/home/rafaella/ros2_ws/install/Stage/bin:/home/rafaella/ros2_ws/install/stage/bin:/opt/ros/humble/bin:/usr/local/sbin:/usr/local/bin:/usr/sbin:/usr/bin:/sbin:/bin:/usr/games:/usr/local/games:/snap/bin:/snap/bin /usr/bin/cmake --build /home/rafaella/ros2_ws/build/stage_ros2 -- -j4 -l4
[0.733s] [ 71%] Built target stage_node
[1.084s] [100%] Built target stage_ros2
[1.181s] Invoked command in '/home/rafaella/ros2_ws/build/stage_ros2' returned '0': CMAKE_PREFIX_PATH=/home/rafaella/ros2_ws/install/Stage:/home/rafaella/ros2_ws/install/stage_ros2:/home/rafaella/ros2_ws/install/trab_stage_pkg:/opt/ros/humble:/home/rafaella/ros2_ws/install/stage LD_LIBRARY_PATH=/home/rafaella/ros2_ws/install/Stage/lib:/home/rafaella/ros2_ws/install/stage_ros2/lib:/home/rafaella/ros2_ws/install/stage/lib:/opt/ros/humble/lib/x86_64-linux-gnu:/opt/ros/humble/lib PATH=/home/rafaella/ros2_ws/install/Stage/bin:/home/rafaella/ros2_ws/install/stage/bin:/opt/ros/humble/bin:/usr/local/sbin:/usr/local/bin:/usr/sbin:/usr/bin:/sbin:/bin:/usr/games:/usr/local/games:/snap/bin:/snap/bin /usr/bin/cmake --build /home/rafaella/ros2_ws/build/stage_ros2 -- -j4 -l4
[1.193s] Invoking command in '/home/rafaella/ros2_ws/build/stage_ros2': CMAKE_PREFIX_PATH=/home/rafaella/ros2_ws/install/Stage:/home/rafaella/ros2_ws/install/stage_ros2:/home/rafaella/ros2_ws/install/trab_stage_pkg:/opt/ros/humble:/home/rafaella/ros2_ws/install/stage LD_LIBRARY_PATH=/home/rafaella/ros2_ws/install/Stage/lib:/home/rafaella/ros2_ws/install/stage_ros2/lib:/home/rafaella/ros2_ws/install/stage/lib:/opt/ros/humble/lib/x86_64-linux-gnu:/opt/ros/humble/lib PATH=/home/rafaella/ros2_ws/install/Stage/bin:/home/rafaella/ros2_ws/install/stage/bin:/opt/ros/humble/bin:/usr/local/sbin:/usr/local/bin:/usr/sbin:/usr/bin:/sbin:/bin:/usr/games:/usr/local/games:/snap/bin:/snap/bin /usr/bin/cmake --install /home/rafaella/ros2_ws/build/stage_ros2
[1.252s] -- Install configuration: ""
[1.256s] -- Execute custom install script
[1.258s] -- Up-to-date symlink: /home/rafaella/ros2_ws/install/stage_ros2/share/stage_ros2/environment/library_path.sh
[1.258s] -- Up-to-date symlink: /home/rafaella/ros2_ws/install/stage_ros2/share/stage_ros2/environment/library_path.dsv
[1.261s] -- Up-to-date symlink: /home/rafaella/ros2_ws/install/stage_ros2/share/stage_ros2//launch/stage.launch.py
[1.262s] -- Up-to-date symlink: /home/rafaella/ros2_ws/install/stage_ros2/share/stage_ros2//world/bitmaps/new_cave.png
[1.263s] -- Up-to-date symlink: /home/rafaella/ros2_ws/install/stage_ros2/share/stage_ros2//world/include/pioneer2dx.inc
[1.264s] -- Up-to-date symlink: /home/rafaella/ros2_ws/install/stage_ros2/share/stage_ros2//world/include/robots.inc
[1.266s] -- Up-to-date symlink: /home/rafaella/ros2_ws/install/stage_ros2/share/stage_ros2//world/new_cave.world
[1.268s] -- Up-to-date symlink: /home/rafaella/ros2_ws/install/stage_ros2/share/stage_ros2//config/rviz/cave.rviz
[1.269s] -- Up-to-date symlink: /home/rafaella/ros2_ws/install/stage_ros2/share/stage_ros2//config/rviz/cave_seven_robots.rviz
[1.271s] -- Up-to-date symlink: /home/rafaella/ros2_ws/install/stage_ros2/share/stage_ros2//config/rviz/cave_three_robots.rviz
[1.273s] -- Up-to-date symlink: /home/rafaella/ros2_ws/install/stage_ros2/share/stage_ros2//config/rviz/lines.rviz
[1.273s] -- Up-to-date symlink: /home/rafaella/ros2_ws/install/stage_ros2/share/stage_ros2//config/rviz/robot0.rviz
[1.276s] -- Up-to-date symlink: /home/rafaella/ros2_ws/install/stage_ros2/share/stage_ros2//config/rviz/robot_ns.rviz
[1.278s] -- Up-to-date symlink: /home/rafaella/ros2_ws/install/stage_ros2/share/stage_ros2//config/rviz/robot_ns_depth.rviz
[1.280s] -- Up-to-date symlink: /home/rafaella/ros2_ws/install/stage_ros2/share/stage_ros2//config/teleop_twist_joy/f710.config.yaml
[1.280s] -- Up-to-date symlink: /home/rafaella/ros2_ws/install/stage_ros2/lib/libstage_node.so
[1.282s] -- Up-to-date symlink: /home/rafaella/ros2_ws/install/stage_ros2/lib/stage_ros2/stage_ros2
[1.284s] -- Up-to-date symlink: /home/rafaella/ros2_ws/install/stage_ros2/share/ament_index/resource_index/package_run_dependencies/stage_ros2
[1.285s] -- Up-to-date symlink: /home/rafaella/ros2_ws/install/stage_ros2/share/ament_index/resource_index/parent_prefix_path/stage_ros2
[1.286s] -- Up-to-date symlink: /home/rafaella/ros2_ws/install/stage_ros2/share/stage_ros2/environment/ament_prefix_path.sh
[1.286s] -- Up-to-date symlink: /home/rafaella/ros2_ws/install/stage_ros2/share/stage_ros2/environment/ament_prefix_path.dsv
[1.287s] -- Up-to-date symlink: /home/rafaella/ros2_ws/install/stage_ros2/share/stage_ros2/environment/path.sh
[1.287s] -- Up-to-date symlink: /home/rafaella/ros2_ws/install/stage_ros2/share/stage_ros2/environment/path.dsv
[1.293s] -- Up-to-date symlink: /home/rafaella/ros2_ws/install/stage_ros2/share/stage_ros2/local_setup.bash
[1.293s] -- Up-to-date symlink: /home/rafaella/ros2_ws/install/stage_ros2/share/stage_ros2/local_setup.sh
[1.293s] -- Up-to-date symlink: /home/rafaella/ros2_ws/install/stage_ros2/share/stage_ros2/local_setup.zsh
[1.294s] -- Up-to-date symlink: /home/rafaella/ros2_ws/install/stage_ros2/share/stage_ros2/local_setup.dsv
[1.294s] -- Symlinking: /home/rafaella/ros2_ws/install/stage_ros2/share/stage_ros2/package.dsv
[1.392s] -- Up-to-date symlink: /home/rafaella/ros2_ws/install/stage_ros2/share/ament_index/resource_index/packages/stage_ros2
[1.393s] -- Up-to-date symlink: /home/rafaella/ros2_ws/install/stage_ros2/share/stage_ros2/cmake/stage_ros2Config.cmake
[1.398s] -- Up-to-date symlink: /home/rafaella/ros2_ws/install/stage_ros2/share/stage_ros2/cmake/stage_ros2Config-version.cmake
[1.398s] -- Up-to-date symlink: /home/rafaella/ros2_ws/install/stage_ros2/share/stage_ros2/package.xml
[1.415s] Invoked command in '/home/rafaella/ros2_ws/build/stage_ros2' returned '0': CMAKE_PREFIX_PATH=/home/rafaella/ros2_ws/install/Stage:/home/rafaella/ros2_ws/install/stage_ros2:/home/rafaella/ros2_ws/install/trab_stage_pkg:/opt/ros/humble:/home/rafaella/ros2_ws/install/stage LD_LIBRARY_PATH=/home/rafaella/ros2_ws/install/Stage/lib:/home/rafaella/ros2_ws/install/stage_ros2/lib:/home/rafaella/ros2_ws/install/stage/lib:/opt/ros/humble/lib/x86_64-linux-gnu:/opt/ros/humble/lib PATH=/home/rafaella/ros2_ws/install/Stage/bin:/home/rafaella/ros2_ws/install/stage/bin:/opt/ros/humble/bin:/usr/local/sbin:/usr/local/bin:/usr/sbin:/usr/bin:/sbin:/bin:/usr/games:/usr/local/games:/snap/bin:/snap/bin /usr/bin/cmake --install /home/rafaella/ros2_ws/build/stage_ros2
