[0.047s] Invoking command in '/home/rafaella/ros2_ws/build/Stage': /usr/bin/cmake --build /home/rafaella/ros2_ws/build/Stage -- -j4 -l4
[0.309s] [ 57%] Built target stage
[0.485s] [ 61%] Built target stagebinary
[0.497s] [ 64%] Built target sink
[0.511s] [ 67%] Built target fasr
[0.553s] [ 71%] Built target source
[0.646s] [ 74%] Built target wander
[0.677s] [ 77%] Built target rasterize
[0.701s] [ 81%] Built target pioneer_flocking
[0.747s] [ 84%] Built target lasernoise
[0.764s] [ 88%] Built target dynamic
[0.868s] [ 93%] Built target fasr2
[0.871s] [ 96%] Built target expand_swarm
[0.886s] [100%] Built target expand_pioneer
[1.434s] Invoked command in '/home/rafaella/ros2_ws/build/Stage' returned '0': /usr/bin/cmake --build /home/rafaella/ros2_ws/build/Stage -- -j4 -l4
[1.463s] Invoking command in '/home/rafaella/ros2_ws/build/Stage': /usr/bin/cmake --install /home/rafaella/ros2_ws/build/Stage
[1.505s] -- Install configuration: "RELEASE"
[1.506s] -- Up-to-date: /home/rafaella/ros2_ws/install/Stage/lib/pkgconfig/stage.pc
[1.506s] -- Up-to-date: /home/rafaella/ros2_ws/install/Stage/lib/cmake/Stage/stage-config.cmake
[1.507s] -- Up-to-date: /home/rafaella/ros2_ws/install/Stage/lib/cmake/Stage/stage-config-version.cmake
[1.509s] -- Up-to-date: /home/rafaella/ros2_ws/install/Stage/bin/stage
[1.512s] -- Up-to-date: /home/rafaella/ros2_ws/install/Stage/lib/libstage.so.4.3.0
[1.512s] -- Up-to-date: /home/rafaella/ros2_ws/install/Stage/lib/libstage.so
[1.513s] -- Up-to-date: /home/rafaella/ros2_ws/install/Stage/include/Stage-4.3/stage.hh
[1.522s] -- Up-to-date: /home/rafaella/ros2_ws/install/Stage/lib/Stage-4.3/fasr.so
[1.524s] -- Up-to-date: /home/rafaella/ros2_ws/install/Stage/lib/Stage-4.3/sink.so
[1.528s] -- Up-to-date: /home/rafaella/ros2_ws/install/Stage/lib/Stage-4.3/source.so
[1.530s] -- Up-to-date: /home/rafaella/ros2_ws/install/Stage/lib/Stage-4.3/wander.so
[1.532s] -- Up-to-date: /home/rafaella/ros2_ws/install/Stage/lib/Stage-4.3/pioneer_flocking.so
[1.534s] -- Up-to-date: /home/rafaella/ros2_ws/install/Stage/lib/Stage-4.3/rasterize.so
[1.538s] -- Up-to-date: /home/rafaella/ros2_ws/install/Stage/lib/Stage-4.3/lasernoise.so
[1.540s] -- Up-to-date: /home/rafaella/ros2_ws/install/Stage/lib/Stage-4.3/dynamic.so
[1.542s] -- Up-to-date: /home/rafaella/ros2_ws/install/Stage/lib/Stage-4.3/fasr2.so
[1.544s] -- Up-to-date: /home/rafaella/ros2_ws/install/Stage/share/stage/assets/blue.png
[1.545s] -- Up-to-date: /home/rafaella/ros2_ws/install/Stage/share/stage/assets/death.png
[1.545s] -- Up-to-date: /home/rafaella/ros2_ws/install/Stage/share/stage/assets/green.png
[1.546s] -- Up-to-date: /home/rafaella/ros2_ws/install/Stage/share/stage/assets/logo.png
[1.546s] -- Up-to-date: /home/rafaella/ros2_ws/install/Stage/share/stage/assets/mains.png
[1.547s] -- Up-to-date: /home/rafaella/ros2_ws/install/Stage/share/stage/assets/mainspower.png
[1.548s] -- Up-to-date: /home/rafaella/ros2_ws/install/Stage/share/stage/assets/question_mark.png
[1.548s] -- Up-to-date: /home/rafaella/ros2_ws/install/Stage/share/stage/assets/red.png
[1.549s] -- Up-to-date: /home/rafaella/ros2_ws/install/Stage/share/stage/assets/stagelogo.png
[1.549s] -- Up-to-date: /home/rafaella/ros2_ws/install/Stage/share/stage/assets/stall-old.png
[1.550s] -- Up-to-date: /home/rafaella/ros2_ws/install/Stage/share/stage/assets/stall.png
[1.550s] -- Up-to-date: /home/rafaella/ros2_ws/install/Stage/share/stage/assets/rgb.txt
[1.552s] -- Up-to-date: /home/rafaella/ros2_ws/install/Stage/share/stage/rgb.txt
[1.554s] -- Up-to-date: /home/rafaella/ros2_ws/install/Stage/share/stage/worlds/amcl-sonar.cfg
[1.554s] -- Up-to-date: /home/rafaella/ros2_ws/install/Stage/share/stage/worlds/autolab.cfg
[1.555s] -- Up-to-date: /home/rafaella/ros2_ws/install/Stage/share/stage/worlds/camera.cfg
[1.555s] -- Up-to-date: /home/rafaella/ros2_ws/install/Stage/share/stage/worlds/everything.cfg
[1.556s] -- Up-to-date: /home/rafaella/ros2_ws/install/Stage/share/stage/worlds/lsp_test.cfg
[1.556s] -- Up-to-date: /home/rafaella/ros2_ws/install/Stage/share/stage/worlds/mbicp.cfg
[1.557s] -- Up-to-date: /home/rafaella/ros2_ws/install/Stage/share/stage/worlds/nd.cfg
[1.557s] -- Up-to-date: /home/rafaella/ros2_ws/install/Stage/share/stage/worlds/roomba.cfg
[1.558s] -- Up-to-date: /home/rafaella/ros2_ws/install/Stage/share/stage/worlds/simple.cfg
[1.559s] -- Up-to-date: /home/rafaella/ros2_ws/install/Stage/share/stage/worlds/test.cfg
[1.559s] -- Up-to-date: /home/rafaella/ros2_ws/install/Stage/share/stage/worlds/uoa_robotics_lab.cfg
[1.560s] -- Up-to-date: /home/rafaella/ros2_ws/install/Stage/share/stage/worlds/vfh.cfg
[1.567s] -- Up-to-date: /home/rafaella/ros2_ws/install/Stage/share/stage/worlds/wavefront-remote.cfg
[1.568s] -- Up-to-date: /home/rafaella/ros2_ws/install/Stage/share/stage/worlds/wavefront.cfg
[1.568s] -- Up-to-date: /home/rafaella/ros2_ws/install/Stage/share/stage/worlds/wifi.cfg
[1.568s] -- Up-to-date: /home/rafaella/ros2_ws/install/Stage/share/stage/worlds/SFU.world
[1.568s] -- Up-to-date: /home/rafaella/ros2_ws/install/Stage/share/stage/worlds/autolab.world
[1.569s] -- Up-to-date: /home/rafaella/ros2_ws/install/Stage/share/stage/worlds/camera.world
[1.569s] -- Up-to-date: /home/rafaella/ros2_ws/install/Stage/share/stage/worlds/circuit.world
[1.569s] -- Up-to-date: /home/rafaella/ros2_ws/install/Stage/share/stage/worlds/everything.world
[1.570s] -- Up-to-date: /home/rafaella/ros2_ws/install/Stage/share/stage/worlds/fasr.world
[1.570s] -- Up-to-date: /home/rafaella/ros2_ws/install/Stage/share/stage/worlds/fasr2.world
[1.570s] -- Up-to-date: /home/rafaella/ros2_ws/install/Stage/share/stage/worlds/fasr_plan.world
[1.570s] -- Up-to-date: /home/rafaella/ros2_ws/install/Stage/share/stage/worlds/large.world
[1.571s] -- Up-to-date: /home/rafaella/ros2_ws/install/Stage/share/stage/worlds/lsp_test.world
[1.571s] -- Up-to-date: /home/rafaella/ros2_ws/install/Stage/share/stage/worlds/mbicp.world
[1.571s] -- Up-to-date: /home/rafaella/ros2_ws/install/Stage/share/stage/worlds/pioneer_flocking.world
[1.572s] -- Up-to-date: /home/rafaella/ros2_ws/install/Stage/share/stage/worlds/pioneer_follow.world
[1.572s] -- Up-to-date: /home/rafaella/ros2_ws/install/Stage/share/stage/worlds/pioneer_walle.world
[1.572s] -- Up-to-date: /home/rafaella/ros2_ws/install/Stage/share/stage/worlds/roomba.world
[1.572s] -- Up-to-date: /home/rafaella/ros2_ws/install/Stage/share/stage/worlds/sensor_noise_demo.world
[1.573s] -- Up-to-date: /home/rafaella/ros2_ws/install/Stage/share/stage/worlds/sensor_noise_module_demo.world
[1.573s] -- Up-to-date: /home/rafaella/ros2_ws/install/Stage/share/stage/worlds/simple.world
[1.573s] -- Up-to-date: /home/rafaella/ros2_ws/install/Stage/share/stage/worlds/uoa_robotics_lab.world
[1.573s] -- Up-to-date: /home/rafaella/ros2_ws/install/Stage/share/stage/worlds/wifi.world
[1.574s] -- Up-to-date: /home/rafaella/ros2_ws/install/Stage/share/stage/worlds/beacons.inc
[1.574s] -- Up-to-date: /home/rafaella/ros2_ws/install/Stage/share/stage/worlds/chatterbox.inc
[1.574s] -- Up-to-date: /home/rafaella/ros2_ws/install/Stage/share/stage/worlds/hokuyo.inc
[1.575s] -- Up-to-date: /home/rafaella/ros2_ws/install/Stage/share/stage/worlds/irobot.inc
[1.575s] -- Up-to-date: /home/rafaella/ros2_ws/install/Stage/share/stage/worlds/map.inc
[1.576s] -- Up-to-date: /home/rafaella/ros2_ws/install/Stage/share/stage/worlds/objects.inc
[1.576s] -- Up-to-date: /home/rafaella/ros2_ws/install/Stage/share/stage/worlds/pantilt.inc
[1.576s] -- Up-to-date: /home/rafaella/ros2_ws/install/Stage/share/stage/worlds/pioneer.inc
[1.577s] -- Up-to-date: /home/rafaella/ros2_ws/install/Stage/share/stage/worlds/sick.inc
[1.577s] -- Up-to-date: /home/rafaella/ros2_ws/install/Stage/share/stage/worlds/ubot.inc
[1.577s] -- Up-to-date: /home/rafaella/ros2_ws/install/Stage/share/stage/worlds/uoa_robotics_lab_models.inc
[1.577s] -- Up-to-date: /home/rafaella/ros2_ws/install/Stage/share/stage/worlds/walle.inc
[1.578s] -- Up-to-date: /home/rafaella/ros2_ws/install/Stage/share/stage/worlds/cfggen.sh
[1.578s] -- Up-to-date: /home/rafaella/ros2_ws/install/Stage/share/stage/worlds/test.sh
[1.578s] -- Up-to-date: /home/rafaella/ros2_ws/install/Stage/share/stage/worlds/worldgen.sh
[1.579s] -- Up-to-date: /home/rafaella/ros2_ws/install/Stage/lib/Stage-4.3/expand_swarm.so
[1.588s] -- Up-to-date: /home/rafaella/ros2_ws/install/Stage/lib/Stage-4.3/expand_pioneer.so
[1.588s] -- Up-to-date: /home/rafaella/ros2_ws/install/Stage/share/stage/worlds/bitmaps/889_05.png
[1.589s] -- Up-to-date: /home/rafaella/ros2_ws/install/Stage/share/stage/worlds/bitmaps/SFU_1200x615.png
[1.589s] -- Up-to-date: /home/rafaella/ros2_ws/install/Stage/share/stage/worlds/bitmaps/SRI-AIC-kwing.png
[1.589s] -- Up-to-date: /home/rafaella/ros2_ws/install/Stage/share/stage/worlds/bitmaps/autolab.png
[1.589s] -- Up-to-date: /home/rafaella/ros2_ws/install/Stage/share/stage/worlds/bitmaps/cave.png
[1.590s] -- Up-to-date: /home/rafaella/ros2_ws/install/Stage/share/stage/worlds/bitmaps/cave_compact.png
[1.590s] -- Up-to-date: /home/rafaella/ros2_ws/install/Stage/share/stage/worlds/bitmaps/cave_filled.png
[1.590s] -- Up-to-date: /home/rafaella/ros2_ws/install/Stage/share/stage/worlds/bitmaps/frieburg.png
[1.591s] -- Up-to-date: /home/rafaella/ros2_ws/install/Stage/share/stage/worlds/bitmaps/ghost.png
[1.591s] -- Up-to-date: /home/rafaella/ros2_ws/install/Stage/share/stage/worlds/bitmaps/hospital.png
[1.591s] -- Up-to-date: /home/rafaella/ros2_ws/install/Stage/share/stage/worlds/bitmaps/hospital_section.png
[1.591s] -- Up-to-date: /home/rafaella/ros2_ws/install/Stage/share/stage/worlds/bitmaps/human_outline.png
[1.592s] -- Up-to-date: /home/rafaella/ros2_ws/install/Stage/share/stage/worlds/bitmaps/mbicp.png
[1.592s] -- Up-to-date: /home/rafaella/ros2_ws/install/Stage/share/stage/worlds/bitmaps/rink.png
[1.592s] -- Up-to-date: /home/rafaella/ros2_ws/install/Stage/share/stage/worlds/bitmaps/sal2.png
[1.593s] -- Up-to-date: /home/rafaella/ros2_ws/install/Stage/share/stage/worlds/bitmaps/simple_rooms.png
[1.593s] -- Up-to-date: /home/rafaella/ros2_ws/install/Stage/share/stage/worlds/bitmaps/space_invader.png
[1.593s] -- Up-to-date: /home/rafaella/ros2_ws/install/Stage/share/stage/worlds/bitmaps/submarine.png
[1.593s] -- Up-to-date: /home/rafaella/ros2_ws/install/Stage/share/stage/worlds/bitmaps/submarine_small.png
[1.594s] -- Up-to-date: /home/rafaella/ros2_ws/install/Stage/share/stage/worlds/bitmaps/table.png
[1.594s] -- Up-to-date: /home/rafaella/ros2_ws/install/Stage/share/stage/worlds/bitmaps/uoa_robotics_lab.png
[1.594s] -- Up-to-date: /home/rafaella/ros2_ws/install/Stage/share/stage/worlds/wifi/commando.world
[1.595s] -- Up-to-date: /home/rafaella/ros2_ws/install/Stage/share/stage/worlds/wifi/hosp_wifi.world
[1.609s] -- Up-to-date: /home/rafaella/ros2_ws/install/Stage/share/stage/worlds/wifi/hosp_wifi_5.world
[1.610s] -- Up-to-date: /home/rafaella/ros2_ws/install/Stage/share/stage/worlds/wifi/wifi.world
[1.610s] -- Up-to-date: /home/rafaella/ros2_ws/install/Stage/share/stage/worlds/wifi/wifi_itu.world
[1.611s] -- Up-to-date: /home/rafaella/ros2_ws/install/Stage/share/stage/worlds/wifi/wifi_logdistance.world
[1.611s] -- Up-to-date: /home/rafaella/ros2_ws/install/Stage/share/stage/worlds/wifi/wifi_ray.world
[1.611s] -- Up-to-date: /home/rafaella/ros2_ws/install/Stage/share/stage/worlds/wifi/wifi_simple.world
[1.612s] -- Up-to-date: /home/rafaella/ros2_ws/install/Stage/share/stage/worlds/wifi/map.inc
[1.612s] Invoked command in '/home/rafaella/ros2_ws/build/Stage' returned '0': /usr/bin/cmake --install /home/rafaella/ros2_ws/build/Stage
