running develop
Removing /home/rafaella/ros2_ws/install/trab_stage_pkg/lib/python3.10/site-packages/trab-stage-pkg.egg-link (link to .)
running egg_info
writing ../../build/trab_stage_pkg/trab_stage_pkg.egg-info/PKG-INFO
writing dependency_links to ../../build/trab_stage_pkg/trab_stage_pkg.egg-info/dependency_links.txt
writing entry points to ../../build/trab_stage_pkg/trab_stage_pkg.egg-info/entry_points.txt
writing requirements to ../../build/trab_stage_pkg/trab_stage_pkg.egg-info/requires.txt
writing top-level names to ../../build/trab_stage_pkg/trab_stage_pkg.egg-info/top_level.txt
reading manifest file '../../build/trab_stage_pkg/trab_stage_pkg.egg-info/SOURCES.txt'
writing manifest file '../../build/trab_stage_pkg/trab_stage_pkg.egg-info/SOURCES.txt'
running build
running build_py
running install
running install_lib
creating /home/rafaella/ros2_ws/install/trab_stage_pkg/lib/python3.10/site-packages/trab_stage_pkg
copying /home/rafaella/ros2_ws/build/trab_stage_pkg/build/lib/trab_stage_pkg/subscriber.py -> /home/rafaella/ros2_ws/install/trab_stage_pkg/lib/python3.10/site-packages/trab_stage_pkg
copying /home/rafaella/ros2_ws/build/trab_stage_pkg/build/lib/trab_stage_pkg/publisher.py -> /home/rafaella/ros2_ws/install/trab_stage_pkg/lib/python3.10/site-packages/trab_stage_pkg
copying /home/rafaella/ros2_ws/build/trab_stage_pkg/build/lib/trab_stage_pkg/__init__.py -> /home/rafaella/ros2_ws/install/trab_stage_pkg/lib/python3.10/site-packages/trab_stage_pkg
copying /home/rafaella/ros2_ws/build/trab_stage_pkg/build/lib/trab_stage_pkg/main_node.py -> /home/rafaella/ros2_ws/install/trab_stage_pkg/lib/python3.10/site-packages/trab_stage_pkg
byte-compiling /home/rafaella/ros2_ws/install/trab_stage_pkg/lib/python3.10/site-packages/trab_stage_pkg/subscriber.py to subscriber.cpython-310.pyc
byte-compiling /home/rafaella/ros2_ws/install/trab_stage_pkg/lib/python3.10/site-packages/trab_stage_pkg/publisher.py to publisher.cpython-310.pyc
byte-compiling /home/rafaella/ros2_ws/install/trab_stage_pkg/lib/python3.10/site-packages/trab_stage_pkg/__init__.py to __init__.cpython-310.pyc
byte-compiling /home/rafaella/ros2_ws/install/trab_stage_pkg/lib/python3.10/site-packages/trab_stage_pkg/main_node.py to main_node.cpython-310.pyc
running install_data
copying resource/trab_stage_pkg -> /home/rafaella/ros2_ws/install/trab_stage_pkg/share/ament_index/resource_index/packages
copying package.xml -> /home/rafaella/ros2_ws/install/trab_stage_pkg/share/trab_stage_pkg
running install_egg_info
Copying ../../build/trab_stage_pkg/trab_stage_pkg.egg-info to /home/rafaella/ros2_ws/install/trab_stage_pkg/lib/python3.10/site-packages/trab_stage_pkg-0.0.0-py3.10.egg-info
running install_scripts
Installing publisher script to /home/rafaella/ros2_ws/install/trab_stage_pkg/lib/trab_stage_pkg
Installing py_node script to /home/rafaella/ros2_ws/install/trab_stage_pkg/lib/trab_stage_pkg
Installing subscriber script to /home/rafaella/ros2_ws/install/trab_stage_pkg/lib/trab_stage_pkg
writing list of installed files to '/home/rafaella/ros2_ws/build/trab_stage_pkg/install.log'
