[1.047s] DEBUG:colcon:Command line arguments: ['/usr/bin/colcon', 'build']
[1.048s] DEBUG:colcon:Parsed command line arguments: Namespace(log_base=None, log_level=None, verb_name='build', build_base='build', install_base='install', merge_install=False, symlink_install=False, test_result_base=None, continue_on_error=False, executor='parallel', parallel_workers=4, event_handlers=None, ignore_user_meta=False, metas=['./colcon.meta'], base_paths=['.'], packages_ignore=None, packages_ignore_regex=None, paths=None, packages_up_to=None, packages_up_to_regex=None, packages_above=None, packages_above_and_dependencies=None, packages_above_depth=None, packages_select_by_dep=None, packages_skip_by_dep=None, packages_skip_up_to=None, packages_select_build_failed=False, packages_skip_build_finished=False, packages_select_test_failures=False, packages_skip_test_passed=False, packages_select=None, packages_skip=None, packages_select_regex=None, packages_skip_regex=None, packages_start=None, packages_end=None, allow_overriding=[], bazel_args=None, bazel_task=None, cmake_args=None, cmake_target=None, cmake_target_skip_unavailable=False, cmake_clean_cache=False, cmake_clean_first=False, cmake_force_configure=False, meson_args=[], ament_cmake_args=None, catkin_cmake_args=None, catkin_skip_building_tests=False, mixin_files=None, mixin=None, verb_parser=<colcon_alias.argument_parser.alias.AliasArgumentDecorator object at 0x76cf26cf43a0>, verb_extension=<colcon_core.verb.build.BuildVerb object at 0x76cf26ea6050>, main=<bound method BuildVerb.main of <colcon_core.verb.build.BuildVerb object at 0x76cf26ea6050>>, mixin_verb=('build',))
[1.723s] Level 1:colcon.colcon_core.package_discovery:discover_packages(colcon_meta) check parameters
[1.724s] Level 1:colcon.colcon_core.package_discovery:discover_packages(recursive) check parameters
[1.724s] Level 1:colcon.colcon_core.package_discovery:discover_packages(ignore) check parameters
[1.724s] Level 1:colcon.colcon_core.package_discovery:discover_packages(path) check parameters
[1.724s] Level 1:colcon.colcon_core.package_discovery:discover_packages(colcon_meta) discover
[1.725s] Level 1:colcon.colcon_core.package_discovery:discover_packages(recursive) discover
[1.725s] INFO:colcon.colcon_core.package_discovery:Crawling recursively for packages in '/home/rafaella/ros2_ws'
[1.725s] Level 1:colcon.colcon_core.package_identification:_identify(.) by extensions ['ignore', 'ignore_ament_install']
[1.726s] Level 1:colcon.colcon_core.package_identification:_identify(.) by extension 'ignore'
[1.726s] Level 1:colcon.colcon_core.package_identification:_identify(.) by extension 'ignore_ament_install'
[1.727s] Level 1:colcon.colcon_core.package_identification:_identify(.) by extensions ['colcon_pkg']
[1.727s] Level 1:colcon.colcon_core.package_identification:_identify(.) by extension 'colcon_pkg'
[1.727s] Level 1:colcon.colcon_core.package_identification:_identify(.) by extensions ['colcon_meta']
[1.727s] Level 1:colcon.colcon_core.package_identification:_identify(.) by extension 'colcon_meta'
[1.727s] Level 1:colcon.colcon_core.package_identification:_identify(.) by extensions ['ros']
[1.728s] Level 1:colcon.colcon_core.package_identification:_identify(.) by extension 'ros'
[1.746s] Level 1:colcon.colcon_core.package_identification:_identify(.) by extensions ['bazel', 'cmake', 'meson', 'python']
[1.747s] Level 1:colcon.colcon_core.package_identification:_identify(.) by extension 'bazel'
[1.747s] Level 1:colcon.colcon_core.package_identification:_identify(.) by extension 'cmake'
[1.747s] Level 1:colcon.colcon_core.package_identification:_identify(.) by extension 'meson'
[1.748s] Level 1:colcon.colcon_core.package_identification:_identify(.) by extension 'python'
[1.748s] Level 1:colcon.colcon_core.package_identification:_identify(.) by extensions ['python_setup_py']
[1.748s] Level 1:colcon.colcon_core.package_identification:_identify(.) by extension 'python_setup_py'
[1.749s] Level 1:colcon.colcon_core.package_identification:_identify(build) by extensions ['ignore', 'ignore_ament_install']
[1.750s] Level 1:colcon.colcon_core.package_identification:_identify(build) by extension 'ignore'
[1.751s] Level 1:colcon.colcon_core.package_identification:_identify(build) ignored
[1.752s] Level 1:colcon.colcon_core.package_identification:_identify(install) by extensions ['ignore', 'ignore_ament_install']
[1.753s] Level 1:colcon.colcon_core.package_identification:_identify(install) by extension 'ignore'
[1.753s] Level 1:colcon.colcon_core.package_identification:_identify(install) ignored
[1.754s] Level 1:colcon.colcon_core.package_identification:_identify(log) by extensions ['ignore', 'ignore_ament_install']
[1.755s] Level 1:colcon.colcon_core.package_identification:_identify(log) by extension 'ignore'
[1.755s] Level 1:colcon.colcon_core.package_identification:_identify(log) ignored
[1.756s] Level 1:colcon.colcon_core.package_identification:_identify(src) by extensions ['ignore', 'ignore_ament_install']
[1.757s] Level 1:colcon.colcon_core.package_identification:_identify(src) by extension 'ignore'
[1.757s] Level 1:colcon.colcon_core.package_identification:_identify(src) by extension 'ignore_ament_install'
[1.758s] Level 1:colcon.colcon_core.package_identification:_identify(src) by extensions ['colcon_pkg']
[1.758s] Level 1:colcon.colcon_core.package_identification:_identify(src) by extension 'colcon_pkg'
[1.759s] Level 1:colcon.colcon_core.package_identification:_identify(src) by extensions ['colcon_meta']
[1.759s] Level 1:colcon.colcon_core.package_identification:_identify(src) by extension 'colcon_meta'
[1.759s] Level 1:colcon.colcon_core.package_identification:_identify(src) by extensions ['ros']
[1.760s] Level 1:colcon.colcon_core.package_identification:_identify(src) by extension 'ros'
[1.760s] Level 1:colcon.colcon_core.package_identification:_identify(src) by extensions ['bazel', 'cmake', 'meson', 'python']
[1.760s] Level 1:colcon.colcon_core.package_identification:_identify(src) by extension 'bazel'
[1.761s] Level 1:colcon.colcon_core.package_identification:_identify(src) by extension 'cmake'
[1.761s] Level 1:colcon.colcon_core.package_identification:_identify(src) by extension 'meson'
[1.761s] Level 1:colcon.colcon_core.package_identification:_identify(src) by extension 'python'
[1.762s] Level 1:colcon.colcon_core.package_identification:_identify(src) by extensions ['python_setup_py']
[1.762s] Level 1:colcon.colcon_core.package_identification:_identify(src) by extension 'python_setup_py'
[1.762s] Level 1:colcon.colcon_core.package_identification:_identify(src/Stage) by extensions ['ignore', 'ignore_ament_install']
[1.763s] Level 1:colcon.colcon_core.package_identification:_identify(src/Stage) by extension 'ignore'
[1.763s] Level 1:colcon.colcon_core.package_identification:_identify(src/Stage) by extension 'ignore_ament_install'
[1.763s] Level 1:colcon.colcon_core.package_identification:_identify(src/Stage) by extensions ['colcon_pkg']
[1.763s] Level 1:colcon.colcon_core.package_identification:_identify(src/Stage) by extension 'colcon_pkg'
[1.764s] Level 1:colcon.colcon_core.package_identification:_identify(src/Stage) by extensions ['colcon_meta']
[1.764s] Level 1:colcon.colcon_core.package_identification:_identify(src/Stage) by extension 'colcon_meta'
[1.764s] Level 1:colcon.colcon_core.package_identification:_identify(src/Stage) by extensions ['ros']
[1.764s] Level 1:colcon.colcon_core.package_identification:_identify(src/Stage) by extension 'ros'
[1.765s] Level 1:colcon.colcon_core.package_identification:_identify(src/Stage) by extensions ['bazel', 'cmake', 'meson', 'python']
[1.765s] Level 1:colcon.colcon_core.package_identification:_identify(src/Stage) by extension 'bazel'
[1.766s] Level 1:colcon.colcon_core.package_identification:_identify(src/Stage) by extension 'cmake'
[1.792s] Level 1:colcon.colcon_core.package_identification:_identify(src/Stage) by extension 'meson'
[1.792s] Level 1:colcon.colcon_core.package_identification:_identify(src/Stage) by extension 'python'
[1.793s] DEBUG:colcon.colcon_core.package_identification:Package 'src/Stage' with type 'cmake' and name 'Stage'
[1.794s] Level 1:colcon.colcon_core.package_identification:_identify(src/stage_ros2) by extensions ['ignore', 'ignore_ament_install']
[1.794s] Level 1:colcon.colcon_core.package_identification:_identify(src/stage_ros2) by extension 'ignore'
[1.795s] Level 1:colcon.colcon_core.package_identification:_identify(src/stage_ros2) by extension 'ignore_ament_install'
[1.795s] Level 1:colcon.colcon_core.package_identification:_identify(src/stage_ros2) by extensions ['colcon_pkg']
[1.795s] Level 1:colcon.colcon_core.package_identification:_identify(src/stage_ros2) by extension 'colcon_pkg'
[1.796s] Level 1:colcon.colcon_core.package_identification:_identify(src/stage_ros2) by extensions ['colcon_meta']
[1.796s] Level 1:colcon.colcon_core.package_identification:_identify(src/stage_ros2) by extension 'colcon_meta'
[1.796s] Level 1:colcon.colcon_core.package_identification:_identify(src/stage_ros2) by extensions ['ros']
[1.797s] Level 1:colcon.colcon_core.package_identification:_identify(src/stage_ros2) by extension 'ros'
[1.815s] DEBUG:colcon.colcon_core.package_identification:Package 'src/stage_ros2' with type 'ros.ament_cmake' and name 'stage_ros2'
[1.816s] Level 1:colcon.colcon_core.package_identification:_identify(src/trab_stage_pkg) by extensions ['ignore', 'ignore_ament_install']
[1.817s] Level 1:colcon.colcon_core.package_identification:_identify(src/trab_stage_pkg) by extension 'ignore'
[1.817s] Level 1:colcon.colcon_core.package_identification:_identify(src/trab_stage_pkg) by extension 'ignore_ament_install'
[1.817s] Level 1:colcon.colcon_core.package_identification:_identify(src/trab_stage_pkg) by extensions ['colcon_pkg']
[1.818s] Level 1:colcon.colcon_core.package_identification:_identify(src/trab_stage_pkg) by extension 'colcon_pkg'
[1.818s] Level 1:colcon.colcon_core.package_identification:_identify(src/trab_stage_pkg) by extensions ['colcon_meta']
[1.818s] Level 1:colcon.colcon_core.package_identification:_identify(src/trab_stage_pkg) by extension 'colcon_meta'
[1.819s] Level 1:colcon.colcon_core.package_identification:_identify(src/trab_stage_pkg) by extensions ['ros']
[1.819s] Level 1:colcon.colcon_core.package_identification:_identify(src/trab_stage_pkg) by extension 'ros'
[1.824s] DEBUG:colcon.colcon_core.package_identification:Package 'src/trab_stage_pkg' with type 'ros.ament_python' and name 'trab_stage_pkg'
[1.824s] Level 1:colcon.colcon_core.package_discovery:discover_packages(recursive) using defaults
[1.824s] Level 1:colcon.colcon_core.package_discovery:discover_packages(ignore) discover
[1.824s] Level 1:colcon.colcon_core.package_discovery:discover_packages(ignore) using defaults
[1.825s] Level 1:colcon.colcon_core.package_discovery:discover_packages(path) discover
[1.825s] Level 1:colcon.colcon_core.package_discovery:discover_packages(path) using defaults
[1.900s] Level 1:colcon.colcon_core.package_discovery:discover_packages(prefix_path) check parameters
[1.900s] Level 1:colcon.colcon_core.package_discovery:discover_packages(prefix_path) discover
[1.910s] DEBUG:colcon.colcon_installed_package_information.package_discovery:Found 4 installed packages in /home/rafaella/ros2_ws/install
[1.915s] DEBUG:colcon.colcon_installed_package_information.package_discovery:Found 186 installed packages in /opt/ros/humble
[1.920s] Level 1:colcon.colcon_core.package_discovery:discover_packages(prefix_path) using defaults
[2.083s] Level 5:colcon.colcon_core.verb:set package 'Stage' build argument 'bazel_args' from command line to 'None'
[2.083s] Level 5:colcon.colcon_core.verb:set package 'Stage' build argument 'bazel_task' from command line to 'None'
[2.083s] Level 5:colcon.colcon_core.verb:set package 'Stage' build argument 'cmake_args' from command line to 'None'
[2.084s] Level 5:colcon.colcon_core.verb:set package 'Stage' build argument 'cmake_target' from command line to 'None'
[2.084s] Level 5:colcon.colcon_core.verb:set package 'Stage' build argument 'cmake_target_skip_unavailable' from command line to 'False'
[2.084s] Level 5:colcon.colcon_core.verb:set package 'Stage' build argument 'cmake_clean_cache' from command line to 'False'
[2.084s] Level 5:colcon.colcon_core.verb:set package 'Stage' build argument 'cmake_clean_first' from command line to 'False'
[2.084s] Level 5:colcon.colcon_core.verb:set package 'Stage' build argument 'cmake_force_configure' from command line to 'False'
[2.084s] Level 5:colcon.colcon_core.verb:set package 'Stage' build argument 'meson_args' from command line to '[]'
[2.084s] Level 5:colcon.colcon_core.verb:set package 'Stage' build argument 'ament_cmake_args' from command line to 'None'
[2.085s] Level 5:colcon.colcon_core.verb:set package 'Stage' build argument 'catkin_cmake_args' from command line to 'None'
[2.085s] Level 5:colcon.colcon_core.verb:set package 'Stage' build argument 'catkin_skip_building_tests' from command line to 'False'
[2.085s] DEBUG:colcon.colcon_core.verb:Building package 'Stage' with the following arguments: {'ament_cmake_args': None, 'bazel_args': None, 'bazel_task': None, 'build_base': '/home/rafaella/ros2_ws/build/Stage', 'catkin_cmake_args': None, 'catkin_skip_building_tests': False, 'cmake_args': None, 'cmake_clean_cache': False, 'cmake_clean_first': False, 'cmake_force_configure': False, 'cmake_target': None, 'cmake_target_skip_unavailable': False, 'install_base': '/home/rafaella/ros2_ws/install/Stage', 'merge_install': False, 'meson_args': [], 'path': '/home/rafaella/ros2_ws/src/Stage', 'symlink_install': False, 'test_result_base': None}
[2.130s] Level 5:colcon.colcon_core.verb:set package 'trab_stage_pkg' build argument 'bazel_args' from command line to 'None'
[2.130s] Level 5:colcon.colcon_core.verb:set package 'trab_stage_pkg' build argument 'bazel_task' from command line to 'None'
[2.130s] Level 5:colcon.colcon_core.verb:set package 'trab_stage_pkg' build argument 'cmake_args' from command line to 'None'
[2.130s] Level 5:colcon.colcon_core.verb:set package 'trab_stage_pkg' build argument 'cmake_target' from command line to 'None'
[2.130s] Level 5:colcon.colcon_core.verb:set package 'trab_stage_pkg' build argument 'cmake_target_skip_unavailable' from command line to 'False'
[2.130s] Level 5:colcon.colcon_core.verb:set package 'trab_stage_pkg' build argument 'cmake_clean_cache' from command line to 'False'
[2.130s] Level 5:colcon.colcon_core.verb:set package 'trab_stage_pkg' build argument 'cmake_clean_first' from command line to 'False'
[2.130s] Level 5:colcon.colcon_core.verb:set package 'trab_stage_pkg' build argument 'cmake_force_configure' from command line to 'False'
[2.130s] Level 5:colcon.colcon_core.verb:set package 'trab_stage_pkg' build argument 'meson_args' from command line to '[]'
[2.130s] Level 5:colcon.colcon_core.verb:set package 'trab_stage_pkg' build argument 'ament_cmake_args' from command line to 'None'
[2.130s] Level 5:colcon.colcon_core.verb:set package 'trab_stage_pkg' build argument 'catkin_cmake_args' from command line to 'None'
[2.131s] Level 5:colcon.colcon_core.verb:set package 'trab_stage_pkg' build argument 'catkin_skip_building_tests' from command line to 'False'
[2.131s] DEBUG:colcon.colcon_core.verb:Building package 'trab_stage_pkg' with the following arguments: {'ament_cmake_args': None, 'bazel_args': None, 'bazel_task': None, 'build_base': '/home/rafaella/ros2_ws/build/trab_stage_pkg', 'catkin_cmake_args': None, 'catkin_skip_building_tests': False, 'cmake_args': None, 'cmake_clean_cache': False, 'cmake_clean_first': False, 'cmake_force_configure': False, 'cmake_target': None, 'cmake_target_skip_unavailable': False, 'install_base': '/home/rafaella/ros2_ws/install/trab_stage_pkg', 'merge_install': False, 'meson_args': [], 'path': '/home/rafaella/ros2_ws/src/trab_stage_pkg', 'symlink_install': False, 'test_result_base': None}
[2.168s] Level 5:colcon.colcon_core.verb:set package 'stage_ros2' build argument 'bazel_args' from command line to 'None'
[2.168s] Level 5:colcon.colcon_core.verb:set package 'stage_ros2' build argument 'bazel_task' from command line to 'None'
[2.168s] Level 5:colcon.colcon_core.verb:set package 'stage_ros2' build argument 'cmake_args' from command line to 'None'
[2.168s] Level 5:colcon.colcon_core.verb:set package 'stage_ros2' build argument 'cmake_target' from command line to 'None'
[2.168s] Level 5:colcon.colcon_core.verb:set package 'stage_ros2' build argument 'cmake_target_skip_unavailable' from command line to 'False'
[2.168s] Level 5:colcon.colcon_core.verb:set package 'stage_ros2' build argument 'cmake_clean_cache' from command line to 'False'
[2.168s] Level 5:colcon.colcon_core.verb:set package 'stage_ros2' build argument 'cmake_clean_first' from command line to 'False'
[2.168s] Level 5:colcon.colcon_core.verb:set package 'stage_ros2' build argument 'cmake_force_configure' from command line to 'False'
[2.168s] Level 5:colcon.colcon_core.verb:set package 'stage_ros2' build argument 'meson_args' from command line to '[]'
[2.168s] Level 5:colcon.colcon_core.verb:set package 'stage_ros2' build argument 'ament_cmake_args' from command line to 'None'
[2.169s] Level 5:colcon.colcon_core.verb:set package 'stage_ros2' build argument 'catkin_cmake_args' from command line to 'None'
[2.169s] Level 5:colcon.colcon_core.verb:set package 'stage_ros2' build argument 'catkin_skip_building_tests' from command line to 'False'
[2.169s] DEBUG:colcon.colcon_core.verb:Building package 'stage_ros2' with the following arguments: {'ament_cmake_args': None, 'bazel_args': None, 'bazel_task': None, 'build_base': '/home/rafaella/ros2_ws/build/stage_ros2', 'catkin_cmake_args': None, 'catkin_skip_building_tests': False, 'cmake_args': None, 'cmake_clean_cache': False, 'cmake_clean_first': False, 'cmake_force_configure': False, 'cmake_target': None, 'cmake_target_skip_unavailable': False, 'install_base': '/home/rafaella/ros2_ws/install/stage_ros2', 'merge_install': False, 'meson_args': [], 'path': '/home/rafaella/ros2_ws/src/stage_ros2', 'symlink_install': False, 'test_result_base': None}
[2.169s] INFO:colcon.colcon_core.executor:Executing jobs using 'parallel' executor
[2.171s] DEBUG:colcon.colcon_parallel_executor.executor.parallel:run_until_complete
[2.171s] INFO:colcon.colcon_cmake.task.cmake.build:Building CMake package in '/home/rafaella/ros2_ws/src/Stage'
[2.177s] INFO:colcon.colcon_core.plugin_system:Skipping extension 'colcon_core.shell.bat': Not used on non-Windows systems
[2.178s] DEBUG:colcon.colcon_ros_domain_id_coordinator.shell.ros_domain_id:Allocated ROS_DOMAIN_ID=64 for '/home/rafaella/ros2_ws/build/Stage'
[2.178s] INFO:colcon.colcon_core.shell:Skip shell extension 'ros_domain_id' for command environment: 
[2.178s] INFO:colcon.colcon_core.shell:Skip shell extension 'powershell' for command environment: Not usable outside of PowerShell
[2.178s] DEBUG:colcon.colcon_core.shell:Skip shell extension 'dsv' for command environment
[2.189s] INFO:colcon.colcon_ros.task.ament_python.build:Building ROS package in '/home/rafaella/ros2_ws/src/trab_stage_pkg' with build type 'ament_python'
[2.190s] Level 1:colcon.colcon_core.shell:create_environment_hook('trab_stage_pkg', 'ament_prefix_path')
[2.191s] INFO:colcon.colcon_core.shell:Creating environment hook '/home/rafaella/ros2_ws/install/trab_stage_pkg/share/trab_stage_pkg/hook/ament_prefix_path.ps1'
[2.194s] INFO:colcon.colcon_core.shell:Creating environment descriptor '/home/rafaella/ros2_ws/install/trab_stage_pkg/share/trab_stage_pkg/hook/ament_prefix_path.dsv'
[2.197s] INFO:colcon.colcon_core.shell:Creating environment hook '/home/rafaella/ros2_ws/install/trab_stage_pkg/share/trab_stage_pkg/hook/ament_prefix_path.sh'
[2.202s] DEBUG:colcon.colcon_ros_domain_id_coordinator.shell.ros_domain_id:Allocated ROS_DOMAIN_ID=94 for '/home/rafaella/ros2_ws/build/trab_stage_pkg'
[2.203s] INFO:colcon.colcon_core.shell:Skip shell extension 'ros_domain_id' for command environment: 
[2.203s] INFO:colcon.colcon_core.shell:Skip shell extension 'powershell' for command environment: Not usable outside of PowerShell
[2.203s] DEBUG:colcon.colcon_core.shell:Skip shell extension 'dsv' for command environment
[2.232s] DEBUG:colcon.colcon_core.event_handler.log_command:Invoking command in '/home/rafaella/ros2_ws/build/Stage': /usr/bin/cmake --build /home/rafaella/ros2_ws/build/Stage -- -j4 -l4
[4.400s] INFO:colcon.colcon_core.task.python.build:Building Python package in '/home/rafaella/ros2_ws/src/trab_stage_pkg'
[4.402s] DEBUG:colcon.colcon_ros_domain_id_coordinator.shell.ros_domain_id:Allocated ROS_DOMAIN_ID=94 for '/home/rafaella/ros2_ws/build/trab_stage_pkg'
[4.402s] INFO:colcon.colcon_core.shell:Skip shell extension 'ros_domain_id' for command environment: 
[4.402s] INFO:colcon.colcon_core.shell:Skip shell extension 'powershell' for command environment: Not usable outside of PowerShell
[4.402s] DEBUG:colcon.colcon_core.shell:Skip shell extension 'dsv' for command environment
[4.431s] DEBUG:colcon.colcon_core.event_handler.log_command:Invoked command in '/home/rafaella/ros2_ws/build/Stage' returned '0': /usr/bin/cmake --build /home/rafaella/ros2_ws/build/Stage -- -j4 -l4
[4.482s] DEBUG:colcon.colcon_core.event_handler.log_command:Invoking command in '/home/rafaella/ros2_ws/build/Stage': /usr/bin/cmake --install /home/rafaella/ros2_ws/build/Stage
[4.592s] Level 1:colcon.colcon_core.environment:create_environment_scripts_only(Stage)
[4.620s] Level 1:colcon.colcon_core.environment:checking '/home/rafaella/ros2_ws/install/Stage' for CMake module files
[4.628s] Level 1:colcon.colcon_core.environment:checking '/home/rafaella/ros2_ws/install/Stage' for CMake config files
[4.628s] Level 1:colcon.colcon_core.shell:create_environment_hook('Stage', 'cmake_prefix_path')
[4.630s] INFO:colcon.colcon_core.shell:Creating environment hook '/home/rafaella/ros2_ws/install/Stage/share/Stage/hook/cmake_prefix_path.ps1'
[4.639s] INFO:colcon.colcon_core.shell:Creating environment descriptor '/home/rafaella/ros2_ws/install/Stage/share/Stage/hook/cmake_prefix_path.dsv'
[4.644s] INFO:colcon.colcon_core.shell:Creating environment hook '/home/rafaella/ros2_ws/install/Stage/share/Stage/hook/cmake_prefix_path.sh'
[4.647s] Level 1:colcon.colcon_core.environment:checking '/home/rafaella/ros2_ws/install/Stage/lib'
[4.648s] Level 1:colcon.colcon_core.shell:create_environment_hook('Stage', 'ld_library_path_lib')
[4.649s] INFO:colcon.colcon_core.shell:Creating environment hook '/home/rafaella/ros2_ws/install/Stage/share/Stage/hook/ld_library_path_lib.ps1'
[4.656s] INFO:colcon.colcon_core.shell:Creating environment descriptor '/home/rafaella/ros2_ws/install/Stage/share/Stage/hook/ld_library_path_lib.dsv'
[4.661s] INFO:colcon.colcon_core.shell:Creating environment hook '/home/rafaella/ros2_ws/install/Stage/share/Stage/hook/ld_library_path_lib.sh'
[4.665s] DEBUG:colcon.colcon_core.event_handler.log_command:Invoked command in '/home/rafaella/ros2_ws/build/Stage' returned '0': /usr/bin/cmake --install /home/rafaella/ros2_ws/build/Stage
[4.666s] Level 1:colcon.colcon_core.environment:checking '/home/rafaella/ros2_ws/install/Stage/bin'
[4.666s] Level 1:colcon.colcon_core.shell:create_environment_hook('Stage', 'path')
[4.667s] INFO:colcon.colcon_core.shell:Creating environment hook '/home/rafaella/ros2_ws/install/Stage/share/Stage/hook/path.ps1'
[4.669s] INFO:colcon.colcon_core.shell:Creating environment descriptor '/home/rafaella/ros2_ws/install/Stage/share/Stage/hook/path.dsv'
[4.671s] INFO:colcon.colcon_core.shell:Creating environment hook '/home/rafaella/ros2_ws/install/Stage/share/Stage/hook/path.sh'
[4.673s] Level 1:colcon.colcon_core.environment:checking '/home/rafaella/ros2_ws/install/Stage/lib/pkgconfig/Stage.pc'
[4.674s] Level 1:colcon.colcon_core.environment:checking '/home/rafaella/ros2_ws/install/Stage/lib/python3.10/site-packages'
[4.675s] Level 1:colcon.colcon_core.environment:checking '/home/rafaella/ros2_ws/install/Stage/bin'
[4.675s] Level 1:colcon.colcon_core.shell:create_environment_hook('Stage', 'pythonscriptspath')
[4.676s] INFO:colcon.colcon_core.shell:Creating environment hook '/home/rafaella/ros2_ws/install/Stage/share/Stage/hook/pythonscriptspath.ps1'
[4.678s] INFO:colcon.colcon_core.shell:Creating environment descriptor '/home/rafaella/ros2_ws/install/Stage/share/Stage/hook/pythonscriptspath.dsv'
[4.679s] INFO:colcon.colcon_core.shell:Creating environment hook '/home/rafaella/ros2_ws/install/Stage/share/Stage/hook/pythonscriptspath.sh'
[4.683s] INFO:colcon.colcon_core.shell:Creating package script '/home/rafaella/ros2_ws/install/Stage/share/Stage/package.ps1'
[4.691s] INFO:colcon.colcon_core.shell:Creating package descriptor '/home/rafaella/ros2_ws/install/Stage/share/Stage/package.dsv'
[4.694s] INFO:colcon.colcon_core.shell:Creating package script '/home/rafaella/ros2_ws/install/Stage/share/Stage/package.sh'
[4.698s] INFO:colcon.colcon_core.shell:Creating package script '/home/rafaella/ros2_ws/install/Stage/share/Stage/package.bash'
[4.701s] INFO:colcon.colcon_core.shell:Creating package script '/home/rafaella/ros2_ws/install/Stage/share/Stage/package.zsh'
[4.704s] Level 1:colcon.colcon_core.environment:create_file_with_runtime_dependencies(/home/rafaella/ros2_ws/install/Stage/share/colcon-core/packages/Stage)
[4.705s] DEBUG:colcon.colcon_ros_domain_id_coordinator.shell.ros_domain_id:Released ROS_DOMAIN_ID=64 for '/home/rafaella/ros2_ws/build/Stage'
[4.708s] INFO:colcon.colcon_ros.task.ament_cmake.build:Building ROS package in '/home/rafaella/ros2_ws/src/stage_ros2' with build type 'ament_cmake'
[4.709s] INFO:colcon.colcon_cmake.task.cmake.build:Building CMake package in '/home/rafaella/ros2_ws/src/stage_ros2'
[4.710s] DEBUG:colcon.colcon_ros_domain_id_coordinator.shell.ros_domain_id:Allocated ROS_DOMAIN_ID=38 for '/home/rafaella/ros2_ws/build/stage_ros2'
[4.710s] INFO:colcon.colcon_core.shell:Skip shell extension 'ros_domain_id' for command environment: 
[4.710s] INFO:colcon.colcon_core.shell:Skip shell extension 'powershell' for command environment: Not usable outside of PowerShell
[4.710s] DEBUG:colcon.colcon_core.shell:Skip shell extension 'dsv' for command environment
[4.745s] DEBUG:colcon.colcon_core.event_handler.log_command:Invoking command in '/home/rafaella/ros2_ws/build/stage_ros2': CMAKE_PREFIX_PATH=/home/rafaella/ros2_ws/install/Stage:/home/rafaella/ros2_ws/install/stage_ros2:/home/rafaella/ros2_ws/install/trab_stage_pkg:/opt/ros/humble:/home/rafaella/ros2_ws/install/stage LD_LIBRARY_PATH=/home/rafaella/ros2_ws/install/Stage/lib:/home/rafaella/ros2_ws/install/stage_ros2/lib:/home/rafaella/ros2_ws/install/stage/lib:/opt/ros/humble/lib/x86_64-linux-gnu:/opt/ros/humble/lib PATH=/home/rafaella/ros2_ws/install/Stage/bin:/home/rafaella/ros2_ws/install/stage/bin:/opt/ros/humble/bin:/usr/local/sbin:/usr/local/bin:/usr/sbin:/usr/bin:/sbin:/bin:/usr/games:/usr/local/games:/snap/bin:/snap/bin /usr/bin/cmake --build /home/rafaella/ros2_ws/build/stage_ros2 -- -j4 -l4
[5.060s] DEBUG:colcon.colcon_core.event_handler.log_command:Invoked command in '/home/rafaella/ros2_ws/build/stage_ros2' returned '0': CMAKE_PREFIX_PATH=/home/rafaella/ros2_ws/install/Stage:/home/rafaella/ros2_ws/install/stage_ros2:/home/rafaella/ros2_ws/install/trab_stage_pkg:/opt/ros/humble:/home/rafaella/ros2_ws/install/stage LD_LIBRARY_PATH=/home/rafaella/ros2_ws/install/Stage/lib:/home/rafaella/ros2_ws/install/stage_ros2/lib:/home/rafaella/ros2_ws/install/stage/lib:/opt/ros/humble/lib/x86_64-linux-gnu:/opt/ros/humble/lib PATH=/home/rafaella/ros2_ws/install/Stage/bin:/home/rafaella/ros2_ws/install/stage/bin:/opt/ros/humble/bin:/usr/local/sbin:/usr/local/bin:/usr/sbin:/usr/bin:/sbin:/bin:/usr/games:/usr/local/games:/snap/bin:/snap/bin /usr/bin/cmake --build /home/rafaella/ros2_ws/build/stage_ros2 -- -j4 -l4
[5.062s] DEBUG:colcon.colcon_core.event_handler.log_command:Invoking command in '/home/rafaella/ros2_ws/build/stage_ros2': CMAKE_PREFIX_PATH=/home/rafaella/ros2_ws/install/Stage:/home/rafaella/ros2_ws/install/stage_ros2:/home/rafaella/ros2_ws/install/trab_stage_pkg:/opt/ros/humble:/home/rafaella/ros2_ws/install/stage LD_LIBRARY_PATH=/home/rafaella/ros2_ws/install/Stage/lib:/home/rafaella/ros2_ws/install/stage_ros2/lib:/home/rafaella/ros2_ws/install/stage/lib:/opt/ros/humble/lib/x86_64-linux-gnu:/opt/ros/humble/lib PATH=/home/rafaella/ros2_ws/install/Stage/bin:/home/rafaella/ros2_ws/install/stage/bin:/opt/ros/humble/bin:/usr/local/sbin:/usr/local/bin:/usr/sbin:/usr/bin:/sbin:/bin:/usr/games:/usr/local/games:/snap/bin:/snap/bin /usr/bin/cmake --install /home/rafaella/ros2_ws/build/stage_ros2
[5.183s] Level 1:colcon.colcon_core.environment:create_environment_scripts_only(stage_ros2)
[5.184s] Level 1:colcon.colcon_core.environment:checking '/home/rafaella/ros2_ws/install/stage_ros2' for CMake module files
[5.186s] Level 1:colcon.colcon_core.environment:checking '/home/rafaella/ros2_ws/install/stage_ros2' for CMake config files
[5.188s] Level 1:colcon.colcon_core.shell:create_environment_hook('stage_ros2', 'cmake_prefix_path')
[5.189s] INFO:colcon.colcon_core.shell:Creating environment hook '/home/rafaella/ros2_ws/install/stage_ros2/share/stage_ros2/hook/cmake_prefix_path.ps1'
[5.191s] DEBUG:colcon.colcon_core.event_handler.log_command:Invoked command in '/home/rafaella/ros2_ws/build/stage_ros2' returned '0': CMAKE_PREFIX_PATH=/home/rafaella/ros2_ws/install/Stage:/home/rafaella/ros2_ws/install/stage_ros2:/home/rafaella/ros2_ws/install/trab_stage_pkg:/opt/ros/humble:/home/rafaella/ros2_ws/install/stage LD_LIBRARY_PATH=/home/rafaella/ros2_ws/install/Stage/lib:/home/rafaella/ros2_ws/install/stage_ros2/lib:/home/rafaella/ros2_ws/install/stage/lib:/opt/ros/humble/lib/x86_64-linux-gnu:/opt/ros/humble/lib PATH=/home/rafaella/ros2_ws/install/Stage/bin:/home/rafaella/ros2_ws/install/stage/bin:/opt/ros/humble/bin:/usr/local/sbin:/usr/local/bin:/usr/sbin:/usr/bin:/sbin:/bin:/usr/games:/usr/local/games:/snap/bin:/snap/bin /usr/bin/cmake --install /home/rafaella/ros2_ws/build/stage_ros2
[5.193s] INFO:colcon.colcon_core.shell:Creating environment descriptor '/home/rafaella/ros2_ws/install/stage_ros2/share/stage_ros2/hook/cmake_prefix_path.dsv'
[5.194s] INFO:colcon.colcon_core.shell:Creating environment hook '/home/rafaella/ros2_ws/install/stage_ros2/share/stage_ros2/hook/cmake_prefix_path.sh'
[5.199s] Level 1:colcon.colcon_core.environment:checking '/home/rafaella/ros2_ws/install/stage_ros2/lib'
[5.199s] Level 1:colcon.colcon_core.shell:create_environment_hook('stage_ros2', 'ld_library_path_lib')
[5.200s] INFO:colcon.colcon_core.shell:Creating environment hook '/home/rafaella/ros2_ws/install/stage_ros2/share/stage_ros2/hook/ld_library_path_lib.ps1'
[5.203s] INFO:colcon.colcon_core.shell:Creating environment descriptor '/home/rafaella/ros2_ws/install/stage_ros2/share/stage_ros2/hook/ld_library_path_lib.dsv'
[5.204s] INFO:colcon.colcon_core.shell:Creating environment hook '/home/rafaella/ros2_ws/install/stage_ros2/share/stage_ros2/hook/ld_library_path_lib.sh'
[5.207s] Level 1:colcon.colcon_core.environment:checking '/home/rafaella/ros2_ws/install/stage_ros2/bin'
[5.207s] Level 1:colcon.colcon_core.environment:checking '/home/rafaella/ros2_ws/install/stage_ros2/lib/pkgconfig/stage_ros2.pc'
[5.208s] Level 1:colcon.colcon_core.environment:checking '/home/rafaella/ros2_ws/install/stage_ros2/lib/python3.10/site-packages'
[5.209s] Level 1:colcon.colcon_core.environment:checking '/home/rafaella/ros2_ws/install/stage_ros2/bin'
[5.211s] INFO:colcon.colcon_core.shell:Creating package script '/home/rafaella/ros2_ws/install/stage_ros2/share/stage_ros2/package.ps1'
[5.212s] INFO:colcon.colcon_core.shell:Creating package descriptor '/home/rafaella/ros2_ws/install/stage_ros2/share/stage_ros2/package.dsv'
[5.214s] INFO:colcon.colcon_core.shell:Creating package script '/home/rafaella/ros2_ws/install/stage_ros2/share/stage_ros2/package.sh'
[5.217s] INFO:colcon.colcon_core.shell:Creating package script '/home/rafaella/ros2_ws/install/stage_ros2/share/stage_ros2/package.bash'
[5.218s] INFO:colcon.colcon_core.shell:Creating package script '/home/rafaella/ros2_ws/install/stage_ros2/share/stage_ros2/package.zsh'
[5.220s] Level 1:colcon.colcon_core.environment:create_file_with_runtime_dependencies(/home/rafaella/ros2_ws/install/stage_ros2/share/colcon-core/packages/stage_ros2)
[5.222s] Level 1:colcon.colcon_core.environment:create_environment_scripts_only(stage_ros2)
[5.224s] Level 1:colcon.colcon_core.environment:checking '/home/rafaella/ros2_ws/install/stage_ros2' for CMake module files
[5.226s] Level 1:colcon.colcon_core.environment:checking '/home/rafaella/ros2_ws/install/stage_ros2' for CMake config files
[5.227s] Level 1:colcon.colcon_core.shell:create_environment_hook('stage_ros2', 'cmake_prefix_path')
[5.228s] INFO:colcon.colcon_core.shell:Creating environment hook '/home/rafaella/ros2_ws/install/stage_ros2/share/stage_ros2/hook/cmake_prefix_path.ps1'
[5.230s] INFO:colcon.colcon_core.shell:Creating environment descriptor '/home/rafaella/ros2_ws/install/stage_ros2/share/stage_ros2/hook/cmake_prefix_path.dsv'
[5.231s] INFO:colcon.colcon_core.shell:Creating environment hook '/home/rafaella/ros2_ws/install/stage_ros2/share/stage_ros2/hook/cmake_prefix_path.sh'
[5.233s] Level 1:colcon.colcon_core.environment:checking '/home/rafaella/ros2_ws/install/stage_ros2/lib'
[5.233s] Level 1:colcon.colcon_core.shell:create_environment_hook('stage_ros2', 'ld_library_path_lib')
[5.234s] INFO:colcon.colcon_core.shell:Creating environment hook '/home/rafaella/ros2_ws/install/stage_ros2/share/stage_ros2/hook/ld_library_path_lib.ps1'
[5.235s] INFO:colcon.colcon_core.shell:Creating environment descriptor '/home/rafaella/ros2_ws/install/stage_ros2/share/stage_ros2/hook/ld_library_path_lib.dsv'
[5.236s] INFO:colcon.colcon_core.shell:Creating environment hook '/home/rafaella/ros2_ws/install/stage_ros2/share/stage_ros2/hook/ld_library_path_lib.sh'
[5.238s] Level 1:colcon.colcon_core.environment:checking '/home/rafaella/ros2_ws/install/stage_ros2/bin'
[5.238s] Level 1:colcon.colcon_core.environment:checking '/home/rafaella/ros2_ws/install/stage_ros2/lib/pkgconfig/stage_ros2.pc'
[5.239s] Level 1:colcon.colcon_core.environment:checking '/home/rafaella/ros2_ws/install/stage_ros2/lib/python3.10/site-packages'
[5.239s] Level 1:colcon.colcon_core.environment:checking '/home/rafaella/ros2_ws/install/stage_ros2/bin'
[5.240s] INFO:colcon.colcon_core.shell:Creating package script '/home/rafaella/ros2_ws/install/stage_ros2/share/stage_ros2/package.ps1'
[5.242s] INFO:colcon.colcon_core.shell:Creating package descriptor '/home/rafaella/ros2_ws/install/stage_ros2/share/stage_ros2/package.dsv'
[5.245s] INFO:colcon.colcon_core.shell:Creating package script '/home/rafaella/ros2_ws/install/stage_ros2/share/stage_ros2/package.sh'
[5.247s] INFO:colcon.colcon_core.shell:Creating package script '/home/rafaella/ros2_ws/install/stage_ros2/share/stage_ros2/package.bash'
[5.248s] INFO:colcon.colcon_core.shell:Creating package script '/home/rafaella/ros2_ws/install/stage_ros2/share/stage_ros2/package.zsh'
[5.250s] Level 1:colcon.colcon_core.environment:create_file_with_runtime_dependencies(/home/rafaella/ros2_ws/install/stage_ros2/share/colcon-core/packages/stage_ros2)
[5.251s] DEBUG:colcon.colcon_ros_domain_id_coordinator.shell.ros_domain_id:Released ROS_DOMAIN_ID=38 for '/home/rafaella/ros2_ws/build/stage_ros2'
[5.877s] DEBUG:colcon.colcon_core.event_handler.log_command:Invoking command in '/home/rafaella/ros2_ws/src/trab_stage_pkg': PYTHONPATH=/home/rafaella/ros2_ws/build/trab_stage_pkg/prefix_override:/usr/lib/python3/dist-packages/colcon_core/task/python/colcon_distutils_commands:/home/rafaella/ros2_ws/install/trab_stage_pkg/lib/python3.10/site-packages:${PYTHONPATH} /usr/bin/python3 -W ignore:setup.py install is deprecated -W ignore:easy_install command is deprecated setup.py egg_info --egg-base ../../build/trab_stage_pkg build --build-base /home/rafaella/ros2_ws/build/trab_stage_pkg/build install --record /home/rafaella/ros2_ws/build/trab_stage_pkg/install.log --single-version-externally-managed install_data
[6.962s] Level 1:colcon.colcon_core.environment:checking '/home/rafaella/ros2_ws/install/trab_stage_pkg' for CMake module files
[6.966s] DEBUG:colcon.colcon_core.event_handler.log_command:Invoked command in '/home/rafaella/ros2_ws/src/trab_stage_pkg' returned '0': PYTHONPATH=/home/rafaella/ros2_ws/build/trab_stage_pkg/prefix_override:/usr/lib/python3/dist-packages/colcon_core/task/python/colcon_distutils_commands:/home/rafaella/ros2_ws/install/trab_stage_pkg/lib/python3.10/site-packages:${PYTHONPATH} /usr/bin/python3 -W ignore:setup.py install is deprecated -W ignore:easy_install command is deprecated setup.py egg_info --egg-base ../../build/trab_stage_pkg build --build-base /home/rafaella/ros2_ws/build/trab_stage_pkg/build install --record /home/rafaella/ros2_ws/build/trab_stage_pkg/install.log --single-version-externally-managed install_data
[6.967s] Level 1:colcon.colcon_core.environment:checking '/home/rafaella/ros2_ws/install/trab_stage_pkg' for CMake config files
[6.970s] Level 1:colcon.colcon_core.environment:checking '/home/rafaella/ros2_ws/install/trab_stage_pkg/lib'
[6.971s] Level 1:colcon.colcon_core.environment:checking '/home/rafaella/ros2_ws/install/trab_stage_pkg/bin'
[6.971s] Level 1:colcon.colcon_core.environment:checking '/home/rafaella/ros2_ws/install/trab_stage_pkg/lib/pkgconfig/trab_stage_pkg.pc'
[6.972s] Level 1:colcon.colcon_core.environment:checking '/home/rafaella/ros2_ws/install/trab_stage_pkg/lib/python3.10/site-packages'
[6.973s] Level 1:colcon.colcon_core.shell:create_environment_hook('trab_stage_pkg', 'pythonpath')
[6.975s] INFO:colcon.colcon_core.shell:Creating environment hook '/home/rafaella/ros2_ws/install/trab_stage_pkg/share/trab_stage_pkg/hook/pythonpath.ps1'
[6.978s] INFO:colcon.colcon_core.shell:Creating environment descriptor '/home/rafaella/ros2_ws/install/trab_stage_pkg/share/trab_stage_pkg/hook/pythonpath.dsv'
[6.980s] INFO:colcon.colcon_core.shell:Creating environment hook '/home/rafaella/ros2_ws/install/trab_stage_pkg/share/trab_stage_pkg/hook/pythonpath.sh'
[6.984s] Level 1:colcon.colcon_core.environment:checking '/home/rafaella/ros2_ws/install/trab_stage_pkg/bin'
[6.984s] Level 1:colcon.colcon_core.environment:create_environment_scripts_only(trab_stage_pkg)
[6.987s] INFO:colcon.colcon_core.shell:Creating package script '/home/rafaella/ros2_ws/install/trab_stage_pkg/share/trab_stage_pkg/package.ps1'
[6.990s] INFO:colcon.colcon_core.shell:Creating package descriptor '/home/rafaella/ros2_ws/install/trab_stage_pkg/share/trab_stage_pkg/package.dsv'
[6.993s] INFO:colcon.colcon_core.shell:Creating package script '/home/rafaella/ros2_ws/install/trab_stage_pkg/share/trab_stage_pkg/package.sh'
[6.996s] INFO:colcon.colcon_core.shell:Creating package script '/home/rafaella/ros2_ws/install/trab_stage_pkg/share/trab_stage_pkg/package.bash'
[6.998s] INFO:colcon.colcon_core.shell:Creating package script '/home/rafaella/ros2_ws/install/trab_stage_pkg/share/trab_stage_pkg/package.zsh'
[7.000s] Level 1:colcon.colcon_core.environment:create_file_with_runtime_dependencies(/home/rafaella/ros2_ws/install/trab_stage_pkg/share/colcon-core/packages/trab_stage_pkg)
[7.001s] DEBUG:colcon.colcon_parallel_executor.executor.parallel:closing loop
[7.002s] DEBUG:colcon.colcon_ros_domain_id_coordinator.shell.ros_domain_id:Released ROS_DOMAIN_ID=94 for '/home/rafaella/ros2_ws/build/trab_stage_pkg'
[7.003s] DEBUG:colcon.colcon_parallel_executor.executor.parallel:loop closed
[7.005s] DEBUG:colcon.colcon_parallel_executor.executor.parallel:run_until_complete finished with '0'
[7.005s] DEBUG:colcon.colcon_core.event_reactor:joining thread
[7.033s] INFO:colcon.colcon_core.plugin_system:Skipping extension 'colcon_notification.desktop_notification.terminal_notifier': Not used on non-Darwin systems
[7.033s] INFO:colcon.colcon_core.plugin_system:Skipping extension 'colcon_notification.desktop_notification.win32': Not used on non-Windows systems
[7.033s] INFO:colcon.colcon_notification.desktop_notification:Sending desktop notification using 'notify2'
[7.093s] DEBUG:colcon.colcon_core.event_reactor:joined thread
[7.095s] INFO:colcon.colcon_core.shell:Creating prefix script '/home/rafaella/ros2_ws/install/local_setup.ps1'
[7.100s] INFO:colcon.colcon_core.shell:Creating prefix util module '/home/rafaella/ros2_ws/install/_local_setup_util_ps1.py'
[7.111s] INFO:colcon.colcon_core.shell:Creating prefix chain script '/home/rafaella/ros2_ws/install/setup.ps1'
[7.120s] INFO:colcon.colcon_core.shell:Creating prefix script '/home/rafaella/ros2_ws/install/local_setup.sh'
[7.123s] INFO:colcon.colcon_core.shell:Creating prefix util module '/home/rafaella/ros2_ws/install/_local_setup_util_sh.py'
[7.126s] INFO:colcon.colcon_core.shell:Creating prefix chain script '/home/rafaella/ros2_ws/install/setup.sh'
[7.132s] INFO:colcon.colcon_core.shell:Creating prefix script '/home/rafaella/ros2_ws/install/local_setup.bash'
[7.136s] INFO:colcon.colcon_core.shell:Creating prefix chain script '/home/rafaella/ros2_ws/install/setup.bash'
[7.143s] INFO:colcon.colcon_core.shell:Creating prefix script '/home/rafaella/ros2_ws/install/local_setup.zsh'
[7.146s] INFO:colcon.colcon_core.shell:Creating prefix chain script '/home/rafaella/ros2_ws/install/setup.zsh'
[7.152s] INFO:colcon.colcon_core.shell:Creating '/home/rafaella/ros2_ws/install/spawn_shell.bash'
