[0.098s] Invoking command in '/home/rafaella/ros2_ws/build/Stage': /usr/bin/cmake --build /home/rafaella/ros2_ws/build/Stage -- -j4 -l4
[0.599s] [ 57%] Built target stage
[1.040s] [ 61%] Built target source
[1.063s] [ 64%] Built target stagebinary
[1.099s] [ 67%] Built target fasr
[1.390s] [ 71%] Built target sink
[1.545s] [ 74%] Built target wander
[1.808s] [ 77%] Built target pioneer_flocking
[1.875s] [ 81%] Built target rasterize
[1.906s] [ 84%] Built target lasernoise
[2.137s] [ 88%] Built target dynamic
[2.232s] [ 91%] Built target expand_swarm
[2.276s] [ 96%] Built target fasr2
[2.313s] [100%] Built target expand_pioneer
[3.046s] Invoked command in '/home/rafaella/ros2_ws/build/Stage' returned '0': /usr/bin/cmake --build /home/rafaella/ros2_ws/build/Stage -- -j4 -l4
[3.083s] Invoking command in '/home/rafaella/ros2_ws/build/Stage': /usr/bin/cmake --install /home/rafaella/ros2_ws/build/Stage
[3.136s] -- Install configuration: "RELEASE"
[3.137s] -- Up-to-date: /home/rafaella/ros2_ws/install/Stage/lib/pkgconfig/stage.pc
[3.137s] -- Up-to-date: /home/rafaella/ros2_ws/install/Stage/lib/cmake/Stage/stage-config.cmake
[3.137s] -- Up-to-date: /home/rafaella/ros2_ws/install/Stage/lib/cmake/Stage/stage-config-version.cmake
[3.138s] -- Up-to-date: /home/rafaella/ros2_ws/install/Stage/bin/stage
[3.144s] -- Up-to-date: /home/rafaella/ros2_ws/install/Stage/lib/libstage.so.4.3.0
[3.144s] -- Up-to-date: /home/rafaella/ros2_ws/install/Stage/lib/libstage.so
[3.144s] -- Up-to-date: /home/rafaella/ros2_ws/install/Stage/include/Stage-4.3/stage.hh
[3.145s] -- Up-to-date: /home/rafaella/ros2_ws/install/Stage/lib/Stage-4.3/fasr.so
[3.145s] -- Up-to-date: /home/rafaella/ros2_ws/install/Stage/lib/Stage-4.3/sink.so
[3.150s] -- Up-to-date: /home/rafaella/ros2_ws/install/Stage/lib/Stage-4.3/source.so
[3.151s] -- Up-to-date: /home/rafaella/ros2_ws/install/Stage/lib/Stage-4.3/wander.so
[3.158s] -- Up-to-date: /home/rafaella/ros2_ws/install/Stage/lib/Stage-4.3/pioneer_flocking.so
[3.160s] -- Up-to-date: /home/rafaella/ros2_ws/install/Stage/lib/Stage-4.3/rasterize.so
[3.164s] -- Up-to-date: /home/rafaella/ros2_ws/install/Stage/lib/Stage-4.3/lasernoise.so
[3.166s] -- Up-to-date: /home/rafaella/ros2_ws/install/Stage/lib/Stage-4.3/dynamic.so
[3.171s] -- Up-to-date: /home/rafaella/ros2_ws/install/Stage/lib/Stage-4.3/fasr2.so
[3.176s] -- Up-to-date: /home/rafaella/ros2_ws/install/Stage/share/stage/assets/blue.png
[3.177s] -- Up-to-date: /home/rafaella/ros2_ws/install/Stage/share/stage/assets/death.png
[3.177s] -- Up-to-date: /home/rafaella/ros2_ws/install/Stage/share/stage/assets/green.png
[3.177s] -- Up-to-date: /home/rafaella/ros2_ws/install/Stage/share/stage/assets/logo.png
[3.178s] -- Up-to-date: /home/rafaella/ros2_ws/install/Stage/share/stage/assets/mains.png
[3.178s] -- Up-to-date: /home/rafaella/ros2_ws/install/Stage/share/stage/assets/mainspower.png
[3.178s] -- Up-to-date: /home/rafaella/ros2_ws/install/Stage/share/stage/assets/question_mark.png
[3.180s] -- Up-to-date: /home/rafaella/ros2_ws/install/Stage/share/stage/assets/red.png
[3.182s] -- Up-to-date: /home/rafaella/ros2_ws/install/Stage/share/stage/assets/stagelogo.png
[3.183s] -- Up-to-date: /home/rafaella/ros2_ws/install/Stage/share/stage/assets/stall-old.png
[3.183s] -- Up-to-date: /home/rafaella/ros2_ws/install/Stage/share/stage/assets/stall.png
[3.183s] -- Up-to-date: /home/rafaella/ros2_ws/install/Stage/share/stage/assets/rgb.txt
[3.184s] -- Up-to-date: /home/rafaella/ros2_ws/install/Stage/share/stage/rgb.txt
[3.185s] -- Up-to-date: /home/rafaella/ros2_ws/install/Stage/share/stage/worlds/amcl-sonar.cfg
[3.185s] -- Up-to-date: /home/rafaella/ros2_ws/install/Stage/share/stage/worlds/autolab.cfg
[3.186s] -- Up-to-date: /home/rafaella/ros2_ws/install/Stage/share/stage/worlds/camera.cfg
[3.189s] -- Up-to-date: /home/rafaella/ros2_ws/install/Stage/share/stage/worlds/everything.cfg
[3.189s] -- Up-to-date: /home/rafaella/ros2_ws/install/Stage/share/stage/worlds/lsp_test.cfg
[3.189s] -- Up-to-date: /home/rafaella/ros2_ws/install/Stage/share/stage/worlds/mbicp.cfg
[3.190s] -- Up-to-date: /home/rafaella/ros2_ws/install/Stage/share/stage/worlds/nd.cfg
[3.190s] -- Up-to-date: /home/rafaella/ros2_ws/install/Stage/share/stage/worlds/roomba.cfg
[3.193s] -- Up-to-date: /home/rafaella/ros2_ws/install/Stage/share/stage/worlds/simple.cfg
[3.194s] -- Up-to-date: /home/rafaella/ros2_ws/install/Stage/share/stage/worlds/test.cfg
[3.194s] -- Up-to-date: /home/rafaella/ros2_ws/install/Stage/share/stage/worlds/uoa_robotics_lab.cfg
[3.194s] -- Up-to-date: /home/rafaella/ros2_ws/install/Stage/share/stage/worlds/vfh.cfg
[3.194s] -- Up-to-date: /home/rafaella/ros2_ws/install/Stage/share/stage/worlds/wavefront-remote.cfg
[3.195s] -- Up-to-date: /home/rafaella/ros2_ws/install/Stage/share/stage/worlds/wavefront.cfg
[3.195s] -- Up-to-date: /home/rafaella/ros2_ws/install/Stage/share/stage/worlds/wifi.cfg
[3.195s] -- Up-to-date: /home/rafaella/ros2_ws/install/Stage/share/stage/worlds/SFU.world
[3.196s] -- Up-to-date: /home/rafaella/ros2_ws/install/Stage/share/stage/worlds/autolab.world
[3.196s] -- Up-to-date: /home/rafaella/ros2_ws/install/Stage/share/stage/worlds/camera.world
[3.196s] -- Up-to-date: /home/rafaella/ros2_ws/install/Stage/share/stage/worlds/circuit.world
[3.196s] -- Up-to-date: /home/rafaella/ros2_ws/install/Stage/share/stage/worlds/everything.world
[3.199s] -- Up-to-date: /home/rafaella/ros2_ws/install/Stage/share/stage/worlds/fasr.world
[3.200s] -- Up-to-date: /home/rafaella/ros2_ws/install/Stage/share/stage/worlds/fasr2.world
[3.200s] -- Up-to-date: /home/rafaella/ros2_ws/install/Stage/share/stage/worlds/fasr_plan.world
[3.200s] -- Up-to-date: /home/rafaella/ros2_ws/install/Stage/share/stage/worlds/large.world
[3.200s] -- Up-to-date: /home/rafaella/ros2_ws/install/Stage/share/stage/worlds/lsp_test.world
[3.201s] -- Up-to-date: /home/rafaella/ros2_ws/install/Stage/share/stage/worlds/mbicp.world
[3.201s] -- Up-to-date: /home/rafaella/ros2_ws/install/Stage/share/stage/worlds/pioneer_flocking.world
[3.201s] -- Up-to-date: /home/rafaella/ros2_ws/install/Stage/share/stage/worlds/pioneer_follow.world
[3.203s] -- Up-to-date: /home/rafaella/ros2_ws/install/Stage/share/stage/worlds/pioneer_walle.world
[3.204s] -- Up-to-date: /home/rafaella/ros2_ws/install/Stage/share/stage/worlds/roomba.world
[3.204s] -- Up-to-date: /home/rafaella/ros2_ws/install/Stage/share/stage/worlds/sensor_noise_demo.world
[3.204s] -- Up-to-date: /home/rafaella/ros2_ws/install/Stage/share/stage/worlds/sensor_noise_module_demo.world
[3.204s] -- Up-to-date: /home/rafaella/ros2_ws/install/Stage/share/stage/worlds/simple.world
[3.205s] -- Up-to-date: /home/rafaella/ros2_ws/install/Stage/share/stage/worlds/uoa_robotics_lab.world
[3.205s] -- Up-to-date: /home/rafaella/ros2_ws/install/Stage/share/stage/worlds/wifi.world
[3.205s] -- Up-to-date: /home/rafaella/ros2_ws/install/Stage/share/stage/worlds/beacons.inc
[3.205s] -- Up-to-date: /home/rafaella/ros2_ws/install/Stage/share/stage/worlds/chatterbox.inc
[3.205s] -- Up-to-date: /home/rafaella/ros2_ws/install/Stage/share/stage/worlds/hokuyo.inc
[3.206s] -- Up-to-date: /home/rafaella/ros2_ws/install/Stage/share/stage/worlds/irobot.inc
[3.206s] -- Up-to-date: /home/rafaella/ros2_ws/install/Stage/share/stage/worlds/map.inc
[3.206s] -- Up-to-date: /home/rafaella/ros2_ws/install/Stage/share/stage/worlds/objects.inc
[3.206s] -- Up-to-date: /home/rafaella/ros2_ws/install/Stage/share/stage/worlds/pantilt.inc
[3.211s] -- Up-to-date: /home/rafaella/ros2_ws/install/Stage/share/stage/worlds/pioneer.inc
[3.211s] -- Up-to-date: /home/rafaella/ros2_ws/install/Stage/share/stage/worlds/sick.inc
[3.211s] -- Up-to-date: /home/rafaella/ros2_ws/install/Stage/share/stage/worlds/ubot.inc
[3.212s] -- Up-to-date: /home/rafaella/ros2_ws/install/Stage/share/stage/worlds/uoa_robotics_lab_models.inc
[3.212s] -- Up-to-date: /home/rafaella/ros2_ws/install/Stage/share/stage/worlds/walle.inc
[3.212s] -- Up-to-date: /home/rafaella/ros2_ws/install/Stage/share/stage/worlds/cfggen.sh
[3.212s] -- Up-to-date: /home/rafaella/ros2_ws/install/Stage/share/stage/worlds/test.sh
[3.213s] -- Up-to-date: /home/rafaella/ros2_ws/install/Stage/share/stage/worlds/worldgen.sh
[3.213s] -- Up-to-date: /home/rafaella/ros2_ws/install/Stage/lib/Stage-4.3/expand_swarm.so
[3.213s] -- Up-to-date: /home/rafaella/ros2_ws/install/Stage/lib/Stage-4.3/expand_pioneer.so
[3.213s] -- Up-to-date: /home/rafaella/ros2_ws/install/Stage/share/stage/worlds/bitmaps/889_05.png
[3.214s] -- Up-to-date: /home/rafaella/ros2_ws/install/Stage/share/stage/worlds/bitmaps/SFU_1200x615.png
[3.214s] -- Up-to-date: /home/rafaella/ros2_ws/install/Stage/share/stage/worlds/bitmaps/SRI-AIC-kwing.png
[3.214s] -- Up-to-date: /home/rafaella/ros2_ws/install/Stage/share/stage/worlds/bitmaps/autolab.png
[3.214s] -- Up-to-date: /home/rafaella/ros2_ws/install/Stage/share/stage/worlds/bitmaps/cave.png
[3.215s] -- Up-to-date: /home/rafaella/ros2_ws/install/Stage/share/stage/worlds/bitmaps/cave_compact.png
[3.215s] -- Up-to-date: /home/rafaella/ros2_ws/install/Stage/share/stage/worlds/bitmaps/cave_filled.png
[3.215s] -- Up-to-date: /home/rafaella/ros2_ws/install/Stage/share/stage/worlds/bitmaps/frieburg.png
[3.215s] -- Up-to-date: /home/rafaella/ros2_ws/install/Stage/share/stage/worlds/bitmaps/ghost.png
[3.216s] -- Up-to-date: /home/rafaella/ros2_ws/install/Stage/share/stage/worlds/bitmaps/hospital.png
[3.216s] -- Up-to-date: /home/rafaella/ros2_ws/install/Stage/share/stage/worlds/bitmaps/hospital_section.png
[3.216s] -- Up-to-date: /home/rafaella/ros2_ws/install/Stage/share/stage/worlds/bitmaps/human_outline.png
[3.220s] -- Up-to-date: /home/rafaella/ros2_ws/install/Stage/share/stage/worlds/bitmaps/mbicp.png
[3.220s] -- Up-to-date: /home/rafaella/ros2_ws/install/Stage/share/stage/worlds/bitmaps/rink.png
[3.220s] -- Up-to-date: /home/rafaella/ros2_ws/install/Stage/share/stage/worlds/bitmaps/sal2.png
[3.220s] -- Up-to-date: /home/rafaella/ros2_ws/install/Stage/share/stage/worlds/bitmaps/simple_rooms.png
[3.221s] -- Up-to-date: /home/rafaella/ros2_ws/install/Stage/share/stage/worlds/bitmaps/space_invader.png
[3.221s] -- Up-to-date: /home/rafaella/ros2_ws/install/Stage/share/stage/worlds/bitmaps/submarine.png
[3.221s] -- Up-to-date: /home/rafaella/ros2_ws/install/Stage/share/stage/worlds/bitmaps/submarine_small.png
[3.221s] -- Up-to-date: /home/rafaella/ros2_ws/install/Stage/share/stage/worlds/bitmaps/table.png
[3.222s] -- Up-to-date: /home/rafaella/ros2_ws/install/Stage/share/stage/worlds/bitmaps/uoa_robotics_lab.png
[3.222s] -- Up-to-date: /home/rafaella/ros2_ws/install/Stage/share/stage/worlds/wifi/commando.world
[3.222s] -- Up-to-date: /home/rafaella/ros2_ws/install/Stage/share/stage/worlds/wifi/hosp_wifi.world
[3.230s] -- Up-to-date: /home/rafaella/ros2_ws/install/Stage/share/stage/worlds/wifi/hosp_wifi_5.world
[3.231s] -- Up-to-date: /home/rafaella/ros2_ws/install/Stage/share/stage/worlds/wifi/wifi.world
[3.231s] -- Up-to-date: /home/rafaella/ros2_ws/install/Stage/share/stage/worlds/wifi/wifi_itu.world
[3.231s] -- Up-to-date: /home/rafaella/ros2_ws/install/Stage/share/stage/worlds/wifi/wifi_logdistance.world
[3.232s] -- Up-to-date: /home/rafaella/ros2_ws/install/Stage/share/stage/worlds/wifi/wifi_ray.world
[3.232s] -- Up-to-date: /home/rafaella/ros2_ws/install/Stage/share/stage/worlds/wifi/wifi_simple.world
[3.232s] -- Up-to-date: /home/rafaella/ros2_ws/install/Stage/share/stage/worlds/wifi/map.inc
[3.240s] Invoked command in '/home/rafaella/ros2_ws/build/Stage' returned '0': /usr/bin/cmake --install /home/rafaella/ros2_ws/build/Stage
