running develop
running egg_info
creating trab_stage_pkg.egg-info
writing trab_stage_pkg.egg-info/PKG-INFO
writing dependency_links to trab_stage_pkg.egg-info/dependency_links.txt
writing entry points to trab_stage_pkg.egg-info/entry_points.txt
writing requirements to trab_stage_pkg.egg-info/requires.txt
writing top-level names to trab_stage_pkg.egg-info/top_level.txt
writing manifest file 'trab_stage_pkg.egg-info/SOURCES.txt'
reading manifest file 'trab_stage_pkg.egg-info/SOURCES.txt'
writing manifest file 'trab_stage_pkg.egg-info/SOURCES.txt'
running build_ext
Creating /home/rafaella/ros2_ws/install/trab_stage_pkg/lib/python3.10/site-packages/trab-stage-pkg.egg-link (link to .)
Installing publisher script to /home/rafaella/ros2_ws/install/trab_stage_pkg/lib/trab_stage_pkg
Installing py_node script to /home/rafaella/ros2_ws/install/trab_stage_pkg/lib/trab_stage_pkg
Installing subscriber script to /home/rafaella/ros2_ws/install/trab_stage_pkg/lib/trab_stage_pkg

Installed /home/rafaella/ros2_ws/build/trab_stage_pkg
running symlink_data
creating /home/rafaella/ros2_ws/install/trab_stage_pkg/share/ament_index
creating /home/rafaella/ros2_ws/install/trab_stage_pkg/share/ament_index/resource_index
creating /home/rafaella/ros2_ws/install/trab_stage_pkg/share/ament_index/resource_index/packages
symbolically linking /home/rafaella/ros2_ws/build/trab_stage_pkg/resource/trab_stage_pkg -> /home/rafaella/ros2_ws/install/trab_stage_pkg/share/ament_index/resource_index/packages
symbolically linking /home/rafaella/ros2_ws/build/trab_stage_pkg/package.xml -> /home/rafaella/ros2_ws/install/trab_stage_pkg/share/trab_stage_pkg
