[0.031s] Invoking command in '/home/rafaella/ros2_ws/build/stage': /usr/bin/cmake /home/rafaella/ros2_ws/src/Stage -DOpenGL_GL_PREFERENCE=LEGACY -DCATKIN_INSTALL_INTO_PREFIX_ROOT=0 -DCATKIN_SYMLINK_INSTALL=ON -DCMAKE_INSTALL_PREFIX=/home/rafaella/ros2_ws/install/stage
[0.192s] -- The C compiler identification is GNU 11.4.0
[0.335s] -- The CXX compiler identification is GNU 11.4.0
[0.359s] -- Detecting C compiler ABI info
[0.509s] -- Detecting C compiler ABI info - done
[0.528s] -- Check for working C compiler: /usr/bin/cc - skipped
[0.528s] -- Detecting C compile features
[0.529s] -- Detecting C compile features - done
[0.536s] -- Detecting CXX compiler ABI info
[0.756s] -- Detecting CXX compiler ABI info - done
[0.780s] -- Check for working CXX compiler: /usr/bin/c++ - skipped
[0.780s] -- Detecting CXX compile features
[0.782s] -- Detecting CXX compile features - done
[0.784s] -- Stage version 4.3.0
[0.784s] -- Operating system is Linux
[0.785s] -- Installing Libraries to /home/rafaella/ros2_ws/install/stage/lib
[0.785s] -- Installing Plugins to /home/rafaella/ros2_ws/install/stage/lib/Stage-4.3
[0.785s] -- Build type RELEASE
[0.786s] -- Checking for libtool
[0.798s] -- Checking for required libraries...
[0.818s] -- Found JPEG: /usr/lib/x86_64-linux-gnu/libjpeg.so (found version "80") 
[0.835s] -- Found ZLIB: /usr/lib/x86_64-linux-gnu/libz.so (found version "1.2.11") 
[0.865s] -- Found PNG: /usr/lib/x86_64-linux-gnu/libpng.so (found version "1.6.37") 
[0.879s] -- Found OpenGL: /usr/lib/x86_64-linux-gnu/libOpenGL.so   
[0.967s] -- Found X11: /usr/include   
[0.968s] -- Looking for XOpenDisplay in /usr/lib/x86_64-linux-gnu/libX11.so
[1.182s] -- Looking for XOpenDisplay in /usr/lib/x86_64-linux-gnu/libX11.so - found
[1.183s] -- Looking for gethostbyname
[1.372s] -- Looking for gethostbyname - found
[1.373s] -- Looking for connect
[1.555s] -- Looking for connect - found
[1.556s] -- Looking for remove
[1.772s] -- Looking for remove - found
[1.776s] -- Looking for shmat
[2.048s] -- Looking for shmat - found
[2.182s] -- Found FLTK: fltk_images;fltk_forms;fltk_gl;/usr/lib/x86_64-linux-gnu/libGL.so;fltk  
[2.194s] -- Checking for optional libraries...
[2.197s] -- Installation path CMAKE_INSTALL_PREFIX=/home/rafaella/ros2_ws/install/stage
[2.200s] -- Configuring libstage
[2.246s] -- Found PkgConfig: /usr/bin/pkg-config (found version "0.29.2") 
[2.247s] -- Checking for one of the modules 'playercore>=2.1.0'
[2.259s] --   * Player not detected. If Player is installed but not detected, check your PKG_CONFIG_PATH.
[2.294s] -- Configuring done
[2.496s] -- Generating done
[2.500s] [33mCMake Warning:
[2.500s]   Manually-specified variables were not used by the project:
[2.501s] 
[2.501s]     CATKIN_INSTALL_INTO_PREFIX_ROOT
[2.501s]     CATKIN_SYMLINK_INSTALL
[2.502s] 
[2.502s] [0m
[2.529s] -- Build files have been written to: /home/rafaella/ros2_ws/build/stage
[2.548s] Invoked command in '/home/rafaella/ros2_ws/build/stage' returned '0': /usr/bin/cmake /home/rafaella/ros2_ws/src/Stage -DOpenGL_GL_PREFERENCE=LEGACY -DCATKIN_INSTALL_INTO_PREFIX_ROOT=0 -DCATKIN_SYMLINK_INSTALL=ON -DCMAKE_INSTALL_PREFIX=/home/rafaella/ros2_ws/install/stage
[2.555s] Invoking command in '/home/rafaella/ros2_ws/build/stage': /usr/bin/cmake --build /home/rafaella/ros2_ws/build/stage -- -j4 -l4
[2.707s] [  3%] [32mBuilding CXX object libstage/CMakeFiles/stage.dir/blockgroup.cc.o[0m
[2.713s] [  3%] [32mBuilding CXX object libstage/CMakeFiles/stage.dir/camera.cc.o[0m
[2.717s] [  5%] [32mBuilding CXX object libstage/CMakeFiles/stage.dir/block.cc.o[0m
[2.741s] [  6%] [32mBuilding CXX object libstage/CMakeFiles/stage.dir/color.cc.o[0m
[9.164s] [  8%] [32mBuilding CXX object libstage/CMakeFiles/stage.dir/file_manager.cc.o[0m
[9.402s] [ 10%] [32mBuilding CXX object libstage/CMakeFiles/stage.dir/gl.cc.o[0m
[9.578s] [ 11%] [32mBuilding CXX object libstage/CMakeFiles/stage.dir/logentry.cc.o[0m
[11.024s] [ 13%] [32mBuilding CXX object libstage/CMakeFiles/stage.dir/model.cc.o[0m
[15.662s] [ 15%] [32mBuilding CXX object libstage/CMakeFiles/stage.dir/model_blinkenlight.cc.o[0m
[15.675s] [ 16%] [32mBuilding CXX object libstage/CMakeFiles/stage.dir/model_actuator.cc.o[0m
[16.144s] [ 18%] [32mBuilding CXX object libstage/CMakeFiles/stage.dir/model_blobfinder.cc.o[0m
[21.541s] [ 20%] [32mBuilding CXX object libstage/CMakeFiles/stage.dir/model_bumper.cc.o[0m
[23.798s] [ 22%] [32mBuilding CXX object libstage/CMakeFiles/stage.dir/model_callbacks.cc.o[0m
[24.458s] [ 23%] [32mBuilding CXX object libstage/CMakeFiles/stage.dir/model_camera.cc.o[0m
[24.644s] [ 25%] [32mBuilding CXX object libstage/CMakeFiles/stage.dir/model_draw.cc.o[0m
[27.816s] [ 27%] [32mBuilding CXX object libstage/CMakeFiles/stage.dir/model_fiducial.cc.o[0m
[29.927s] [ 28%] [32mBuilding CXX object libstage/CMakeFiles/stage.dir/model_gripper.cc.o[0m
[31.233s] [ 30%] [32mBuilding CXX object libstage/CMakeFiles/stage.dir/model_lightindicator.cc.o[0m
[32.413s] [ 32%] [32mBuilding CXX object libstage/CMakeFiles/stage.dir/model_position.cc.o[0m
[35.539s] [ 33%] [32mBuilding CXX object libstage/CMakeFiles/stage.dir/model_ranger.cc.o[0m
[36.991s] [ 35%] [32mBuilding CXX object libstage/CMakeFiles/stage.dir/option.cc.o[0m
[37.002s] [ 37%] [32mBuilding CXX object libstage/CMakeFiles/stage.dir/powerpack.cc.o[0m
[41.124s] [ 38%] [32mBuilding CXX object libstage/CMakeFiles/stage.dir/region.cc.o[0m
[42.978s] [ 40%] [32mBuilding CXX object libstage/CMakeFiles/stage.dir/stage.cc.o[0m
[43.622s] [ 42%] [32mBuilding CXX object libstage/CMakeFiles/stage.dir/texture_manager.cc.o[0m
[43.715s] [ 44%] [32mBuilding CXX object libstage/CMakeFiles/stage.dir/typetable.cc.o[0m
[49.395s] [ 45%] [32mBuilding CXX object libstage/CMakeFiles/stage.dir/world.cc.o[0m
[49.508s] [ 47%] [32mBuilding CXX object libstage/CMakeFiles/stage.dir/worldfile.cc.o[0m
[50.458s] [ 49%] [32mBuilding CXX object libstage/CMakeFiles/stage.dir/canvas.cc.o[0m
[50.941s] [ 50%] [32mBuilding CXX object libstage/CMakeFiles/stage.dir/options_dlg.cc.o[0m
[57.280s] [ 52%] [32mBuilding CXX object libstage/CMakeFiles/stage.dir/vis_strip.cc.o[0m
[58.673s] [ 54%] [32mBuilding CXX object libstage/CMakeFiles/stage.dir/worldgui.cc.o[0m
[59.413s] [ 55%] [32mBuilding CXX object libstage/CMakeFiles/stage.dir/ancestor.cc.o[0m
[63.425s] [ 57%] [32m[1mLinking CXX shared library libstage.so[0m
[63.878s] [ 57%] Built target stage
[63.948s] [ 59%] [32mBuilding CXX object examples/ctrl/CMakeFiles/fasr.dir/fasr.cc.o[0m
[63.950s] [ 61%] [32mBuilding CXX object libstage/CMakeFiles/stagebinary.dir/main.cc.o[0m
[63.957s] [ 62%] [32mBuilding CXX object examples/ctrl/CMakeFiles/source.dir/source.cc.o[0m
[63.958s] [ 64%] [32mBuilding CXX object examples/ctrl/CMakeFiles/sink.dir/sink.cc.o[0m
[69.062s] [ 66%] [32m[1mLinking CXX shared module sink.so[0m
[69.368s] [ 67%] [32m[1mLinking CXX shared module source.so[0m
[69.468s] [ 69%] [32m[1mLinking CXX executable stage[0m
[69.587s] [ 69%] Built target sink
[69.698s] [ 71%] [32mBuilding CXX object examples/ctrl/CMakeFiles/wander.dir/wander.cc.o[0m
[69.739s] [ 72%] [32m[1mLinking CXX shared module fasr.so[0m
[69.938s] [ 72%] Built target source
[70.045s] [ 74%] [32mBuilding CXX object examples/ctrl/CMakeFiles/pioneer_flocking.dir/pioneer_flocking.cc.o[0m
[70.230s] [ 74%] Built target stagebinary
[70.351s] [ 76%] [32mBuilding CXX object examples/ctrl/CMakeFiles/rasterize.dir/rasterize.cc.o[0m
[70.384s] [ 76%] Built target fasr
[70.468s] [ 77%] [32mBuilding CXX object examples/ctrl/CMakeFiles/lasernoise.dir/lasernoise.cc.o[0m
[76.040s] [ 79%] [32m[1mLinking CXX shared module wander.so[0m
[76.213s] [ 81%] [32m[1mLinking CXX shared module pioneer_flocking.so[0m
[76.238s] [ 83%] [32m[1mLinking CXX shared module rasterize.so[0m
[76.648s] [ 84%] [32m[1mLinking CXX shared module lasernoise.so[0m
[76.655s] [ 84%] Built target wander
[76.880s] [ 84%] Built target rasterize
[76.883s] [ 84%] Built target pioneer_flocking
[77.203s] [ 84%] Built target lasernoise
[77.281s] [ 86%] [32mBuilding CXX object worlds/benchmark/CMakeFiles/expand_swarm.dir/expand_swarm.cc.o[0m
[80.140s] [ 88%] [32m[1mLinking CXX shared module expand_swarm.so[0m
[80.565s] [ 88%] Built target expand_swarm
[80.658s] [ 89%] [32mBuilding CXX object worlds/benchmark/CMakeFiles/expand_pioneer.dir/expand_pioneer.cc.o[0m
[80.662s] [ 91%] [32mBuilding CXX object examples/ctrl/CMakeFiles/fasr2.dir/fasr2.cc.o[0m
[80.665s] [ 93%] [32mBuilding CXX object examples/ctrl/CMakeFiles/fasr2.dir/astar/findpath.cpp.o[0m
[84.747s] [ 94%] [32m[1mLinking CXX shared module expand_pioneer.so[0m
[85.087s] [ 94%] Built target expand_pioneer
[85.142s] [ 96%] [32mBuilding CXX object examples/ctrl/CMakeFiles/dynamic.dir/dynamic.cc.o[0m
[85.763s] [ 98%] [32m[1mLinking CXX shared module fasr2.so[0m
[86.117s] [ 98%] Built target fasr2
[87.546s] [100%] [32m[1mLinking CXX shared module dynamic.so[0m
[87.869s] [100%] Built target dynamic
[87.913s] Invoked command in '/home/rafaella/ros2_ws/build/stage' returned '0': /usr/bin/cmake --build /home/rafaella/ros2_ws/build/stage -- -j4 -l4
[87.944s] Invoking command in '/home/rafaella/ros2_ws/build/stage': /usr/bin/cmake --install /home/rafaella/ros2_ws/build/stage
[87.968s] -- Install configuration: "RELEASE"
[87.968s] -- Installing: /home/rafaella/ros2_ws/install/stage/lib/pkgconfig/stage.pc
[87.969s] -- Installing: /home/rafaella/ros2_ws/install/stage/lib/cmake/Stage/stage-config.cmake
[87.970s] -- Installing: /home/rafaella/ros2_ws/install/stage/lib/cmake/Stage/stage-config-version.cmake
[87.971s] -- Installing: /home/rafaella/ros2_ws/install/stage/bin/stage
[87.973s] -- Set runtime path of "/home/rafaella/ros2_ws/install/stage/bin/stage" to ""
[87.973s] -- Installing: /home/rafaella/ros2_ws/install/stage/lib/libstage.so.4.3.0
[87.977s] -- Installing: /home/rafaella/ros2_ws/install/stage/lib/libstage.so
[87.977s] -- Installing: /home/rafaella/ros2_ws/install/stage/include/Stage-4.3/stage.hh
[87.979s] -- Installing: /home/rafaella/ros2_ws/install/stage/lib/Stage-4.3/fasr.so
[87.981s] -- Set runtime path of "/home/rafaella/ros2_ws/install/stage/lib/Stage-4.3/fasr.so" to ""
[87.981s] -- Installing: /home/rafaella/ros2_ws/install/stage/lib/Stage-4.3/sink.so
[87.983s] -- Set runtime path of "/home/rafaella/ros2_ws/install/stage/lib/Stage-4.3/sink.so" to ""
[87.983s] -- Installing: /home/rafaella/ros2_ws/install/stage/lib/Stage-4.3/source.so
[87.985s] -- Set runtime path of "/home/rafaella/ros2_ws/install/stage/lib/Stage-4.3/source.so" to ""
[87.985s] -- Installing: /home/rafaella/ros2_ws/install/stage/lib/Stage-4.3/wander.so
[87.987s] -- Set runtime path of "/home/rafaella/ros2_ws/install/stage/lib/Stage-4.3/wander.so" to ""
[87.987s] -- Installing: /home/rafaella/ros2_ws/install/stage/lib/Stage-4.3/pioneer_flocking.so
[87.989s] -- Set runtime path of "/home/rafaella/ros2_ws/install/stage/lib/Stage-4.3/pioneer_flocking.so" to ""
[87.990s] -- Installing: /home/rafaella/ros2_ws/install/stage/lib/Stage-4.3/rasterize.so
[87.991s] -- Set runtime path of "/home/rafaella/ros2_ws/install/stage/lib/Stage-4.3/rasterize.so" to ""
[87.992s] -- Installing: /home/rafaella/ros2_ws/install/stage/lib/Stage-4.3/lasernoise.so
[87.993s] -- Set runtime path of "/home/rafaella/ros2_ws/install/stage/lib/Stage-4.3/lasernoise.so" to ""
[87.994s] -- Installing: /home/rafaella/ros2_ws/install/stage/lib/Stage-4.3/dynamic.so
[87.995s] -- Set runtime path of "/home/rafaella/ros2_ws/install/stage/lib/Stage-4.3/dynamic.so" to ""
[87.996s] -- Installing: /home/rafaella/ros2_ws/install/stage/lib/Stage-4.3/fasr2.so
[87.997s] -- Set runtime path of "/home/rafaella/ros2_ws/install/stage/lib/Stage-4.3/fasr2.so" to ""
[87.999s] -- Installing: /home/rafaella/ros2_ws/install/stage/share/stage/assets/blue.png
[87.999s] -- Installing: /home/rafaella/ros2_ws/install/stage/share/stage/assets/death.png
[88.000s] -- Installing: /home/rafaella/ros2_ws/install/stage/share/stage/assets/green.png
[88.000s] -- Installing: /home/rafaella/ros2_ws/install/stage/share/stage/assets/logo.png
[88.000s] -- Installing: /home/rafaella/ros2_ws/install/stage/share/stage/assets/mains.png
[88.001s] -- Installing: /home/rafaella/ros2_ws/install/stage/share/stage/assets/mainspower.png
[88.002s] -- Installing: /home/rafaella/ros2_ws/install/stage/share/stage/assets/question_mark.png
[88.002s] -- Installing: /home/rafaella/ros2_ws/install/stage/share/stage/assets/red.png
[88.003s] -- Installing: /home/rafaella/ros2_ws/install/stage/share/stage/assets/stagelogo.png
[88.003s] -- Installing: /home/rafaella/ros2_ws/install/stage/share/stage/assets/stall-old.png
[88.004s] -- Installing: /home/rafaella/ros2_ws/install/stage/share/stage/assets/stall.png
[88.004s] -- Installing: /home/rafaella/ros2_ws/install/stage/share/stage/assets/rgb.txt
[88.005s] -- Installing: /home/rafaella/ros2_ws/install/stage/share/stage/rgb.txt
[88.006s] -- Installing: /home/rafaella/ros2_ws/install/stage/share/stage/worlds/amcl-sonar.cfg
[88.007s] -- Installing: /home/rafaella/ros2_ws/install/stage/share/stage/worlds/autolab.cfg
[88.007s] -- Installing: /home/rafaella/ros2_ws/install/stage/share/stage/worlds/camera.cfg
[88.007s] -- Installing: /home/rafaella/ros2_ws/install/stage/share/stage/worlds/everything.cfg
[88.008s] -- Installing: /home/rafaella/ros2_ws/install/stage/share/stage/worlds/lsp_test.cfg
[88.008s] -- Installing: /home/rafaella/ros2_ws/install/stage/share/stage/worlds/mbicp.cfg
[88.009s] -- Installing: /home/rafaella/ros2_ws/install/stage/share/stage/worlds/nd.cfg
[88.009s] -- Installing: /home/rafaella/ros2_ws/install/stage/share/stage/worlds/roomba.cfg
[88.009s] -- Installing: /home/rafaella/ros2_ws/install/stage/share/stage/worlds/simple.cfg
[88.010s] -- Installing: /home/rafaella/ros2_ws/install/stage/share/stage/worlds/test.cfg
[88.010s] -- Installing: /home/rafaella/ros2_ws/install/stage/share/stage/worlds/uoa_robotics_lab.cfg
[88.011s] -- Installing: /home/rafaella/ros2_ws/install/stage/share/stage/worlds/vfh.cfg
[88.011s] -- Installing: /home/rafaella/ros2_ws/install/stage/share/stage/worlds/wavefront-remote.cfg
[88.011s] -- Installing: /home/rafaella/ros2_ws/install/stage/share/stage/worlds/wavefront.cfg
[88.012s] -- Installing: /home/rafaella/ros2_ws/install/stage/share/stage/worlds/wifi.cfg
[88.012s] -- Installing: /home/rafaella/ros2_ws/install/stage/share/stage/worlds/SFU.world
[88.013s] -- Installing: /home/rafaella/ros2_ws/install/stage/share/stage/worlds/autolab.world
[88.013s] -- Installing: /home/rafaella/ros2_ws/install/stage/share/stage/worlds/camera.world
[88.013s] -- Installing: /home/rafaella/ros2_ws/install/stage/share/stage/worlds/circuit.world
[88.014s] -- Installing: /home/rafaella/ros2_ws/install/stage/share/stage/worlds/everything.world
[88.014s] -- Installing: /home/rafaella/ros2_ws/install/stage/share/stage/worlds/fasr.world
[88.014s] -- Installing: /home/rafaella/ros2_ws/install/stage/share/stage/worlds/fasr2.world
[88.015s] -- Installing: /home/rafaella/ros2_ws/install/stage/share/stage/worlds/fasr_plan.world
[88.015s] -- Installing: /home/rafaella/ros2_ws/install/stage/share/stage/worlds/large.world
[88.016s] -- Installing: /home/rafaella/ros2_ws/install/stage/share/stage/worlds/lsp_test.world
[88.016s] -- Installing: /home/rafaella/ros2_ws/install/stage/share/stage/worlds/mbicp.world
[88.017s] -- Installing: /home/rafaella/ros2_ws/install/stage/share/stage/worlds/pioneer_flocking.world
[88.017s] -- Installing: /home/rafaella/ros2_ws/install/stage/share/stage/worlds/pioneer_follow.world
[88.017s] -- Installing: /home/rafaella/ros2_ws/install/stage/share/stage/worlds/pioneer_walle.world
[88.018s] -- Installing: /home/rafaella/ros2_ws/install/stage/share/stage/worlds/roomba.world
[88.018s] -- Installing: /home/rafaella/ros2_ws/install/stage/share/stage/worlds/sensor_noise_demo.world
[88.018s] -- Installing: /home/rafaella/ros2_ws/install/stage/share/stage/worlds/sensor_noise_module_demo.world
[88.019s] -- Installing: /home/rafaella/ros2_ws/install/stage/share/stage/worlds/simple.world
[88.019s] -- Installing: /home/rafaella/ros2_ws/install/stage/share/stage/worlds/uoa_robotics_lab.world
[88.020s] -- Installing: /home/rafaella/ros2_ws/install/stage/share/stage/worlds/wifi.world
[88.020s] -- Installing: /home/rafaella/ros2_ws/install/stage/share/stage/worlds/beacons.inc
[88.020s] -- Installing: /home/rafaella/ros2_ws/install/stage/share/stage/worlds/chatterbox.inc
[88.021s] -- Installing: /home/rafaella/ros2_ws/install/stage/share/stage/worlds/hokuyo.inc
[88.021s] -- Installing: /home/rafaella/ros2_ws/install/stage/share/stage/worlds/irobot.inc
[88.022s] -- Installing: /home/rafaella/ros2_ws/install/stage/share/stage/worlds/map.inc
[88.022s] -- Installing: /home/rafaella/ros2_ws/install/stage/share/stage/worlds/objects.inc
[88.022s] -- Installing: /home/rafaella/ros2_ws/install/stage/share/stage/worlds/pantilt.inc
[88.023s] -- Installing: /home/rafaella/ros2_ws/install/stage/share/stage/worlds/pioneer.inc
[88.023s] -- Installing: /home/rafaella/ros2_ws/install/stage/share/stage/worlds/sick.inc
[88.024s] -- Installing: /home/rafaella/ros2_ws/install/stage/share/stage/worlds/ubot.inc
[88.024s] -- Installing: /home/rafaella/ros2_ws/install/stage/share/stage/worlds/uoa_robotics_lab_models.inc
[88.024s] -- Installing: /home/rafaella/ros2_ws/install/stage/share/stage/worlds/walle.inc
[88.025s] -- Installing: /home/rafaella/ros2_ws/install/stage/share/stage/worlds/cfggen.sh
[88.025s] -- Installing: /home/rafaella/ros2_ws/install/stage/share/stage/worlds/test.sh
[88.025s] -- Installing: /home/rafaella/ros2_ws/install/stage/share/stage/worlds/worldgen.sh
[88.026s] -- Installing: /home/rafaella/ros2_ws/install/stage/lib/Stage-4.3/expand_swarm.so
[88.028s] -- Set runtime path of "/home/rafaella/ros2_ws/install/stage/lib/Stage-4.3/expand_swarm.so" to ""
[88.028s] -- Installing: /home/rafaella/ros2_ws/install/stage/lib/Stage-4.3/expand_pioneer.so
[88.030s] -- Set runtime path of "/home/rafaella/ros2_ws/install/stage/lib/Stage-4.3/expand_pioneer.so" to ""
[88.031s] -- Installing: /home/rafaella/ros2_ws/install/stage/share/stage/worlds/bitmaps/889_05.png
[88.031s] -- Installing: /home/rafaella/ros2_ws/install/stage/share/stage/worlds/bitmaps/SFU_1200x615.png
[88.033s] -- Installing: /home/rafaella/ros2_ws/install/stage/share/stage/worlds/bitmaps/SRI-AIC-kwing.png
[88.033s] -- Installing: /home/rafaella/ros2_ws/install/stage/share/stage/worlds/bitmaps/autolab.png
[88.034s] -- Installing: /home/rafaella/ros2_ws/install/stage/share/stage/worlds/bitmaps/cave.png
[88.034s] -- Installing: /home/rafaella/ros2_ws/install/stage/share/stage/worlds/bitmaps/cave_compact.png
[88.035s] -- Installing: /home/rafaella/ros2_ws/install/stage/share/stage/worlds/bitmaps/cave_filled.png
[88.035s] -- Installing: /home/rafaella/ros2_ws/install/stage/share/stage/worlds/bitmaps/frieburg.png
[88.036s] -- Installing: /home/rafaella/ros2_ws/install/stage/share/stage/worlds/bitmaps/ghost.png
[88.036s] -- Installing: /home/rafaella/ros2_ws/install/stage/share/stage/worlds/bitmaps/hospital.png
[88.037s] -- Installing: /home/rafaella/ros2_ws/install/stage/share/stage/worlds/bitmaps/hospital_section.png
[88.037s] -- Installing: /home/rafaella/ros2_ws/install/stage/share/stage/worlds/bitmaps/human_outline.png
[88.038s] -- Installing: /home/rafaella/ros2_ws/install/stage/share/stage/worlds/bitmaps/mbicp.png
[88.038s] -- Installing: /home/rafaella/ros2_ws/install/stage/share/stage/worlds/bitmaps/rink.png
[88.039s] -- Installing: /home/rafaella/ros2_ws/install/stage/share/stage/worlds/bitmaps/sal2.png
[88.039s] -- Installing: /home/rafaella/ros2_ws/install/stage/share/stage/worlds/bitmaps/simple_rooms.png
[88.039s] -- Installing: /home/rafaella/ros2_ws/install/stage/share/stage/worlds/bitmaps/space_invader.png
[88.040s] -- Installing: /home/rafaella/ros2_ws/install/stage/share/stage/worlds/bitmaps/submarine.png
[88.040s] -- Installing: /home/rafaella/ros2_ws/install/stage/share/stage/worlds/bitmaps/submarine_small.png
[88.041s] -- Installing: /home/rafaella/ros2_ws/install/stage/share/stage/worlds/bitmaps/table.png
[88.041s] -- Installing: /home/rafaella/ros2_ws/install/stage/share/stage/worlds/bitmaps/uoa_robotics_lab.png
[88.042s] -- Installing: /home/rafaella/ros2_ws/install/stage/share/stage/worlds/wifi/commando.world
[88.042s] -- Installing: /home/rafaella/ros2_ws/install/stage/share/stage/worlds/wifi/hosp_wifi.world
[88.043s] -- Installing: /home/rafaella/ros2_ws/install/stage/share/stage/worlds/wifi/hosp_wifi_5.world
[88.043s] -- Installing: /home/rafaella/ros2_ws/install/stage/share/stage/worlds/wifi/wifi.world
[88.044s] -- Installing: /home/rafaella/ros2_ws/install/stage/share/stage/worlds/wifi/wifi_itu.world
[88.044s] -- Installing: /home/rafaella/ros2_ws/install/stage/share/stage/worlds/wifi/wifi_logdistance.world
[88.047s] -- Installing: /home/rafaella/ros2_ws/install/stage/share/stage/worlds/wifi/wifi_ray.world
[88.047s] -- Installing: /home/rafaella/ros2_ws/install/stage/share/stage/worlds/wifi/wifi_simple.world
[88.047s] -- Installing: /home/rafaella/ros2_ws/install/stage/share/stage/worlds/wifi/map.inc
[88.050s] Invoked command in '/home/rafaella/ros2_ws/build/stage' returned '0': /usr/bin/cmake --install /home/rafaella/ros2_ws/build/stage
