/home/rafaella/ros2_ws/install/trab_stage_pkg/lib/python3.10/site-packages/trab_stage_pkg/robot.py
/home/rafaella/ros2_ws/install/trab_stage_pkg/lib/python3.10/site-packages/trab_stage_pkg/subscriber.py
/home/rafaella/ros2_ws/install/trab_stage_pkg/lib/python3.10/site-packages/trab_stage_pkg/publisher.py
/home/rafaella/ros2_ws/install/trab_stage_pkg/lib/python3.10/site-packages/trab_stage_pkg/__init__.py
/home/rafaella/ros2_ws/install/trab_stage_pkg/lib/python3.10/site-packages/trab_stage_pkg/main_node.py
/home/rafaella/ros2_ws/install/trab_stage_pkg/lib/python3.10/site-packages/trab_stage_pkg/__pycache__/robot.cpython-310.pyc
/home/rafaella/ros2_ws/install/trab_stage_pkg/lib/python3.10/site-packages/trab_stage_pkg/__pycache__/subscriber.cpython-310.pyc
/home/rafaella/ros2_ws/install/trab_stage_pkg/lib/python3.10/site-packages/trab_stage_pkg/__pycache__/publisher.cpython-310.pyc
/home/rafaella/ros2_ws/install/trab_stage_pkg/lib/python3.10/site-packages/trab_stage_pkg/__pycache__/__init__.cpython-310.pyc
/home/rafaella/ros2_ws/install/trab_stage_pkg/lib/python3.10/site-packages/trab_stage_pkg/__pycache__/main_node.cpython-310.pyc
/home/rafaella/ros2_ws/install/trab_stage_pkg/share/ament_index/resource_index/packages/trab_stage_pkg
/home/rafaella/ros2_ws/install/trab_stage_pkg/share/trab_stage_pkg/package.xml
/home/rafaella/ros2_ws/install/trab_stage_pkg/lib/python3.10/site-packages/trab_stage_pkg-0.0.0-py3.10.egg-info/zip-safe
/home/rafaella/ros2_ws/install/trab_stage_pkg/lib/python3.10/site-packages/trab_stage_pkg-0.0.0-py3.10.egg-info/top_level.txt
/home/rafaella/ros2_ws/install/trab_stage_pkg/lib/python3.10/site-packages/trab_stage_pkg-0.0.0-py3.10.egg-info/requires.txt
/home/rafaella/ros2_ws/install/trab_stage_pkg/lib/python3.10/site-packages/trab_stage_pkg-0.0.0-py3.10.egg-info/dependency_links.txt
/home/rafaella/ros2_ws/install/trab_stage_pkg/lib/python3.10/site-packages/trab_stage_pkg-0.0.0-py3.10.egg-info/entry_points.txt
/home/rafaella/ros2_ws/install/trab_stage_pkg/lib/python3.10/site-packages/trab_stage_pkg-0.0.0-py3.10.egg-info/SOURCES.txt
/home/rafaella/ros2_ws/install/trab_stage_pkg/lib/python3.10/site-packages/trab_stage_pkg-0.0.0-py3.10.egg-info/PKG-INFO
/home/rafaella/ros2_ws/install/trab_stage_pkg/lib/trab_stage_pkg/publisher
/home/rafaella/ros2_ws/install/trab_stage_pkg/lib/trab_stage_pkg/py_node
/home/rafaella/ros2_ws/install/trab_stage_pkg/lib/trab_stage_pkg/robot
/home/rafaella/ros2_ws/install/trab_stage_pkg/lib/trab_stage_pkg/subscriber
