[1.143s] DEBUG:colcon:Command line arguments: ['/usr/bin/colcon', 'build']
[1.144s] DEBUG:colcon:Parsed command line arguments: Namespace(log_base=None, log_level=None, verb_name='build', build_base='build', install_base='install', merge_install=False, symlink_install=False, test_result_base=None, continue_on_error=False, executor='parallel', parallel_workers=4, event_handlers=None, ignore_user_meta=False, metas=['./colcon.meta'], base_paths=['.'], packages_ignore=None, packages_ignore_regex=None, paths=None, packages_up_to=None, packages_up_to_regex=None, packages_above=None, packages_above_and_dependencies=None, packages_above_depth=None, packages_select_by_dep=None, packages_skip_by_dep=None, packages_skip_up_to=None, packages_select_build_failed=False, packages_skip_build_finished=False, packages_select_test_failures=False, packages_skip_test_passed=False, packages_select=None, packages_skip=None, packages_select_regex=None, packages_skip_regex=None, packages_start=None, packages_end=None, allow_overriding=[], bazel_args=None, bazel_task=None, cmake_args=None, cmake_target=None, cmake_target_skip_unavailable=False, cmake_clean_cache=False, cmake_clean_first=False, cmake_force_configure=False, meson_args=[], ament_cmake_args=None, catkin_cmake_args=None, catkin_skip_building_tests=False, mixin_files=None, mixin=None, verb_parser=<colcon_alias.argument_parser.alias.AliasArgumentDecorator object at 0x7da17ae04430>, verb_extension=<colcon_core.verb.build.BuildVerb object at 0x7da17b1b6080>, main=<bound method BuildVerb.main of <colcon_core.verb.build.BuildVerb object at 0x7da17b1b6080>>, mixin_verb=('build',))
[1.898s] Level 1:colcon.colcon_core.package_discovery:discover_packages(colcon_meta) check parameters
[1.899s] Level 1:colcon.colcon_core.package_discovery:discover_packages(recursive) check parameters
[1.899s] Level 1:colcon.colcon_core.package_discovery:discover_packages(ignore) check parameters
[1.899s] Level 1:colcon.colcon_core.package_discovery:discover_packages(path) check parameters
[1.899s] Level 1:colcon.colcon_core.package_discovery:discover_packages(colcon_meta) discover
[1.900s] Level 1:colcon.colcon_core.package_discovery:discover_packages(recursive) discover
[1.900s] INFO:colcon.colcon_core.package_discovery:Crawling recursively for packages in '/home/rafaella/ros2_ws'
[1.900s] Level 1:colcon.colcon_core.package_identification:_identify(.) by extensions ['ignore', 'ignore_ament_install']
[1.901s] Level 1:colcon.colcon_core.package_identification:_identify(.) by extension 'ignore'
[1.901s] Level 1:colcon.colcon_core.package_identification:_identify(.) by extension 'ignore_ament_install'
[1.902s] Level 1:colcon.colcon_core.package_identification:_identify(.) by extensions ['colcon_pkg']
[1.902s] Level 1:colcon.colcon_core.package_identification:_identify(.) by extension 'colcon_pkg'
[1.902s] Level 1:colcon.colcon_core.package_identification:_identify(.) by extensions ['colcon_meta']
[1.903s] Level 1:colcon.colcon_core.package_identification:_identify(.) by extension 'colcon_meta'
[1.903s] Level 1:colcon.colcon_core.package_identification:_identify(.) by extensions ['ros']
[1.903s] Level 1:colcon.colcon_core.package_identification:_identify(.) by extension 'ros'
[1.915s] Level 1:colcon.colcon_core.package_identification:_identify(.) by extensions ['bazel', 'cmake', 'meson', 'python']
[1.916s] Level 1:colcon.colcon_core.package_identification:_identify(.) by extension 'bazel'
[1.916s] Level 1:colcon.colcon_core.package_identification:_identify(.) by extension 'cmake'
[1.916s] Level 1:colcon.colcon_core.package_identification:_identify(.) by extension 'meson'
[1.916s] Level 1:colcon.colcon_core.package_identification:_identify(.) by extension 'python'
[1.917s] Level 1:colcon.colcon_core.package_identification:_identify(.) by extensions ['python_setup_py']
[1.917s] Level 1:colcon.colcon_core.package_identification:_identify(.) by extension 'python_setup_py'
[1.917s] Level 1:colcon.colcon_core.package_identification:_identify(build) by extensions ['ignore', 'ignore_ament_install']
[1.918s] Level 1:colcon.colcon_core.package_identification:_identify(build) by extension 'ignore'
[1.918s] Level 1:colcon.colcon_core.package_identification:_identify(build) ignored
[1.918s] Level 1:colcon.colcon_core.package_identification:_identify(install) by extensions ['ignore', 'ignore_ament_install']
[1.919s] Level 1:colcon.colcon_core.package_identification:_identify(install) by extension 'ignore'
[1.919s] Level 1:colcon.colcon_core.package_identification:_identify(install) ignored
[1.920s] Level 1:colcon.colcon_core.package_identification:_identify(log) by extensions ['ignore', 'ignore_ament_install']
[1.921s] Level 1:colcon.colcon_core.package_identification:_identify(log) by extension 'ignore'
[1.921s] Level 1:colcon.colcon_core.package_identification:_identify(log) ignored
[1.921s] Level 1:colcon.colcon_core.package_identification:_identify(src) by extensions ['ignore', 'ignore_ament_install']
[1.921s] Level 1:colcon.colcon_core.package_identification:_identify(src) by extension 'ignore'
[1.922s] Level 1:colcon.colcon_core.package_identification:_identify(src) by extension 'ignore_ament_install'
[1.922s] Level 1:colcon.colcon_core.package_identification:_identify(src) by extensions ['colcon_pkg']
[1.922s] Level 1:colcon.colcon_core.package_identification:_identify(src) by extension 'colcon_pkg'
[1.922s] Level 1:colcon.colcon_core.package_identification:_identify(src) by extensions ['colcon_meta']
[1.922s] Level 1:colcon.colcon_core.package_identification:_identify(src) by extension 'colcon_meta'
[1.923s] Level 1:colcon.colcon_core.package_identification:_identify(src) by extensions ['ros']
[1.923s] Level 1:colcon.colcon_core.package_identification:_identify(src) by extension 'ros'
[1.923s] Level 1:colcon.colcon_core.package_identification:_identify(src) by extensions ['bazel', 'cmake', 'meson', 'python']
[1.923s] Level 1:colcon.colcon_core.package_identification:_identify(src) by extension 'bazel'
[1.923s] Level 1:colcon.colcon_core.package_identification:_identify(src) by extension 'cmake'
[1.924s] Level 1:colcon.colcon_core.package_identification:_identify(src) by extension 'meson'
[1.924s] Level 1:colcon.colcon_core.package_identification:_identify(src) by extension 'python'
[1.924s] Level 1:colcon.colcon_core.package_identification:_identify(src) by extensions ['python_setup_py']
[1.924s] Level 1:colcon.colcon_core.package_identification:_identify(src) by extension 'python_setup_py'
[1.924s] Level 1:colcon.colcon_core.package_identification:_identify(src/Stage) by extensions ['ignore', 'ignore_ament_install']
[1.925s] Level 1:colcon.colcon_core.package_identification:_identify(src/Stage) by extension 'ignore'
[1.925s] Level 1:colcon.colcon_core.package_identification:_identify(src/Stage) by extension 'ignore_ament_install'
[1.925s] Level 1:colcon.colcon_core.package_identification:_identify(src/Stage) by extensions ['colcon_pkg']
[1.925s] Level 1:colcon.colcon_core.package_identification:_identify(src/Stage) by extension 'colcon_pkg'
[1.925s] Level 1:colcon.colcon_core.package_identification:_identify(src/Stage) by extensions ['colcon_meta']
[1.926s] Level 1:colcon.colcon_core.package_identification:_identify(src/Stage) by extension 'colcon_meta'
[1.926s] Level 1:colcon.colcon_core.package_identification:_identify(src/Stage) by extensions ['ros']
[1.926s] Level 1:colcon.colcon_core.package_identification:_identify(src/Stage) by extension 'ros'
[1.926s] Level 1:colcon.colcon_core.package_identification:_identify(src/Stage) by extensions ['bazel', 'cmake', 'meson', 'python']
[1.926s] Level 1:colcon.colcon_core.package_identification:_identify(src/Stage) by extension 'bazel'
[1.926s] Level 1:colcon.colcon_core.package_identification:_identify(src/Stage) by extension 'cmake'
[1.941s] Level 1:colcon.colcon_core.package_identification:_identify(src/Stage) by extension 'meson'
[1.941s] Level 1:colcon.colcon_core.package_identification:_identify(src/Stage) by extension 'python'
[1.941s] DEBUG:colcon.colcon_core.package_identification:Package 'src/Stage' with type 'cmake' and name 'Stage'
[1.942s] Level 1:colcon.colcon_core.package_identification:_identify(src/stage_ros2) by extensions ['ignore', 'ignore_ament_install']
[1.942s] Level 1:colcon.colcon_core.package_identification:_identify(src/stage_ros2) by extension 'ignore'
[1.942s] Level 1:colcon.colcon_core.package_identification:_identify(src/stage_ros2) by extension 'ignore_ament_install'
[1.942s] Level 1:colcon.colcon_core.package_identification:_identify(src/stage_ros2) by extensions ['colcon_pkg']
[1.942s] Level 1:colcon.colcon_core.package_identification:_identify(src/stage_ros2) by extension 'colcon_pkg'
[1.942s] Level 1:colcon.colcon_core.package_identification:_identify(src/stage_ros2) by extensions ['colcon_meta']
[1.943s] Level 1:colcon.colcon_core.package_identification:_identify(src/stage_ros2) by extension 'colcon_meta'
[1.943s] Level 1:colcon.colcon_core.package_identification:_identify(src/stage_ros2) by extensions ['ros']
[1.943s] Level 1:colcon.colcon_core.package_identification:_identify(src/stage_ros2) by extension 'ros'
[1.953s] DEBUG:colcon.colcon_core.package_identification:Package 'src/stage_ros2' with type 'ros.ament_cmake' and name 'stage_ros2'
[1.954s] Level 1:colcon.colcon_core.package_identification:_identify(src/trab_stage_pkg) by extensions ['ignore', 'ignore_ament_install']
[1.954s] Level 1:colcon.colcon_core.package_identification:_identify(src/trab_stage_pkg) by extension 'ignore'
[1.954s] Level 1:colcon.colcon_core.package_identification:_identify(src/trab_stage_pkg) by extension 'ignore_ament_install'
[1.954s] Level 1:colcon.colcon_core.package_identification:_identify(src/trab_stage_pkg) by extensions ['colcon_pkg']
[1.955s] Level 1:colcon.colcon_core.package_identification:_identify(src/trab_stage_pkg) by extension 'colcon_pkg'
[1.955s] Level 1:colcon.colcon_core.package_identification:_identify(src/trab_stage_pkg) by extensions ['colcon_meta']
[1.955s] Level 1:colcon.colcon_core.package_identification:_identify(src/trab_stage_pkg) by extension 'colcon_meta'
[1.955s] Level 1:colcon.colcon_core.package_identification:_identify(src/trab_stage_pkg) by extensions ['ros']
[1.955s] Level 1:colcon.colcon_core.package_identification:_identify(src/trab_stage_pkg) by extension 'ros'
[1.958s] DEBUG:colcon.colcon_core.package_identification:Package 'src/trab_stage_pkg' with type 'ros.ament_python' and name 'trab_stage_pkg'
[1.959s] Level 1:colcon.colcon_core.package_discovery:discover_packages(recursive) using defaults
[1.959s] Level 1:colcon.colcon_core.package_discovery:discover_packages(ignore) discover
[1.959s] Level 1:colcon.colcon_core.package_discovery:discover_packages(ignore) using defaults
[1.959s] Level 1:colcon.colcon_core.package_discovery:discover_packages(path) discover
[1.959s] Level 1:colcon.colcon_core.package_discovery:discover_packages(path) using defaults
[2.030s] Level 1:colcon.colcon_core.package_discovery:discover_packages(prefix_path) check parameters
[2.030s] Level 1:colcon.colcon_core.package_discovery:discover_packages(prefix_path) discover
[2.037s] DEBUG:colcon.colcon_installed_package_information.package_discovery:Found 4 installed packages in /home/rafaella/ros2_ws/install
[2.042s] DEBUG:colcon.colcon_installed_package_information.package_discovery:Found 187 installed packages in /opt/ros/humble
[2.045s] Level 1:colcon.colcon_core.package_discovery:discover_packages(prefix_path) using defaults
[2.200s] Level 5:colcon.colcon_core.verb:set package 'Stage' build argument 'bazel_args' from command line to 'None'
[2.201s] Level 5:colcon.colcon_core.verb:set package 'Stage' build argument 'bazel_task' from command line to 'None'
[2.201s] Level 5:colcon.colcon_core.verb:set package 'Stage' build argument 'cmake_args' from command line to 'None'
[2.201s] Level 5:colcon.colcon_core.verb:set package 'Stage' build argument 'cmake_target' from command line to 'None'
[2.201s] Level 5:colcon.colcon_core.verb:set package 'Stage' build argument 'cmake_target_skip_unavailable' from command line to 'False'
[2.201s] Level 5:colcon.colcon_core.verb:set package 'Stage' build argument 'cmake_clean_cache' from command line to 'False'
[2.201s] Level 5:colcon.colcon_core.verb:set package 'Stage' build argument 'cmake_clean_first' from command line to 'False'
[2.201s] Level 5:colcon.colcon_core.verb:set package 'Stage' build argument 'cmake_force_configure' from command line to 'False'
[2.201s] Level 5:colcon.colcon_core.verb:set package 'Stage' build argument 'meson_args' from command line to '[]'
[2.201s] Level 5:colcon.colcon_core.verb:set package 'Stage' build argument 'ament_cmake_args' from command line to 'None'
[2.202s] Level 5:colcon.colcon_core.verb:set package 'Stage' build argument 'catkin_cmake_args' from command line to 'None'
[2.202s] Level 5:colcon.colcon_core.verb:set package 'Stage' build argument 'catkin_skip_building_tests' from command line to 'False'
[2.202s] DEBUG:colcon.colcon_core.verb:Building package 'Stage' with the following arguments: {'ament_cmake_args': None, 'bazel_args': None, 'bazel_task': None, 'build_base': '/home/rafaella/ros2_ws/build/Stage', 'catkin_cmake_args': None, 'catkin_skip_building_tests': False, 'cmake_args': None, 'cmake_clean_cache': False, 'cmake_clean_first': False, 'cmake_force_configure': False, 'cmake_target': None, 'cmake_target_skip_unavailable': False, 'install_base': '/home/rafaella/ros2_ws/install/Stage', 'merge_install': False, 'meson_args': [], 'path': '/home/rafaella/ros2_ws/src/Stage', 'symlink_install': False, 'test_result_base': None}
[2.254s] Level 5:colcon.colcon_core.verb:set package 'trab_stage_pkg' build argument 'bazel_args' from command line to 'None'
[2.254s] Level 5:colcon.colcon_core.verb:set package 'trab_stage_pkg' build argument 'bazel_task' from command line to 'None'
[2.254s] Level 5:colcon.colcon_core.verb:set package 'trab_stage_pkg' build argument 'cmake_args' from command line to 'None'
[2.254s] Level 5:colcon.colcon_core.verb:set package 'trab_stage_pkg' build argument 'cmake_target' from command line to 'None'
[2.254s] Level 5:colcon.colcon_core.verb:set package 'trab_stage_pkg' build argument 'cmake_target_skip_unavailable' from command line to 'False'
[2.254s] Level 5:colcon.colcon_core.verb:set package 'trab_stage_pkg' build argument 'cmake_clean_cache' from command line to 'False'
[2.254s] Level 5:colcon.colcon_core.verb:set package 'trab_stage_pkg' build argument 'cmake_clean_first' from command line to 'False'
[2.254s] Level 5:colcon.colcon_core.verb:set package 'trab_stage_pkg' build argument 'cmake_force_configure' from command line to 'False'
[2.254s] Level 5:colcon.colcon_core.verb:set package 'trab_stage_pkg' build argument 'meson_args' from command line to '[]'
[2.254s] Level 5:colcon.colcon_core.verb:set package 'trab_stage_pkg' build argument 'ament_cmake_args' from command line to 'None'
[2.255s] Level 5:colcon.colcon_core.verb:set package 'trab_stage_pkg' build argument 'catkin_cmake_args' from command line to 'None'
[2.255s] Level 5:colcon.colcon_core.verb:set package 'trab_stage_pkg' build argument 'catkin_skip_building_tests' from command line to 'False'
[2.255s] DEBUG:colcon.colcon_core.verb:Building package 'trab_stage_pkg' with the following arguments: {'ament_cmake_args': None, 'bazel_args': None, 'bazel_task': None, 'build_base': '/home/rafaella/ros2_ws/build/trab_stage_pkg', 'catkin_cmake_args': None, 'catkin_skip_building_tests': False, 'cmake_args': None, 'cmake_clean_cache': False, 'cmake_clean_first': False, 'cmake_force_configure': False, 'cmake_target': None, 'cmake_target_skip_unavailable': False, 'install_base': '/home/rafaella/ros2_ws/install/trab_stage_pkg', 'merge_install': False, 'meson_args': [], 'path': '/home/rafaella/ros2_ws/src/trab_stage_pkg', 'symlink_install': False, 'test_result_base': None}
[2.304s] Level 5:colcon.colcon_core.verb:set package 'stage_ros2' build argument 'bazel_args' from command line to 'None'
[2.304s] Level 5:colcon.colcon_core.verb:set package 'stage_ros2' build argument 'bazel_task' from command line to 'None'
[2.304s] Level 5:colcon.colcon_core.verb:set package 'stage_ros2' build argument 'cmake_args' from command line to 'None'
[2.304s] Level 5:colcon.colcon_core.verb:set package 'stage_ros2' build argument 'cmake_target' from command line to 'None'
[2.305s] Level 5:colcon.colcon_core.verb:set package 'stage_ros2' build argument 'cmake_target_skip_unavailable' from command line to 'False'
[2.305s] Level 5:colcon.colcon_core.verb:set package 'stage_ros2' build argument 'cmake_clean_cache' from command line to 'False'
[2.305s] Level 5:colcon.colcon_core.verb:set package 'stage_ros2' build argument 'cmake_clean_first' from command line to 'False'
[2.305s] Level 5:colcon.colcon_core.verb:set package 'stage_ros2' build argument 'cmake_force_configure' from command line to 'False'
[2.305s] Level 5:colcon.colcon_core.verb:set package 'stage_ros2' build argument 'meson_args' from command line to '[]'
[2.305s] Level 5:colcon.colcon_core.verb:set package 'stage_ros2' build argument 'ament_cmake_args' from command line to 'None'
[2.305s] Level 5:colcon.colcon_core.verb:set package 'stage_ros2' build argument 'catkin_cmake_args' from command line to 'None'
[2.305s] Level 5:colcon.colcon_core.verb:set package 'stage_ros2' build argument 'catkin_skip_building_tests' from command line to 'False'
[2.305s] DEBUG:colcon.colcon_core.verb:Building package 'stage_ros2' with the following arguments: {'ament_cmake_args': None, 'bazel_args': None, 'bazel_task': None, 'build_base': '/home/rafaella/ros2_ws/build/stage_ros2', 'catkin_cmake_args': None, 'catkin_skip_building_tests': False, 'cmake_args': None, 'cmake_clean_cache': False, 'cmake_clean_first': False, 'cmake_force_configure': False, 'cmake_target': None, 'cmake_target_skip_unavailable': False, 'install_base': '/home/rafaella/ros2_ws/install/stage_ros2', 'merge_install': False, 'meson_args': [], 'path': '/home/rafaella/ros2_ws/src/stage_ros2', 'symlink_install': False, 'test_result_base': None}
[2.306s] INFO:colcon.colcon_core.executor:Executing jobs using 'parallel' executor
[2.308s] DEBUG:colcon.colcon_parallel_executor.executor.parallel:run_until_complete
[2.310s] INFO:colcon.colcon_cmake.task.cmake.build:Building CMake package in '/home/rafaella/ros2_ws/src/Stage'
[2.319s] INFO:colcon.colcon_core.plugin_system:Skipping extension 'colcon_core.shell.bat': Not used on non-Windows systems
[2.320s] DEBUG:colcon.colcon_ros_domain_id_coordinator.shell.ros_domain_id:Allocated ROS_DOMAIN_ID=77 for '/home/rafaella/ros2_ws/build/Stage'
[2.321s] INFO:colcon.colcon_core.shell:Skip shell extension 'ros_domain_id' for command environment: 
[2.321s] INFO:colcon.colcon_core.shell:Skip shell extension 'powershell' for command environment: Not usable outside of PowerShell
[2.321s] DEBUG:colcon.colcon_core.shell:Skip shell extension 'dsv' for command environment
[2.339s] INFO:colcon.colcon_ros.task.ament_python.build:Building ROS package in '/home/rafaella/ros2_ws/src/trab_stage_pkg' with build type 'ament_python'
[2.339s] Level 1:colcon.colcon_core.shell:create_environment_hook('trab_stage_pkg', 'ament_prefix_path')
[2.341s] INFO:colcon.colcon_core.shell:Creating environment hook '/home/rafaella/ros2_ws/install/trab_stage_pkg/share/trab_stage_pkg/hook/ament_prefix_path.ps1'
[2.344s] INFO:colcon.colcon_core.shell:Creating environment descriptor '/home/rafaella/ros2_ws/install/trab_stage_pkg/share/trab_stage_pkg/hook/ament_prefix_path.dsv'
[2.347s] INFO:colcon.colcon_core.shell:Creating environment hook '/home/rafaella/ros2_ws/install/trab_stage_pkg/share/trab_stage_pkg/hook/ament_prefix_path.sh'
[2.351s] DEBUG:colcon.colcon_ros_domain_id_coordinator.shell.ros_domain_id:Allocated ROS_DOMAIN_ID=54 for '/home/rafaella/ros2_ws/build/trab_stage_pkg'
[2.351s] INFO:colcon.colcon_core.shell:Skip shell extension 'ros_domain_id' for command environment: 
[2.352s] INFO:colcon.colcon_core.shell:Skip shell extension 'powershell' for command environment: Not usable outside of PowerShell
[2.352s] DEBUG:colcon.colcon_core.shell:Skip shell extension 'dsv' for command environment
[2.395s] DEBUG:colcon.colcon_core.event_handler.log_command:Invoking command in '/home/rafaella/ros2_ws/build/Stage': /usr/bin/cmake --build /home/rafaella/ros2_ws/build/Stage -- -j4 -l4
[4.649s] INFO:colcon.colcon_core.task.python.build:Building Python package in '/home/rafaella/ros2_ws/src/trab_stage_pkg'
[4.650s] DEBUG:colcon.colcon_ros_domain_id_coordinator.shell.ros_domain_id:Allocated ROS_DOMAIN_ID=54 for '/home/rafaella/ros2_ws/build/trab_stage_pkg'
[4.651s] INFO:colcon.colcon_core.shell:Skip shell extension 'ros_domain_id' for command environment: 
[4.651s] INFO:colcon.colcon_core.shell:Skip shell extension 'powershell' for command environment: Not usable outside of PowerShell
[4.651s] DEBUG:colcon.colcon_core.shell:Skip shell extension 'dsv' for command environment
[4.668s] DEBUG:colcon.colcon_core.event_handler.log_command:Invoked command in '/home/rafaella/ros2_ws/build/Stage' returned '0': /usr/bin/cmake --build /home/rafaella/ros2_ws/build/Stage -- -j4 -l4
[4.723s] DEBUG:colcon.colcon_core.event_handler.log_command:Invoking command in '/home/rafaella/ros2_ws/build/Stage': /usr/bin/cmake --install /home/rafaella/ros2_ws/build/Stage
[4.809s] Level 1:colcon.colcon_core.environment:create_environment_scripts_only(Stage)
[4.829s] Level 1:colcon.colcon_core.environment:checking '/home/rafaella/ros2_ws/install/Stage' for CMake module files
[4.834s] Level 1:colcon.colcon_core.environment:checking '/home/rafaella/ros2_ws/install/Stage' for CMake config files
[4.835s] Level 1:colcon.colcon_core.shell:create_environment_hook('Stage', 'cmake_prefix_path')
[4.837s] INFO:colcon.colcon_core.shell:Creating environment hook '/home/rafaella/ros2_ws/install/Stage/share/Stage/hook/cmake_prefix_path.ps1'
[4.841s] INFO:colcon.colcon_core.shell:Creating environment descriptor '/home/rafaella/ros2_ws/install/Stage/share/Stage/hook/cmake_prefix_path.dsv'
[4.845s] INFO:colcon.colcon_core.shell:Creating environment hook '/home/rafaella/ros2_ws/install/Stage/share/Stage/hook/cmake_prefix_path.sh'
[4.848s] Level 1:colcon.colcon_core.environment:checking '/home/rafaella/ros2_ws/install/Stage/lib'
[4.851s] Level 1:colcon.colcon_core.shell:create_environment_hook('Stage', 'ld_library_path_lib')
[4.853s] INFO:colcon.colcon_core.shell:Creating environment hook '/home/rafaella/ros2_ws/install/Stage/share/Stage/hook/ld_library_path_lib.ps1'
[4.857s] INFO:colcon.colcon_core.shell:Creating environment descriptor '/home/rafaella/ros2_ws/install/Stage/share/Stage/hook/ld_library_path_lib.dsv'
[4.859s] INFO:colcon.colcon_core.shell:Creating environment hook '/home/rafaella/ros2_ws/install/Stage/share/Stage/hook/ld_library_path_lib.sh'
[4.863s] Level 1:colcon.colcon_core.environment:checking '/home/rafaella/ros2_ws/install/Stage/bin'
[4.864s] Level 1:colcon.colcon_core.shell:create_environment_hook('Stage', 'path')
[4.865s] INFO:colcon.colcon_core.shell:Creating environment hook '/home/rafaella/ros2_ws/install/Stage/share/Stage/hook/path.ps1'
[4.870s] INFO:colcon.colcon_core.shell:Creating environment descriptor '/home/rafaella/ros2_ws/install/Stage/share/Stage/hook/path.dsv'
[4.874s] INFO:colcon.colcon_core.shell:Creating environment hook '/home/rafaella/ros2_ws/install/Stage/share/Stage/hook/path.sh'
[4.876s] Level 1:colcon.colcon_core.environment:checking '/home/rafaella/ros2_ws/install/Stage/lib/pkgconfig/Stage.pc'
[4.878s] Level 1:colcon.colcon_core.environment:checking '/home/rafaella/ros2_ws/install/Stage/lib/python3.10/site-packages'
[4.879s] Level 1:colcon.colcon_core.environment:checking '/home/rafaella/ros2_ws/install/Stage/bin'
[4.877s] DEBUG:colcon.colcon_core.event_handler.log_command:Invoked command in '/home/rafaella/ros2_ws/build/Stage' returned '0': /usr/bin/cmake --install /home/rafaella/ros2_ws/build/Stage
[4.880s] Level 1:colcon.colcon_core.shell:create_environment_hook('Stage', 'pythonscriptspath')
[4.881s] INFO:colcon.colcon_core.shell:Creating environment hook '/home/rafaella/ros2_ws/install/Stage/share/Stage/hook/pythonscriptspath.ps1'
[4.883s] INFO:colcon.colcon_core.shell:Creating environment descriptor '/home/rafaella/ros2_ws/install/Stage/share/Stage/hook/pythonscriptspath.dsv'
[4.885s] INFO:colcon.colcon_core.shell:Creating environment hook '/home/rafaella/ros2_ws/install/Stage/share/Stage/hook/pythonscriptspath.sh'
[4.889s] INFO:colcon.colcon_core.shell:Creating package script '/home/rafaella/ros2_ws/install/Stage/share/Stage/package.ps1'
[4.897s] INFO:colcon.colcon_core.shell:Creating package descriptor '/home/rafaella/ros2_ws/install/Stage/share/Stage/package.dsv'
[4.901s] INFO:colcon.colcon_core.shell:Creating package script '/home/rafaella/ros2_ws/install/Stage/share/Stage/package.sh'
[4.906s] INFO:colcon.colcon_core.shell:Creating package script '/home/rafaella/ros2_ws/install/Stage/share/Stage/package.bash'
[4.910s] INFO:colcon.colcon_core.shell:Creating package script '/home/rafaella/ros2_ws/install/Stage/share/Stage/package.zsh'
[4.913s] Level 1:colcon.colcon_core.environment:create_file_with_runtime_dependencies(/home/rafaella/ros2_ws/install/Stage/share/colcon-core/packages/Stage)
[4.914s] DEBUG:colcon.colcon_ros_domain_id_coordinator.shell.ros_domain_id:Released ROS_DOMAIN_ID=77 for '/home/rafaella/ros2_ws/build/Stage'
[4.917s] INFO:colcon.colcon_ros.task.ament_cmake.build:Building ROS package in '/home/rafaella/ros2_ws/src/stage_ros2' with build type 'ament_cmake'
[4.918s] INFO:colcon.colcon_cmake.task.cmake.build:Building CMake package in '/home/rafaella/ros2_ws/src/stage_ros2'
[4.920s] DEBUG:colcon.colcon_ros_domain_id_coordinator.shell.ros_domain_id:Allocated ROS_DOMAIN_ID=14 for '/home/rafaella/ros2_ws/build/stage_ros2'
[4.920s] INFO:colcon.colcon_core.shell:Skip shell extension 'ros_domain_id' for command environment: 
[4.920s] INFO:colcon.colcon_core.shell:Skip shell extension 'powershell' for command environment: Not usable outside of PowerShell
[4.920s] DEBUG:colcon.colcon_core.shell:Skip shell extension 'dsv' for command environment
[4.957s] DEBUG:colcon.colcon_core.event_handler.log_command:Invoking command in '/home/rafaella/ros2_ws/build/stage_ros2': CMAKE_PREFIX_PATH=/home/rafaella/ros2_ws/install/Stage:/home/rafaella/ros2_ws/install/stage_ros2:/home/rafaella/ros2_ws/install/trab_stage_pkg:/opt/ros/humble:/home/rafaella/ros2_ws/install/stage LD_LIBRARY_PATH=/home/rafaella/ros2_ws/install/Stage/lib:/home/rafaella/ros2_ws/install/stage_ros2/lib:/home/rafaella/ros2_ws/install/stage/lib:/opt/ros/humble/lib/x86_64-linux-gnu:/opt/ros/humble/lib PATH=/home/rafaella/ros2_ws/install/Stage/bin:/home/rafaella/ros2_ws/install/stage/bin:/opt/ros/humble/bin:/usr/local/sbin:/usr/local/bin:/usr/sbin:/usr/bin:/sbin:/bin:/usr/games:/usr/local/games:/snap/bin:/snap/bin /usr/bin/cmake --build /home/rafaella/ros2_ws/build/stage_ros2 -- -j4 -l4
[5.366s] DEBUG:colcon.colcon_core.event_handler.log_command:Invoked command in '/home/rafaella/ros2_ws/build/stage_ros2' returned '0': CMAKE_PREFIX_PATH=/home/rafaella/ros2_ws/install/Stage:/home/rafaella/ros2_ws/install/stage_ros2:/home/rafaella/ros2_ws/install/trab_stage_pkg:/opt/ros/humble:/home/rafaella/ros2_ws/install/stage LD_LIBRARY_PATH=/home/rafaella/ros2_ws/install/Stage/lib:/home/rafaella/ros2_ws/install/stage_ros2/lib:/home/rafaella/ros2_ws/install/stage/lib:/opt/ros/humble/lib/x86_64-linux-gnu:/opt/ros/humble/lib PATH=/home/rafaella/ros2_ws/install/Stage/bin:/home/rafaella/ros2_ws/install/stage/bin:/opt/ros/humble/bin:/usr/local/sbin:/usr/local/bin:/usr/sbin:/usr/bin:/sbin:/bin:/usr/games:/usr/local/games:/snap/bin:/snap/bin /usr/bin/cmake --build /home/rafaella/ros2_ws/build/stage_ros2 -- -j4 -l4
[5.373s] DEBUG:colcon.colcon_core.event_handler.log_command:Invoking command in '/home/rafaella/ros2_ws/build/stage_ros2': CMAKE_PREFIX_PATH=/home/rafaella/ros2_ws/install/Stage:/home/rafaella/ros2_ws/install/stage_ros2:/home/rafaella/ros2_ws/install/trab_stage_pkg:/opt/ros/humble:/home/rafaella/ros2_ws/install/stage LD_LIBRARY_PATH=/home/rafaella/ros2_ws/install/Stage/lib:/home/rafaella/ros2_ws/install/stage_ros2/lib:/home/rafaella/ros2_ws/install/stage/lib:/opt/ros/humble/lib/x86_64-linux-gnu:/opt/ros/humble/lib PATH=/home/rafaella/ros2_ws/install/Stage/bin:/home/rafaella/ros2_ws/install/stage/bin:/opt/ros/humble/bin:/usr/local/sbin:/usr/local/bin:/usr/sbin:/usr/bin:/sbin:/bin:/usr/games:/usr/local/games:/snap/bin:/snap/bin /usr/bin/cmake --install /home/rafaella/ros2_ws/build/stage_ros2
[5.513s] Level 1:colcon.colcon_core.environment:create_environment_scripts_only(stage_ros2)
[5.514s] Level 1:colcon.colcon_core.environment:checking '/home/rafaella/ros2_ws/install/stage_ros2' for CMake module files
[5.520s] Level 1:colcon.colcon_core.environment:checking '/home/rafaella/ros2_ws/install/stage_ros2' for CMake config files
[5.518s] DEBUG:colcon.colcon_core.event_handler.log_command:Invoked command in '/home/rafaella/ros2_ws/build/stage_ros2' returned '0': CMAKE_PREFIX_PATH=/home/rafaella/ros2_ws/install/Stage:/home/rafaella/ros2_ws/install/stage_ros2:/home/rafaella/ros2_ws/install/trab_stage_pkg:/opt/ros/humble:/home/rafaella/ros2_ws/install/stage LD_LIBRARY_PATH=/home/rafaella/ros2_ws/install/Stage/lib:/home/rafaella/ros2_ws/install/stage_ros2/lib:/home/rafaella/ros2_ws/install/stage/lib:/opt/ros/humble/lib/x86_64-linux-gnu:/opt/ros/humble/lib PATH=/home/rafaella/ros2_ws/install/Stage/bin:/home/rafaella/ros2_ws/install/stage/bin:/opt/ros/humble/bin:/usr/local/sbin:/usr/local/bin:/usr/sbin:/usr/bin:/sbin:/bin:/usr/games:/usr/local/games:/snap/bin:/snap/bin /usr/bin/cmake --install /home/rafaella/ros2_ws/build/stage_ros2
[5.525s] Level 1:colcon.colcon_core.shell:create_environment_hook('stage_ros2', 'cmake_prefix_path')
[5.526s] INFO:colcon.colcon_core.shell:Creating environment hook '/home/rafaella/ros2_ws/install/stage_ros2/share/stage_ros2/hook/cmake_prefix_path.ps1'
[5.530s] INFO:colcon.colcon_core.shell:Creating environment descriptor '/home/rafaella/ros2_ws/install/stage_ros2/share/stage_ros2/hook/cmake_prefix_path.dsv'
[5.532s] INFO:colcon.colcon_core.shell:Creating environment hook '/home/rafaella/ros2_ws/install/stage_ros2/share/stage_ros2/hook/cmake_prefix_path.sh'
[5.537s] Level 1:colcon.colcon_core.environment:checking '/home/rafaella/ros2_ws/install/stage_ros2/lib'
[5.537s] Level 1:colcon.colcon_core.shell:create_environment_hook('stage_ros2', 'ld_library_path_lib')
[5.539s] INFO:colcon.colcon_core.shell:Creating environment hook '/home/rafaella/ros2_ws/install/stage_ros2/share/stage_ros2/hook/ld_library_path_lib.ps1'
[5.541s] INFO:colcon.colcon_core.shell:Creating environment descriptor '/home/rafaella/ros2_ws/install/stage_ros2/share/stage_ros2/hook/ld_library_path_lib.dsv'
[5.544s] INFO:colcon.colcon_core.shell:Creating environment hook '/home/rafaella/ros2_ws/install/stage_ros2/share/stage_ros2/hook/ld_library_path_lib.sh'
[5.545s] Level 1:colcon.colcon_core.environment:checking '/home/rafaella/ros2_ws/install/stage_ros2/bin'
[5.545s] Level 1:colcon.colcon_core.environment:checking '/home/rafaella/ros2_ws/install/stage_ros2/lib/pkgconfig/stage_ros2.pc'
[5.546s] Level 1:colcon.colcon_core.environment:checking '/home/rafaella/ros2_ws/install/stage_ros2/lib/python3.10/site-packages'
[5.548s] Level 1:colcon.colcon_core.environment:checking '/home/rafaella/ros2_ws/install/stage_ros2/bin'
[5.550s] INFO:colcon.colcon_core.shell:Creating package script '/home/rafaella/ros2_ws/install/stage_ros2/share/stage_ros2/package.ps1'
[5.552s] INFO:colcon.colcon_core.shell:Creating package descriptor '/home/rafaella/ros2_ws/install/stage_ros2/share/stage_ros2/package.dsv'
[5.554s] INFO:colcon.colcon_core.shell:Creating package script '/home/rafaella/ros2_ws/install/stage_ros2/share/stage_ros2/package.sh'
[5.555s] INFO:colcon.colcon_core.shell:Creating package script '/home/rafaella/ros2_ws/install/stage_ros2/share/stage_ros2/package.bash'
[5.557s] INFO:colcon.colcon_core.shell:Creating package script '/home/rafaella/ros2_ws/install/stage_ros2/share/stage_ros2/package.zsh'
[5.559s] Level 1:colcon.colcon_core.environment:create_file_with_runtime_dependencies(/home/rafaella/ros2_ws/install/stage_ros2/share/colcon-core/packages/stage_ros2)
[5.561s] Level 1:colcon.colcon_core.environment:create_environment_scripts_only(stage_ros2)
[5.561s] Level 1:colcon.colcon_core.environment:checking '/home/rafaella/ros2_ws/install/stage_ros2' for CMake module files
[5.563s] Level 1:colcon.colcon_core.environment:checking '/home/rafaella/ros2_ws/install/stage_ros2' for CMake config files
[5.564s] Level 1:colcon.colcon_core.shell:create_environment_hook('stage_ros2', 'cmake_prefix_path')
[5.565s] INFO:colcon.colcon_core.shell:Creating environment hook '/home/rafaella/ros2_ws/install/stage_ros2/share/stage_ros2/hook/cmake_prefix_path.ps1'
[5.567s] INFO:colcon.colcon_core.shell:Creating environment descriptor '/home/rafaella/ros2_ws/install/stage_ros2/share/stage_ros2/hook/cmake_prefix_path.dsv'
[5.569s] INFO:colcon.colcon_core.shell:Creating environment hook '/home/rafaella/ros2_ws/install/stage_ros2/share/stage_ros2/hook/cmake_prefix_path.sh'
[5.570s] Level 1:colcon.colcon_core.environment:checking '/home/rafaella/ros2_ws/install/stage_ros2/lib'
[5.570s] Level 1:colcon.colcon_core.shell:create_environment_hook('stage_ros2', 'ld_library_path_lib')
[5.571s] INFO:colcon.colcon_core.shell:Creating environment hook '/home/rafaella/ros2_ws/install/stage_ros2/share/stage_ros2/hook/ld_library_path_lib.ps1'
[5.572s] INFO:colcon.colcon_core.shell:Creating environment descriptor '/home/rafaella/ros2_ws/install/stage_ros2/share/stage_ros2/hook/ld_library_path_lib.dsv'
[5.573s] INFO:colcon.colcon_core.shell:Creating environment hook '/home/rafaella/ros2_ws/install/stage_ros2/share/stage_ros2/hook/ld_library_path_lib.sh'
[5.575s] Level 1:colcon.colcon_core.environment:checking '/home/rafaella/ros2_ws/install/stage_ros2/bin'
[5.575s] Level 1:colcon.colcon_core.environment:checking '/home/rafaella/ros2_ws/install/stage_ros2/lib/pkgconfig/stage_ros2.pc'
[5.576s] Level 1:colcon.colcon_core.environment:checking '/home/rafaella/ros2_ws/install/stage_ros2/lib/python3.10/site-packages'
[5.577s] Level 1:colcon.colcon_core.environment:checking '/home/rafaella/ros2_ws/install/stage_ros2/bin'
[5.579s] INFO:colcon.colcon_core.shell:Creating package script '/home/rafaella/ros2_ws/install/stage_ros2/share/stage_ros2/package.ps1'
[5.582s] INFO:colcon.colcon_core.shell:Creating package descriptor '/home/rafaella/ros2_ws/install/stage_ros2/share/stage_ros2/package.dsv'
[5.585s] INFO:colcon.colcon_core.shell:Creating package script '/home/rafaella/ros2_ws/install/stage_ros2/share/stage_ros2/package.sh'
[5.587s] INFO:colcon.colcon_core.shell:Creating package script '/home/rafaella/ros2_ws/install/stage_ros2/share/stage_ros2/package.bash'
[5.589s] INFO:colcon.colcon_core.shell:Creating package script '/home/rafaella/ros2_ws/install/stage_ros2/share/stage_ros2/package.zsh'
[5.592s] Level 1:colcon.colcon_core.environment:create_file_with_runtime_dependencies(/home/rafaella/ros2_ws/install/stage_ros2/share/colcon-core/packages/stage_ros2)
[5.595s] DEBUG:colcon.colcon_ros_domain_id_coordinator.shell.ros_domain_id:Released ROS_DOMAIN_ID=14 for '/home/rafaella/ros2_ws/build/stage_ros2'
[6.270s] DEBUG:colcon.colcon_core.event_handler.log_command:Invoking command in '/home/rafaella/ros2_ws/src/trab_stage_pkg': PYTHONPATH=/home/rafaella/ros2_ws/build/trab_stage_pkg/prefix_override:/usr/lib/python3/dist-packages/colcon_core/task/python/colcon_distutils_commands:/home/rafaella/ros2_ws/install/trab_stage_pkg/lib/python3.10/site-packages:${PYTHONPATH} /usr/bin/python3 -W ignore:setup.py install is deprecated -W ignore:easy_install command is deprecated setup.py egg_info --egg-base ../../build/trab_stage_pkg build --build-base /home/rafaella/ros2_ws/build/trab_stage_pkg/build install --record /home/rafaella/ros2_ws/build/trab_stage_pkg/install.log --single-version-externally-managed install_data
[7.302s] Level 1:colcon.colcon_core.environment:checking '/home/rafaella/ros2_ws/install/trab_stage_pkg' for CMake module files
[7.307s] Level 1:colcon.colcon_core.environment:checking '/home/rafaella/ros2_ws/install/trab_stage_pkg' for CMake config files
[7.304s] DEBUG:colcon.colcon_core.event_handler.log_command:Invoked command in '/home/rafaella/ros2_ws/src/trab_stage_pkg' returned '0': PYTHONPATH=/home/rafaella/ros2_ws/build/trab_stage_pkg/prefix_override:/usr/lib/python3/dist-packages/colcon_core/task/python/colcon_distutils_commands:/home/rafaella/ros2_ws/install/trab_stage_pkg/lib/python3.10/site-packages:${PYTHONPATH} /usr/bin/python3 -W ignore:setup.py install is deprecated -W ignore:easy_install command is deprecated setup.py egg_info --egg-base ../../build/trab_stage_pkg build --build-base /home/rafaella/ros2_ws/build/trab_stage_pkg/build install --record /home/rafaella/ros2_ws/build/trab_stage_pkg/install.log --single-version-externally-managed install_data
[7.312s] Level 1:colcon.colcon_core.environment:checking '/home/rafaella/ros2_ws/install/trab_stage_pkg/lib'
[7.312s] Level 1:colcon.colcon_core.environment:checking '/home/rafaella/ros2_ws/install/trab_stage_pkg/bin'
[7.313s] Level 1:colcon.colcon_core.environment:checking '/home/rafaella/ros2_ws/install/trab_stage_pkg/lib/pkgconfig/trab_stage_pkg.pc'
[7.315s] Level 1:colcon.colcon_core.environment:checking '/home/rafaella/ros2_ws/install/trab_stage_pkg/lib/python3.10/site-packages'
[7.315s] Level 1:colcon.colcon_core.shell:create_environment_hook('trab_stage_pkg', 'pythonpath')
[7.317s] INFO:colcon.colcon_core.shell:Creating environment hook '/home/rafaella/ros2_ws/install/trab_stage_pkg/share/trab_stage_pkg/hook/pythonpath.ps1'
[7.320s] INFO:colcon.colcon_core.shell:Creating environment descriptor '/home/rafaella/ros2_ws/install/trab_stage_pkg/share/trab_stage_pkg/hook/pythonpath.dsv'
[7.321s] INFO:colcon.colcon_core.shell:Creating environment hook '/home/rafaella/ros2_ws/install/trab_stage_pkg/share/trab_stage_pkg/hook/pythonpath.sh'
[7.326s] Level 1:colcon.colcon_core.environment:checking '/home/rafaella/ros2_ws/install/trab_stage_pkg/bin'
[7.327s] Level 1:colcon.colcon_core.environment:create_environment_scripts_only(trab_stage_pkg)
[7.328s] INFO:colcon.colcon_core.shell:Creating package script '/home/rafaella/ros2_ws/install/trab_stage_pkg/share/trab_stage_pkg/package.ps1'
[7.330s] INFO:colcon.colcon_core.shell:Creating package descriptor '/home/rafaella/ros2_ws/install/trab_stage_pkg/share/trab_stage_pkg/package.dsv'
[7.332s] INFO:colcon.colcon_core.shell:Creating package script '/home/rafaella/ros2_ws/install/trab_stage_pkg/share/trab_stage_pkg/package.sh'
[7.334s] INFO:colcon.colcon_core.shell:Creating package script '/home/rafaella/ros2_ws/install/trab_stage_pkg/share/trab_stage_pkg/package.bash'
[7.336s] INFO:colcon.colcon_core.shell:Creating package script '/home/rafaella/ros2_ws/install/trab_stage_pkg/share/trab_stage_pkg/package.zsh'
[7.337s] Level 1:colcon.colcon_core.environment:create_file_with_runtime_dependencies(/home/rafaella/ros2_ws/install/trab_stage_pkg/share/colcon-core/packages/trab_stage_pkg)
[7.341s] DEBUG:colcon.colcon_ros_domain_id_coordinator.shell.ros_domain_id:Released ROS_DOMAIN_ID=54 for '/home/rafaella/ros2_ws/build/trab_stage_pkg'
[7.343s] DEBUG:colcon.colcon_parallel_executor.executor.parallel:closing loop
[7.343s] DEBUG:colcon.colcon_parallel_executor.executor.parallel:loop closed
[7.344s] DEBUG:colcon.colcon_parallel_executor.executor.parallel:run_until_complete finished with '0'
[7.344s] DEBUG:colcon.colcon_core.event_reactor:joining thread
[7.372s] INFO:colcon.colcon_core.plugin_system:Skipping extension 'colcon_notification.desktop_notification.terminal_notifier': Not used on non-Darwin systems
[7.373s] INFO:colcon.colcon_core.plugin_system:Skipping extension 'colcon_notification.desktop_notification.win32': Not used on non-Windows systems
[7.373s] INFO:colcon.colcon_notification.desktop_notification:Sending desktop notification using 'notify2'
[7.412s] DEBUG:colcon.colcon_core.event_reactor:joined thread
[7.414s] INFO:colcon.colcon_core.shell:Creating prefix script '/home/rafaella/ros2_ws/install/local_setup.ps1'
[7.419s] INFO:colcon.colcon_core.shell:Creating prefix util module '/home/rafaella/ros2_ws/install/_local_setup_util_ps1.py'
[7.427s] INFO:colcon.colcon_core.shell:Creating prefix chain script '/home/rafaella/ros2_ws/install/setup.ps1'
[7.432s] INFO:colcon.colcon_core.shell:Creating prefix script '/home/rafaella/ros2_ws/install/local_setup.sh'
[7.434s] INFO:colcon.colcon_core.shell:Creating prefix util module '/home/rafaella/ros2_ws/install/_local_setup_util_sh.py'
[7.436s] INFO:colcon.colcon_core.shell:Creating prefix chain script '/home/rafaella/ros2_ws/install/setup.sh'
[7.440s] INFO:colcon.colcon_core.shell:Creating prefix script '/home/rafaella/ros2_ws/install/local_setup.bash'
[7.442s] INFO:colcon.colcon_core.shell:Creating prefix chain script '/home/rafaella/ros2_ws/install/setup.bash'
[7.448s] INFO:colcon.colcon_core.shell:Creating prefix script '/home/rafaella/ros2_ws/install/local_setup.zsh'
[7.450s] INFO:colcon.colcon_core.shell:Creating prefix chain script '/home/rafaella/ros2_ws/install/setup.zsh'
[7.455s] INFO:colcon.colcon_core.shell:Creating '/home/rafaella/ros2_ws/install/spawn_shell.bash'
