[2.904s] Invoking command in '/home/rafaella/ros2_ws/src/trab_stage_pkg': PYTHONPATH=/home/rafaella/ros2_ws/build/trab_stage_pkg/prefix_override:/usr/lib/python3/dist-packages/colcon_core/task/python/colcon_distutils_commands:/home/rafaella/ros2_ws/install/trab_stage_pkg/lib/python3.10/site-packages:${PYTHONPATH} /usr/bin/python3 -W ignore:setup.py install is deprecated -W ignore:easy_install command is deprecated setup.py egg_info --egg-base ../../build/trab_stage_pkg build --build-base /home/rafaella/ros2_ws/build/trab_stage_pkg/build install --record /home/rafaella/ros2_ws/build/trab_stage_pkg/install.log --single-version-externally-managed install_data
[3.647s] running egg_info
[3.648s] writing ../../build/trab_stage_pkg/trab_stage_pkg.egg-info/PKG-INFO
[3.648s] writing dependency_links to ../../build/trab_stage_pkg/trab_stage_pkg.egg-info/dependency_links.txt
[3.649s] writing entry points to ../../build/trab_stage_pkg/trab_stage_pkg.egg-info/entry_points.txt
[3.649s] writing requirements to ../../build/trab_stage_pkg/trab_stage_pkg.egg-info/requires.txt
[3.649s] writing top-level names to ../../build/trab_stage_pkg/trab_stage_pkg.egg-info/top_level.txt
[3.655s] reading manifest file '../../build/trab_stage_pkg/trab_stage_pkg.egg-info/SOURCES.txt'
[3.658s] writing manifest file '../../build/trab_stage_pkg/trab_stage_pkg.egg-info/SOURCES.txt'
[3.658s] running build
[3.658s] running build_py
[3.658s] copying trab_stage_pkg/publisher.py -> /home/rafaella/ros2_ws/build/trab_stage_pkg/build/lib/trab_stage_pkg
[3.659s] running install
[3.660s] running install_lib
[3.662s] copying /home/rafaella/ros2_ws/build/trab_stage_pkg/build/lib/trab_stage_pkg/publisher.py -> /home/rafaella/ros2_ws/install/trab_stage_pkg/lib/python3.10/site-packages/trab_stage_pkg
[3.664s] byte-compiling /home/rafaella/ros2_ws/install/trab_stage_pkg/lib/python3.10/site-packages/trab_stage_pkg/publisher.py to publisher.cpython-310.pyc
[3.666s] running install_data
[3.666s] running install_egg_info
[3.671s] removing '/home/rafaella/ros2_ws/install/trab_stage_pkg/lib/python3.10/site-packages/trab_stage_pkg-0.0.0-py3.10.egg-info' (and everything under it)
[3.672s] Copying ../../build/trab_stage_pkg/trab_stage_pkg.egg-info to /home/rafaella/ros2_ws/install/trab_stage_pkg/lib/python3.10/site-packages/trab_stage_pkg-0.0.0-py3.10.egg-info
[3.674s] running install_scripts
[3.716s] Installing publisher script to /home/rafaella/ros2_ws/install/trab_stage_pkg/lib/trab_stage_pkg
[3.717s] Installing py_node script to /home/rafaella/ros2_ws/install/trab_stage_pkg/lib/trab_stage_pkg
[3.722s] Installing subscriber script to /home/rafaella/ros2_ws/install/trab_stage_pkg/lib/trab_stage_pkg
[3.722s] writing list of installed files to '/home/rafaella/ros2_ws/build/trab_stage_pkg/install.log'
[3.794s] Invoked command in '/home/rafaella/ros2_ws/src/trab_stage_pkg' returned '0': PYTHONPATH=/home/rafaella/ros2_ws/build/trab_stage_pkg/prefix_override:/usr/lib/python3/dist-packages/colcon_core/task/python/colcon_distutils_commands:/home/rafaella/ros2_ws/install/trab_stage_pkg/lib/python3.10/site-packages:${PYTHONPATH} /usr/bin/python3 -W ignore:setup.py install is deprecated -W ignore:easy_install command is deprecated setup.py egg_info --egg-base ../../build/trab_stage_pkg build --build-base /home/rafaella/ros2_ws/build/trab_stage_pkg/build install --record /home/rafaella/ros2_ws/build/trab_stage_pkg/install.log --single-version-externally-managed install_data
