[0.048s] Invoking command in '/home/rafaella/ros2_ws/build/stage_ros2': CMAKE_PREFIX_PATH=/home/rafaella/ros2_ws/install/Stage:/home/rafaella/ros2_ws/install/stage_ros2:/home/rafaella/ros2_ws/install/trab_stage_pkg:/opt/ros/humble:/home/rafaella/ros2_ws/install/stage LD_LIBRARY_PATH=/home/rafaella/ros2_ws/install/Stage/lib:/home/rafaella/ros2_ws/install/stage_ros2/lib:/home/rafaella/ros2_ws/install/stage/lib:/opt/ros/humble/lib/x86_64-linux-gnu:/opt/ros/humble/lib PATH=/home/rafaella/ros2_ws/install/Stage/bin:/home/rafaella/ros2_ws/install/stage/bin:/opt/ros/humble/bin:/usr/local/sbin:/usr/local/bin:/usr/sbin:/usr/bin:/sbin:/bin:/usr/games:/usr/local/games:/snap/bin:/snap/bin /usr/bin/cmake --build /home/rafaella/ros2_ws/build/stage_ros2 -- -j4 -l4
[0.394s] [ 71%] Built target stage_node
[0.535s] [100%] Built target stage_ros2
[0.580s] Invoked command in '/home/rafaella/ros2_ws/build/stage_ros2' returned '0': CMAKE_PREFIX_PATH=/home/rafaella/ros2_ws/install/Stage:/home/rafaella/ros2_ws/install/stage_ros2:/home/rafaella/ros2_ws/install/trab_stage_pkg:/opt/ros/humble:/home/rafaella/ros2_ws/install/stage LD_LIBRARY_PATH=/home/rafaella/ros2_ws/install/Stage/lib:/home/rafaella/ros2_ws/install/stage_ros2/lib:/home/rafaella/ros2_ws/install/stage/lib:/opt/ros/humble/lib/x86_64-linux-gnu:/opt/ros/humble/lib PATH=/home/rafaella/ros2_ws/install/Stage/bin:/home/rafaella/ros2_ws/install/stage/bin:/opt/ros/humble/bin:/usr/local/sbin:/usr/local/bin:/usr/sbin:/usr/bin:/sbin:/bin:/usr/games:/usr/local/games:/snap/bin:/snap/bin /usr/bin/cmake --build /home/rafaella/ros2_ws/build/stage_ros2 -- -j4 -l4
[0.587s] Invoking command in '/home/rafaella/ros2_ws/build/stage_ros2': CMAKE_PREFIX_PATH=/home/rafaella/ros2_ws/install/Stage:/home/rafaella/ros2_ws/install/stage_ros2:/home/rafaella/ros2_ws/install/trab_stage_pkg:/opt/ros/humble:/home/rafaella/ros2_ws/install/stage LD_LIBRARY_PATH=/home/rafaella/ros2_ws/install/Stage/lib:/home/rafaella/ros2_ws/install/stage_ros2/lib:/home/rafaella/ros2_ws/install/stage/lib:/opt/ros/humble/lib/x86_64-linux-gnu:/opt/ros/humble/lib PATH=/home/rafaella/ros2_ws/install/Stage/bin:/home/rafaella/ros2_ws/install/stage/bin:/opt/ros/humble/bin:/usr/local/sbin:/usr/local/bin:/usr/sbin:/usr/bin:/sbin:/bin:/usr/games:/usr/local/games:/snap/bin:/snap/bin /usr/bin/cmake --install /home/rafaella/ros2_ws/build/stage_ros2
[0.623s] -- Install configuration: ""
[0.626s] -- Execute custom install script
[0.630s] -- Up-to-date symlink: /home/rafaella/ros2_ws/install/stage_ros2/share/stage_ros2/environment/library_path.sh
[0.633s] -- Up-to-date symlink: /home/rafaella/ros2_ws/install/stage_ros2/share/stage_ros2/environment/library_path.dsv
[0.634s] -- Up-to-date symlink: /home/rafaella/ros2_ws/install/stage_ros2/share/stage_ros2//launch/stage.launch.py
[0.637s] -- Up-to-date symlink: /home/rafaella/ros2_ws/install/stage_ros2/share/stage_ros2//world/bitmaps/new_cave.png
[0.639s] -- Up-to-date symlink: /home/rafaella/ros2_ws/install/stage_ros2/share/stage_ros2//world/include/pioneer2dx.inc
[0.640s] -- Up-to-date symlink: /home/rafaella/ros2_ws/install/stage_ros2/share/stage_ros2//world/include/robots.inc
[0.642s] -- Up-to-date symlink: /home/rafaella/ros2_ws/install/stage_ros2/share/stage_ros2//world/new_cave.world
[0.647s] -- Up-to-date symlink: /home/rafaella/ros2_ws/install/stage_ros2/share/stage_ros2//config/rviz/cave.rviz
[0.649s] -- Up-to-date symlink: /home/rafaella/ros2_ws/install/stage_ros2/share/stage_ros2//config/rviz/cave_seven_robots.rviz
[0.650s] -- Up-to-date symlink: /home/rafaella/ros2_ws/install/stage_ros2/share/stage_ros2//config/rviz/cave_three_robots.rviz
[0.652s] -- Up-to-date symlink: /home/rafaella/ros2_ws/install/stage_ros2/share/stage_ros2//config/rviz/lines.rviz
[0.653s] -- Up-to-date symlink: /home/rafaella/ros2_ws/install/stage_ros2/share/stage_ros2//config/rviz/robot0.rviz
[0.655s] -- Up-to-date symlink: /home/rafaella/ros2_ws/install/stage_ros2/share/stage_ros2//config/rviz/robot_ns.rviz
[0.656s] -- Up-to-date symlink: /home/rafaella/ros2_ws/install/stage_ros2/share/stage_ros2//config/rviz/robot_ns_depth.rviz
[0.657s] -- Up-to-date symlink: /home/rafaella/ros2_ws/install/stage_ros2/share/stage_ros2//config/teleop_twist_joy/f710.config.yaml
[0.663s] -- Up-to-date symlink: /home/rafaella/ros2_ws/install/stage_ros2/lib/libstage_node.so
[0.664s] -- Up-to-date symlink: /home/rafaella/ros2_ws/install/stage_ros2/lib/stage_ros2/stage_ros2
[0.666s] -- Up-to-date symlink: /home/rafaella/ros2_ws/install/stage_ros2/share/ament_index/resource_index/package_run_dependencies/stage_ros2
[0.668s] -- Up-to-date symlink: /home/rafaella/ros2_ws/install/stage_ros2/share/ament_index/resource_index/parent_prefix_path/stage_ros2
[0.670s] -- Up-to-date symlink: /home/rafaella/ros2_ws/install/stage_ros2/share/stage_ros2/environment/ament_prefix_path.sh
[0.672s] -- Up-to-date symlink: /home/rafaella/ros2_ws/install/stage_ros2/share/stage_ros2/environment/ament_prefix_path.dsv
[0.673s] -- Up-to-date symlink: /home/rafaella/ros2_ws/install/stage_ros2/share/stage_ros2/environment/path.sh
[0.677s] -- Up-to-date symlink: /home/rafaella/ros2_ws/install/stage_ros2/share/stage_ros2/environment/path.dsv
[0.679s] -- Up-to-date symlink: /home/rafaella/ros2_ws/install/stage_ros2/share/stage_ros2/local_setup.bash
[0.680s] -- Up-to-date symlink: /home/rafaella/ros2_ws/install/stage_ros2/share/stage_ros2/local_setup.sh
[0.682s] -- Up-to-date symlink: /home/rafaella/ros2_ws/install/stage_ros2/share/stage_ros2/local_setup.zsh
[0.684s] -- Up-to-date symlink: /home/rafaella/ros2_ws/install/stage_ros2/share/stage_ros2/local_setup.dsv
[0.689s] -- Symlinking: /home/rafaella/ros2_ws/install/stage_ros2/share/stage_ros2/package.dsv
[0.738s] -- Up-to-date symlink: /home/rafaella/ros2_ws/install/stage_ros2/share/ament_index/resource_index/packages/stage_ros2
[0.741s] -- Up-to-date symlink: /home/rafaella/ros2_ws/install/stage_ros2/share/stage_ros2/cmake/stage_ros2Config.cmake
[0.743s] -- Up-to-date symlink: /home/rafaella/ros2_ws/install/stage_ros2/share/stage_ros2/cmake/stage_ros2Config-version.cmake
[0.745s] -- Up-to-date symlink: /home/rafaella/ros2_ws/install/stage_ros2/share/stage_ros2/package.xml
[0.756s] Invoked command in '/home/rafaella/ros2_ws/build/stage_ros2' returned '0': CMAKE_PREFIX_PATH=/home/rafaella/ros2_ws/install/Stage:/home/rafaella/ros2_ws/install/stage_ros2:/home/rafaella/ros2_ws/install/trab_stage_pkg:/opt/ros/humble:/home/rafaella/ros2_ws/install/stage LD_LIBRARY_PATH=/home/rafaella/ros2_ws/install/Stage/lib:/home/rafaella/ros2_ws/install/stage_ros2/lib:/home/rafaella/ros2_ws/install/stage/lib:/opt/ros/humble/lib/x86_64-linux-gnu:/opt/ros/humble/lib PATH=/home/rafaella/ros2_ws/install/Stage/bin:/home/rafaella/ros2_ws/install/stage/bin:/opt/ros/humble/bin:/usr/local/sbin:/usr/local/bin:/usr/sbin:/usr/bin:/sbin:/bin:/usr/games:/usr/local/games:/snap/bin:/snap/bin /usr/bin/cmake --install /home/rafaella/ros2_ws/build/stage_ros2
